Log file open, 10/14/21 12:59:43
LogWindows: Failed to load 'aqProf.dll' (GetLastError=126)
LogWindows: File 'aqProf.dll' does not exist
LogWindows: Failed to load 'VtuneApi.dll' (GetLastError=126)
LogWindows: File 'VtuneApi.dll' does not exist
LogWindows: Failed to load 'VtuneApi32e.dll' (GetLastError=126)
LogWindows: File 'VtuneApi32e.dll' does not exist
LogConsoleResponse: Display: Failed to find resolution value strings in scalability ini. Falling back to default.
LogConsoleResponse: Display: Failed to find resolution value strings in scalability ini. Falling back to default.
LogPakFile: Display: Found Pak file ../../../usagiMultiBuild/Content/Paks/usagiMultiBuild-WindowsServer.pak attempting to mount.
LogPakFile: Display: Mounting pak file ../../../usagiMultiBuild/Content/Paks/usagiMultiBuild-WindowsServer.pak.
LogPakFile: PakFile PrimaryIndexSize=31066
LogPakFile: PakFile PathHashIndexSize=52075
LogPakFile: PakFile FullDirectoryIndexSize=74432
LogShaderLibrary: Display: ShaderCodeLibraryPakFileMountedCallback: PakFile '../../../usagiMultiBuild/Content/Paks/usagiMultiBuild-WindowsServer.pak' (chunk index -1, root '../../../') mounted
LogShaderLibrary: Display: ShaderCodeLibraryPakFileMountedCallback: pending pak file info (ChunkID:-1 Root:../../../ File:../../../usagiMultiBuild/Content/Paks/usagiMultiBuild-WindowsServer.pak)
LogPakFile: OnPakFileMounted2Time == 0.000047
LogPlatformFile: Not using cached read wrapper
LogTaskGraph: Started task graph with 5 named threads and 9 total threads with 1 sets of task threads.
LogStats: Stats thread started at 0.104885
LogICUInternationalization: ICU TimeZone Detection - Raw Offset: +9:00, Platform Override: ''
LogInit: Display: Loading text-based GConfig....
LogPluginManager: Mounting plugin XRVisualization
LogPluginManager: Mounting plugin ProceduralMeshComponent
LogPluginManager: Mounting plugin VRM4U
LogPluginManager: Mounting plugin LevelSequenceEditor
LogPluginManager: Mounting plugin HDRIBackdrop
LogPluginManager: Mounting plugin Paper2D
LogPluginManager: Mounting plugin AISupport
LogPluginManager: Mounting plugin EnvironmentQueryEditor
LogPluginManager: Mounting plugin LightPropagationVolume
LogPluginManager: Mounting plugin CameraShakePreviewer
LogPluginManager: Mounting plugin GameplayCameras
LogPluginManager: Mounting plugin TemplateSequence
LogPluginManager: Mounting plugin OodleData
LogPluginManager: Mounting plugin OodleNetwork
LogPluginManager: Mounting plugin AnimationSharing
LogPluginManager: Mounting plugin SignificanceManager
LogPluginManager: Mounting plugin PluginUtils
LogPluginManager: Mounting plugin PropertyAccessEditor
LogPluginManager: Mounting plugin UObjectPlugin
LogPluginManager: Mounting plugin AssetManagerEditor
LogPluginManager: Mounting plugin FacialAnimation
LogPluginManager: Mounting plugin GeometryMode
LogPluginManager: Mounting plugin SpeedTreeImporter
LogPluginManager: Mounting plugin DatasmithContent
LogPluginManager: Mounting plugin VariantManagerContent
LogPluginManager: Mounting plugin AlembicImporter
LogPluginManager: Mounting plugin GeometryCache
LogPluginManager: Mounting plugin AutomationUtils
LogPluginManager: Mounting plugin ScreenshotTools
LogPluginManager: Mounting plugin BackChannel
LogPluginManager: Mounting plugin ChaosClothEditor
LogPluginManager: Mounting plugin ChaosCloth
LogPluginManager: Mounting plugin ChaosEditor
LogPluginManager: Mounting plugin PlanarCut
LogPluginManager: Mounting plugin GeometryProcessing
LogPluginManager: Mounting plugin EditableMesh
LogPluginManager: Mounting plugin GeometryCollectionPlugin
LogPluginManager: Mounting plugin ChaosSolverPlugin
LogPluginManager: Mounting plugin ChaosNiagara
LogPluginManager: Mounting plugin Niagara
LogPluginManager: Mounting plugin PythonScriptPlugin
LogPluginManager: Mounting plugin CharacterAI
LogPluginManager: Mounting plugin MotoSynth
LogPluginManager: Mounting plugin OpenImageDenoise
LogPluginManager: Mounting plugin PlatformCrypto
LogPluginManager: Mounting plugin MagicLeapPassableWorld
LogPluginManager: Mounting plugin MagicLeap
LogPluginManager: Mounting plugin MLSDK
LogPluginManager: Mounting plugin MagicLeapLightEstimation
LogPluginManager: Mounting plugin AvfMedia
LogPluginManager: Mounting plugin ImgMedia
LogPluginManager: Mounting plugin MediaCompositing
LogPluginManager: Mounting plugin MeshPainting
LogPluginManager: Mounting plugin TcpMessaging
LogPluginManager: Mounting plugin UdpMessaging
LogPluginManager: Mounting plugin ActorSequence
LogPluginManager: Mounting plugin MatineeToLevelSequence
LogPluginManager: Mounting plugin OnlineSubsystemNull
LogPluginManager: Mounting plugin OnlineSubsystem
LogPluginManager: Mounting plugin OnlineSubsystemUtils
LogPluginManager: Mounting plugin LauncherChunkInstaller
LogPluginManager: Mounting plugin ActorLayerUtilities
LogPluginManager: Mounting plugin AndroidPermission
LogPluginManager: Mounting plugin AppleImageUtils
LogPluginManager: Mounting plugin ArchVisCharacter
LogPluginManager: Mounting plugin AssetTags
LogPluginManager: Mounting plugin AudioCapture
LogPluginManager: Mounting plugin CableComponent
LogPluginManager: Mounting plugin ChunkDownloader
LogPluginManager: Mounting plugin CustomMeshComponent
LogPluginManager: Mounting plugin ExampleDeviceProfileSelector
LogPluginManager: Mounting plugin GooglePAD
LogPluginManager: Mounting plugin LocationServicesBPLibrary
LogPluginManager: Mounting plugin MobilePatchingUtils
LogPluginManager: Mounting plugin OculusVR
LogPluginManager: Mounting plugin OpenXREyeTracker
LogPluginManager: Mounting plugin OpenXR
LogPluginManager: Mounting plugin OpenXRHandTracking
LogPluginManager: Mounting plugin LiveLink
LogPluginManager: Mounting plugin Takes
LogPluginManager: Mounting plugin PhysXVehicles
LogPluginManager: Mounting plugin RuntimePhysXCooking
LogPluginManager: Mounting plugin SoundFields
LogPluginManager: Mounting plugin SteamVR
LogPluginManager: Mounting plugin Synthesis
LogPluginManager: Mounting plugin AudioSynesthesia
LogPluginManager: Mounting plugin WindowsMoviePlayer
LogLuminAPIImpl: Warning: MLSDK not found.  This likely means the MLSDK environment variable is not set.
LogInit: Using libcurl 7.55.1-DEV
LogInit:  - built for x86_64-pc-win32
LogInit:  - supports SSL with OpenSSL/1.1.1
LogInit:  - supports HTTP deflate (compression) using libz 1.2.8
LogInit:  - other features:
LogInit:      CURL_VERSION_SSL
LogInit:      CURL_VERSION_LIBZ
LogInit:      CURL_VERSION_IPV6
LogInit:      CURL_VERSION_ASYNCHDNS
LogInit:      CURL_VERSION_LARGEFILE
LogInit:      CURL_VERSION_IDN
LogInit:  CurlRequestOptions (configurable via config and command line):
LogInit:  - bVerifyPeer = true  - Libcurl will verify peer certificate
LogInit:  - bUseHttpProxy = false  - Libcurl will NOT use HTTP proxy
LogInit:  - bDontReuseConnections = false  - Libcurl will reuse connections
LogInit:  - MaxHostConnections = 16  - Libcurl will limit the number of connections to a host
LogInit:  - LocalHostAddr = Default
LogInit:  - BufferSize = 65536
LogOnline: OSS: Creating online subsystem instance for: NULL
LogInit: WinSock: version 1.1 (2.2), MaxSocks=32767, MaxUdp=65467
LogOnline: OSS: TryLoadSubsystemAndSetDefault: Loaded subsystem for module [NULL]
LogInit: Build: ++UE4+Release-4.27-CL-0
LogInit: Engine Version: 4.27.0-0+++UE4+Release-4.27
LogInit: Compatible Engine Version: 4.27.0-0+++UE4+Release-4.27
LogInit: Net CL: 0
LogInit: OS: Windows 10 (Release 2009) (), CPU: AMD Ryzen 7 3700X 8-Core Processor             , GPU: NVIDIA GeForce GTX 1660 Ti
LogInit: Compiled (64-bit): Oct  7 2021 16:09:59
LogInit: Compiled with Visual C++: 19.29.30136.00
LogInit: Build Configuration: Development
LogInit: Branch Name: ++UE4+Release-4.27
LogInit: Command Line:  -log
LogInit: Base Directory: D:/z_record/unreal/usagiMultiBuild/WindowsServer/usagiMultiBuild/Binaries/Win64/
LogInit: Allocator: binned2
LogInit: Installed Engine Build: 0
LogDevObjectVersion: Number of dev versions registered: 29
LogDevObjectVersion:   Dev-Blueprints (B0D832E4-1F89-4F0D-ACCF-7EB736FD4AA2): 10
LogDevObjectVersion:   Dev-Build (E1C64328-A22C-4D53-A36C-8E866417BD8C): 0
LogDevObjectVersion:   Dev-Core (375EC13C-06E4-48FB-B500-84F0262A717E): 4
LogDevObjectVersion:   Dev-Editor (E4B068ED-F494-42E9-A231-DA0B2E46BB41): 40
LogDevObjectVersion:   Dev-Framework (CFFC743F-43B0-4480-9391-14DF171D2073): 37
LogDevObjectVersion:   Dev-Mobile (B02B49B5-BB20-44E9-A304-32B752E40360): 3
LogDevObjectVersion:   Dev-Networking (A4E4105C-59A1-49B5-A7C5-40C4547EDFEE): 0
LogDevObjectVersion:   Dev-Online (39C831C9-5AE6-47DC-9A44-9C173E1C8E7C): 0
LogDevObjectVersion:   Dev-Physics (78F01B33-EBEA-4F98-B9B4-84EACCB95AA2): 14
LogDevObjectVersion:   Dev-Platform (6631380F-2D4D-43E0-8009-CF276956A95A): 0
LogDevObjectVersion:   Dev-Rendering (12F88B9F-8875-4AFC-A67C-D90C383ABD29): 45
LogDevObjectVersion:   Dev-Sequencer (7B5AE74C-D270-4C10-A958-57980B212A5A): 13
LogDevObjectVersion:   Dev-VR (D7296918-1DD6-4BDD-9DE2-64A83CC13884): 3
LogDevObjectVersion:   Dev-LoadTimes (C2A15278-BFE7-4AFE-6C17-90FF531DF755): 1
LogDevObjectVersion:   Private-Geometry (6EACA3D4-40EC-4CC1-B786-8BED09428FC5): 3
LogDevObjectVersion:   Dev-AnimPhys (29E575DD-E0A3-4627-9D10-D276232CDCEA): 17
LogDevObjectVersion:   Dev-Anim (AF43A65D-7FD3-4947-9873-3E8ED9C1BB05): 15
LogDevObjectVersion:   Dev-ReflectionCapture (6B266CEC-1EC7-4B8F-A30B-E4D90942FC07): 1
LogDevObjectVersion:   Dev-Automation (0DF73D61-A23F-47EA-B727-89E90C41499A): 1
LogDevObjectVersion:   FortniteMain (601D1886-AC64-4F84-AA16-D3DE0DEAC7D6): 47
LogDevObjectVersion:   FortniteRelease (E7086368-6B23-4C58-8439-1B7016265E91): 1
LogDevObjectVersion:   Dev-Enterprise (9DFFBCD6-494F-0158-E221-12823C92A888): 10
LogDevObjectVersion:   Dev-Niagara (F2AED0AC-9AFE-416F-8664-AA7FFA26D6FC): 1
LogDevObjectVersion:   Dev-Destruction (174F1F0B-B4C6-45A5-B13F-2EE8D0FB917D): 10
LogDevObjectVersion:   Dev-Physics-Ext (35F94A83-E258-406C-A318-09F59610247C): 41
LogDevObjectVersion:   Dev-PhysicsMaterial-Chaos (B68FC16E-8B1B-42E2-B453-215C058844FE): 1
LogDevObjectVersion:   Dev-CineCamera (B2E18506-4273-CFC2-A54E-F4BB758BBA07): 1
LogDevObjectVersion:   Dev-VirtualProduction (64F58936-FD1B-42BA-BA96-7289D5D0FA4E): 1
LogDevObjectVersion:   Dev-MediaFramework (6F0ED827-A609-4895-9C91-998D90180EA4): 2
LogInit: Presizing for max 2097152 objects, including 1 objects not considered by GC, pre-allocating 0 bytes for permanent pool.
LogConfig: Applying CVar settings from Section [/Script/Engine.StreamingSettings] File [../../../usagiMultiBuild/Saved/Config/WindowsServer/Engine.ini]
LogConfig: Setting CVar [[s.MinBulkDataSizeForAsyncLoading:131072]]
LogConfig: Setting CVar [[s.AsyncLoadingThreadEnabled:0]]
LogConfig: Setting CVar [[s.EventDrivenLoaderEnabled:1]]
LogConfig: Setting CVar [[s.WarnIfTimeLimitExceeded:0]]
LogConfig: Setting CVar [[s.TimeLimitExceededMultiplier:1.5]]
LogConfig: Setting CVar [[s.TimeLimitExceededMinTime:0.005]]
LogConfig: Setting CVar [[s.UseBackgroundLevelStreaming:1]]
LogConfig: Setting CVar [[s.PriorityAsyncLoadingExtraTime:15.0]]
LogConfig: Setting CVar [[s.LevelStreamingActorsUpdateTimeLimit:5.0]]
LogConfig: Setting CVar [[s.PriorityLevelStreamingActorsUpdateExtraTime:5.0]]
LogConfig: Setting CVar [[s.LevelStreamingComponentsRegistrationGranularity:10]]
LogConfig: Setting CVar [[s.UnregisterComponentsTimeLimit:1.0]]
LogConfig: Setting CVar [[s.LevelStreamingComponentsUnregistrationGranularity:5]]
LogConfig: Setting CVar [[s.FlushStreamingOnExit:1]]
LogStreaming: Display: Async Loading initialized: Event Driven Loader: true, Async Loading Thread: false, Async Post Load: false
LogInit: Object subsystem initialized
LogConfig: Setting CVar [[con.DebugEarlyDefault:1]]
LogConfig: Setting CVar [[r.setres:1280x720]]
LogConfig: Setting CVar [[fx.NiagaraAllowRuntimeScalabilityChanges:1]]
[2021.10.14-03.59.44:665][  0]LogConfig: Setting CVar [[con.DebugEarlyDefault:1]]
[2021.10.14-03.59.44:665][  0]LogConfig: Setting CVar [[r.setres:1280x720]]
[2021.10.14-03.59.44:666][  0]LogConfig: Setting CVar [[fx.NiagaraAllowRuntimeScalabilityChanges:1]]
[2021.10.14-03.59.44:666][  0]LogConfig: Applying CVar settings from Section [/Script/Engine.RendererSettings] File [../../../usagiMultiBuild/Saved/Config/WindowsServer/Engine.ini]
[2021.10.14-03.59.44:667][  0]LogConfig: Setting CVar [[r.GPUCrashDebugging:0]]
[2021.10.14-03.59.44:668][  0]LogConfig: Applying CVar settings from Section [/Script/Engine.RendererOverrideSettings] File [../../../usagiMultiBuild/Saved/Config/WindowsServer/Engine.ini]
[2021.10.14-03.59.44:669][  0]LogConfig: Applying CVar settings from Section [/Script/Engine.StreamingSettings] File [../../../usagiMultiBuild/Saved/Config/WindowsServer/Engine.ini]
[2021.10.14-03.59.44:669][  0]LogConfig: Setting CVar [[s.MinBulkDataSizeForAsyncLoading:131072]]
[2021.10.14-03.59.44:670][  0]LogConfig: Setting CVar [[s.AsyncLoadingThreadEnabled:0]]
[2021.10.14-03.59.44:670][  0]LogConfig: Setting CVar [[s.EventDrivenLoaderEnabled:1]]
[2021.10.14-03.59.44:671][  0]LogConfig: Setting CVar [[s.WarnIfTimeLimitExceeded:0]]
[2021.10.14-03.59.44:671][  0]LogConfig: Setting CVar [[s.TimeLimitExceededMultiplier:1.5]]
[2021.10.14-03.59.44:672][  0]LogConfig: Setting CVar [[s.TimeLimitExceededMinTime:0.005]]
[2021.10.14-03.59.44:672][  0]LogConfig: Setting CVar [[s.UseBackgroundLevelStreaming:1]]
[2021.10.14-03.59.44:672][  0]LogConfig: Setting CVar [[s.PriorityAsyncLoadingExtraTime:15.0]]
[2021.10.14-03.59.44:673][  0]LogConfig: Setting CVar [[s.LevelStreamingActorsUpdateTimeLimit:5.0]]
[2021.10.14-03.59.44:673][  0]LogConfig: Setting CVar [[s.PriorityLevelStreamingActorsUpdateExtraTime:5.0]]
[2021.10.14-03.59.44:674][  0]LogConfig: Setting CVar [[s.LevelStreamingComponentsRegistrationGranularity:10]]
[2021.10.14-03.59.44:674][  0]LogConfig: Setting CVar [[s.UnregisterComponentsTimeLimit:1.0]]
[2021.10.14-03.59.44:675][  0]LogConfig: Setting CVar [[s.LevelStreamingComponentsUnregistrationGranularity:5]]
[2021.10.14-03.59.44:677][  0]LogConfig: Setting CVar [[s.FlushStreamingOnExit:1]]
[2021.10.14-03.59.44:677][  0]LogConfig: Applying CVar settings from Section [/Script/Engine.GarbageCollectionSettings] File [../../../usagiMultiBuild/Saved/Config/WindowsServer/Engine.ini]
[2021.10.14-03.59.44:678][  0]LogConfig: Setting CVar [[gc.MaxObjectsNotConsideredByGC:1]]
[2021.10.14-03.59.44:678][  0]LogConfig: Setting CVar [[gc.SizeOfPermanentObjectPool:0]]
[2021.10.14-03.59.44:679][  0]LogConfig: Setting CVar [[gc.FlushStreamingOnGC:0]]
[2021.10.14-03.59.44:679][  0]LogConfig: Setting CVar [[gc.NumRetriesBeforeForcingGC:10]]
[2021.10.14-03.59.44:680][  0]LogConfig: Setting CVar [[gc.AllowParallelGC:1]]
[2021.10.14-03.59.44:680][  0]LogConfig: Setting CVar [[gc.TimeBetweenPurgingPendingKillObjects:61.1]]
[2021.10.14-03.59.44:680][  0]LogConfig: Setting CVar [[gc.MaxObjectsInEditor:25165824]]
[2021.10.14-03.59.44:681][  0]LogConfig: Setting CVar [[gc.IncrementalBeginDestroyEnabled:1]]
[2021.10.14-03.59.44:681][  0]LogConfig: Setting CVar [[gc.CreateGCClusters:1]]
[2021.10.14-03.59.44:682][  0]LogConfig: Setting CVar [[gc.MinGCClusterSize:5]]
[2021.10.14-03.59.44:682][  0]LogConfig: Setting CVar [[gc.ActorClusteringEnabled:0]]
[2021.10.14-03.59.44:683][  0]LogConfig: Setting CVar [[gc.BlueprintClusteringEnabled:0]]
[2021.10.14-03.59.44:683][  0]LogConfig: Setting CVar [[gc.UseDisregardForGCOnDedicatedServers:0]]
[2021.10.14-03.59.44:684][  0]LogConfig: Setting CVar [[gc.MultithreadedDestructionEnabled:1]]
[2021.10.14-03.59.44:684][  0]LogConfig: Applying CVar settings from Section [/Script/Engine.NetworkSettings] File [../../../usagiMultiBuild/Saved/Config/WindowsServer/Engine.ini]
[2021.10.14-03.59.44:684][  0]LogConfig: Applying CVar settings from Section [ViewDistanceQuality@3] File [../../../usagiMultiBuild/Saved/Config/WindowsServer/Scalability.ini]
[2021.10.14-03.59.44:686][  0]LogConfig: Setting CVar [[r.SkeletalMeshLODBias:0]]
[2021.10.14-03.59.44:686][  0]LogConfig: Setting CVar [[r.ViewDistanceScale:1.0]]
[2021.10.14-03.59.44:687][  0]LogConfig: Applying CVar settings from Section [AntiAliasingQuality@3] File [../../../usagiMultiBuild/Saved/Config/WindowsServer/Scalability.ini]
[2021.10.14-03.59.44:687][  0]LogConfig: Setting CVar [[r.PostProcessAAQuality:4]]
[2021.10.14-03.59.44:688][  0]LogConfig: Applying CVar settings from Section [ShadowQuality@3] File [../../../usagiMultiBuild/Saved/Config/WindowsServer/Scalability.ini]
[2021.10.14-03.59.44:689][  0]LogConfig: Setting CVar [[r.LightFunctionQuality:1]]
[2021.10.14-03.59.44:689][  0]LogConfig: Setting CVar [[r.ShadowQuality:5]]
[2021.10.14-03.59.44:690][  0]LogConfig: Setting CVar [[r.Shadow.CSM.MaxCascades:10]]
[2021.10.14-03.59.44:690][  0]LogConfig: Setting CVar [[r.Shadow.MaxResolution:2048]]
[2021.10.14-03.59.44:690][  0]LogConfig: Setting CVar [[r.Shadow.MaxCSMResolution:2048]]
[2021.10.14-03.59.44:691][  0]LogConfig: Setting CVar [[r.Shadow.RadiusThreshold:0.01]]
[2021.10.14-03.59.44:692][  0]LogConfig: Setting CVar [[r.Shadow.DistanceScale:1.0]]
[2021.10.14-03.59.44:693][  0]LogConfig: Setting CVar [[r.Shadow.CSM.TransitionScale:1.0]]
[2021.10.14-03.59.44:693][  0]LogConfig: Setting CVar [[r.Shadow.PreShadowResolutionFactor:1.0]]
[2021.10.14-03.59.44:694][  0]LogConfig: Setting CVar [[r.DistanceFieldShadowing:1]]
[2021.10.14-03.59.44:694][  0]LogConfig: Setting CVar [[r.DistanceFieldAO:1]]
[2021.10.14-03.59.44:695][  0]LogConfig: Setting CVar [[r.AOQuality:2]]
[2021.10.14-03.59.44:695][  0]LogConfig: Setting CVar [[r.VolumetricFog:1]]
[2021.10.14-03.59.44:696][  0]LogConfig: Setting CVar [[r.VolumetricFog.GridPixelSize:8]]
[2021.10.14-03.59.44:696][  0]LogConfig: Setting CVar [[r.VolumetricFog.GridSizeZ:128]]
[2021.10.14-03.59.44:696][  0]LogConfig: Setting CVar [[r.VolumetricFog.HistoryMissSupersampleCount:4]]
[2021.10.14-03.59.44:697][  0]LogConfig: Setting CVar [[r.LightMaxDrawDistanceScale:1]]
[2021.10.14-03.59.44:697][  0]LogConfig: Setting CVar [[r.CapsuleShadows:1]]
[2021.10.14-03.59.44:698][  0]LogConfig: Applying CVar settings from Section [PostProcessQuality@3] File [../../../usagiMultiBuild/Saved/Config/WindowsServer/Scalability.ini]
[2021.10.14-03.59.44:698][  0]LogConfig: Setting CVar [[r.MotionBlurQuality:4]]
[2021.10.14-03.59.44:699][  0]LogConfig: Setting CVar [[r.AmbientOcclusionMipLevelFactor:0.4]]
[2021.10.14-03.59.44:699][  0]LogConfig: Setting CVar [[r.AmbientOcclusionMaxQuality:100]]
[2021.10.14-03.59.44:700][  0]LogConfig: Setting CVar [[r.AmbientOcclusionLevels:-1]]
[2021.10.14-03.59.44:700][  0]LogConfig: Setting CVar [[r.AmbientOcclusionRadiusScale:1.0]]
[2021.10.14-03.59.44:701][  0]LogConfig: Setting CVar [[r.DepthOfFieldQuality:2]]
[2021.10.14-03.59.44:701][  0]LogConfig: Setting CVar [[r.RenderTargetPoolMin:400]]
[2021.10.14-03.59.44:702][  0]LogConfig: Setting CVar [[r.LensFlareQuality:2]]
[2021.10.14-03.59.44:702][  0]LogConfig: Setting CVar [[r.SceneColorFringeQuality:1]]
[2021.10.14-03.59.44:702][  0]LogConfig: Setting CVar [[r.EyeAdaptationQuality:2]]
[2021.10.14-03.59.44:703][  0]LogConfig: Setting CVar [[r.BloomQuality:5]]
[2021.10.14-03.59.44:703][  0]LogConfig: Setting CVar [[r.FastBlurThreshold:100]]
[2021.10.14-03.59.44:704][  0]LogConfig: Setting CVar [[r.Upscale.Quality:3]]
[2021.10.14-03.59.44:704][  0]LogConfig: Setting CVar [[r.Tonemapper.GrainQuantization:1]]
[2021.10.14-03.59.44:705][  0]LogConfig: Setting CVar [[r.LightShaftQuality:1]]
[2021.10.14-03.59.44:705][  0]LogConfig: Setting CVar [[r.Filter.SizeScale:1]]
[2021.10.14-03.59.44:706][  0]LogConfig: Setting CVar [[r.Tonemapper.Quality:5]]
[2021.10.14-03.59.44:706][  0]LogConfig: Setting CVar [[r.DOF.Gather.AccumulatorQuality:1        ; higher gathering accumulator quality]]
[2021.10.14-03.59.44:707][  0]LogConfig: Setting CVar [[r.DOF.Gather.PostfilterMethod:1          ; Median3x3 postfilering method]]
[2021.10.14-03.59.44:708][  0]LogConfig: Setting CVar [[r.DOF.Gather.EnableBokehSettings:0       ; no bokeh simulation when gathering]]
[2021.10.14-03.59.44:709][  0]LogConfig: Setting CVar [[r.DOF.Gather.RingCount:4                 ; medium number of samples when gathering]]
[2021.10.14-03.59.44:709][  0]LogConfig: Setting CVar [[r.DOF.Scatter.ForegroundCompositing:1    ; additive foreground scattering]]
[2021.10.14-03.59.44:710][  0]LogConfig: Setting CVar [[r.DOF.Scatter.BackgroundCompositing:2    ; additive background scattering]]
[2021.10.14-03.59.44:710][  0]LogConfig: Setting CVar [[r.DOF.Scatter.EnableBokehSettings:1      ; bokeh simulation when scattering]]
[2021.10.14-03.59.44:710][  0]LogConfig: Setting CVar [[r.DOF.Scatter.MaxSpriteRatio:0.1         ; only a maximum of 10% of scattered bokeh]]
[2021.10.14-03.59.44:711][  0]LogConfig: Setting CVar [[r.DOF.Recombine.Quality:1                ; cheap slight out of focus]]
[2021.10.14-03.59.44:711][  0]LogConfig: Setting CVar [[r.DOF.Recombine.EnableBokehSettings:0    ; no bokeh simulation on slight out of focus]]
[2021.10.14-03.59.44:712][  0]LogConfig: Setting CVar [[r.DOF.TemporalAAQuality:1                ; more stable temporal accumulation]]
[2021.10.14-03.59.44:712][  0]LogConfig: Setting CVar [[r.DOF.Kernel.MaxForegroundRadius:0.025]]
[2021.10.14-03.59.44:713][  0]LogConfig: Setting CVar [[r.DOF.Kernel.MaxBackgroundRadius:0.025]]
[2021.10.14-03.59.44:713][  0]LogConfig: Applying CVar settings from Section [TextureQuality@3] File [../../../usagiMultiBuild/Saved/Config/WindowsServer/Scalability.ini]
[2021.10.14-03.59.44:714][  0]LogConfig: Setting CVar [[r.Streaming.MipBias:0]]
[2021.10.14-03.59.44:714][  0]LogConfig: Setting CVar [[r.Streaming.AmortizeCPUToGPUCopy:0]]
[2021.10.14-03.59.44:715][  0]LogConfig: Setting CVar [[r.Streaming.MaxNumTexturesToStreamPerFrame:0]]
[2021.10.14-03.59.44:716][  0]LogConfig: Setting CVar [[r.Streaming.Boost:1]]
[2021.10.14-03.59.44:716][  0]LogConfig: Setting CVar [[r.MaxAnisotropy:8]]
[2021.10.14-03.59.44:717][  0]LogConfig: Setting CVar [[r.VT.MaxAnisotropy:8]]
[2021.10.14-03.59.44:717][  0]LogConfig: Setting CVar [[r.Streaming.LimitPoolSizeToVRAM:0]]
[2021.10.14-03.59.44:718][  0]LogConfig: Setting CVar [[r.Streaming.PoolSize:1000]]
[2021.10.14-03.59.44:718][  0]LogConfig: Setting CVar [[r.Streaming.MaxEffectiveScreenSize:0]]
[2021.10.14-03.59.44:718][  0]LogConfig: Applying CVar settings from Section [EffectsQuality@3] File [../../../usagiMultiBuild/Saved/Config/WindowsServer/Scalability.ini]
[2021.10.14-03.59.44:719][  0]LogConfig: Setting CVar [[r.TranslucencyLightingVolumeDim:64]]
[2021.10.14-03.59.44:719][  0]LogConfig: Setting CVar [[r.RefractionQuality:2]]
[2021.10.14-03.59.44:720][  0]LogConfig: Setting CVar [[r.SSR.Quality:3]]
[2021.10.14-03.59.44:720][  0]LogConfig: Setting CVar [[r.SSR.HalfResSceneColor:0]]
[2021.10.14-03.59.44:721][  0]LogConfig: Setting CVar [[r.SceneColorFormat:4]]
[2021.10.14-03.59.44:721][  0]LogConfig: Setting CVar [[r.DetailMode:2]]
[2021.10.14-03.59.44:722][  0]LogConfig: Setting CVar [[r.TranslucencyVolumeBlur:1]]
[2021.10.14-03.59.44:722][  0]LogConfig: Setting CVar [[r.MaterialQualityLevel:1 ; High quality]]
[2021.10.14-03.59.44:723][  0]LogConfig: Setting CVar [[r.AnisotropicMaterials:1]]
[2021.10.14-03.59.44:724][  0]LogConfig: Setting CVar [[r.SSS.Scale:1]]
[2021.10.14-03.59.44:725][  0]LogConfig: Setting CVar [[r.SSS.SampleSet:2]]
[2021.10.14-03.59.44:725][  0]LogConfig: Setting CVar [[r.SSS.Quality:1]]
[2021.10.14-03.59.44:726][  0]LogConfig: Setting CVar [[r.SSS.HalfRes:0]]
[2021.10.14-03.59.44:726][  0]LogConfig: Setting CVar [[r.SSGI.Quality:3]]
[2021.10.14-03.59.44:727][  0]LogConfig: Setting CVar [[r.EmitterSpawnRateScale:1.0]]
[2021.10.14-03.59.44:727][  0]LogConfig: Setting CVar [[r.ParticleLightQuality:2]]
[2021.10.14-03.59.44:728][  0]LogConfig: Setting CVar [[r.SkyAtmosphere.AerialPerspectiveLUT.FastApplyOnOpaque:1 ; Always have FastSkyLUT 1 in this case to avoid wrong sky]]
[2021.10.14-03.59.44:728][  0]LogConfig: Setting CVar [[r.SkyAtmosphere.AerialPerspectiveLUT.SampleCountMaxPerSlice:4]]
[2021.10.14-03.59.44:729][  0]LogConfig: Setting CVar [[r.SkyAtmosphere.AerialPerspectiveLUT.DepthResolution:16.0]]
[2021.10.14-03.59.44:729][  0]LogConfig: Setting CVar [[r.SkyAtmosphere.FastSkyLUT:1]]
[2021.10.14-03.59.44:730][  0]LogConfig: Setting CVar [[r.SkyAtmosphere.FastSkyLUT.SampleCountMin:4.0]]
[2021.10.14-03.59.44:730][  0]LogConfig: Setting CVar [[r.SkyAtmosphere.FastSkyLUT.SampleCountMax:128.0]]
[2021.10.14-03.59.44:730][  0]LogConfig: Setting CVar [[r.SkyAtmosphere.SampleCountMin:4.0]]
[2021.10.14-03.59.44:731][  0]LogConfig: Setting CVar [[r.SkyAtmosphere.SampleCountMax:128.0]]
[2021.10.14-03.59.44:731][  0]LogConfig: Setting CVar [[r.SkyAtmosphere.TransmittanceLUT.UseSmallFormat:0]]
[2021.10.14-03.59.44:732][  0]LogConfig: Setting CVar [[r.SkyAtmosphere.TransmittanceLUT.SampleCount:10.0]]
[2021.10.14-03.59.44:732][  0]LogConfig: Setting CVar [[r.SkyAtmosphere.MultiScatteringLUT.SampleCount:15.0]]
[2021.10.14-03.59.44:733][  0]LogConfig: Setting CVar [[r.SkyLight.RealTimeReflectionCapture:1]]
[2021.10.14-03.59.44:733][  0]LogConfig: Setting CVar [[fx.Niagara.QualityLevel:3]]
[2021.10.14-03.59.44:734][  0]LogConfig: Applying CVar settings from Section [FoliageQuality@3] File [../../../usagiMultiBuild/Saved/Config/WindowsServer/Scalability.ini]
[2021.10.14-03.59.44:734][  0]LogConfig: Setting CVar [[foliage.DensityScale:1.0]]
[2021.10.14-03.59.44:735][  0]LogConfig: Setting CVar [[grass.DensityScale:1.0]]
[2021.10.14-03.59.44:735][  0]LogConfig: Applying CVar settings from Section [ShadingQuality@3] File [../../../usagiMultiBuild/Saved/Config/WindowsServer/Scalability.ini]
[2021.10.14-03.59.44:736][  0]LogConfig: Setting CVar [[r.HairStrands.SkyLighting.IntegrationType:2]]
[2021.10.14-03.59.44:736][  0]LogConfig: Setting CVar [[r.HairStrands.SkyAO.SampleCount:4]]
[2021.10.14-03.59.44:737][  0]LogConfig: Setting CVar [[r.HairStrands.Visibility.MSAA.SamplePerPixel:4]]
[2021.10.14-03.59.44:737][  0]LogInit: Selected Device Profile: [WindowsServer]
[2021.10.14-03.59.44:738][  0]LogInit: Applying CVar settings loaded from the selected device profile: [WindowsServer]
[2021.10.14-03.59.44:738][  0]LogHAL: Display: Platform has ~ 32 GB [34294329344 / 34359738368 / 32], which maps to Largest [LargestMinGB=32, LargerMinGB=12, DefaultMinGB=8, SmallerMinGB=6, SmallestMinGB=0)
[2021.10.14-03.59.44:739][  0]LogInit: Going up to parent DeviceProfile [Windows]
[2021.10.14-03.59.44:740][  0]LogInit: Going up to parent DeviceProfile []
[2021.10.14-03.59.44:741][  0]LogConfig: Applying CVar settings from Section [ViewDistanceQuality@3] File [../../../usagiMultiBuild/Saved/Config/WindowsServer/Scalability.ini]
[2021.10.14-03.59.44:741][  0]LogConfig: Setting CVar [[r.SkeletalMeshLODBias:0]]
[2021.10.14-03.59.44:742][  0]LogConfig: Setting CVar [[r.ViewDistanceScale:1.0]]
[2021.10.14-03.59.44:742][  0]LogConfig: Applying CVar settings from Section [AntiAliasingQuality@3] File [../../../usagiMultiBuild/Saved/Config/WindowsServer/Scalability.ini]
[2021.10.14-03.59.44:743][  0]LogConfig: Setting CVar [[r.PostProcessAAQuality:4]]
[2021.10.14-03.59.44:743][  0]LogConfig: Applying CVar settings from Section [ShadowQuality@3] File [../../../usagiMultiBuild/Saved/Config/WindowsServer/Scalability.ini]
[2021.10.14-03.59.44:744][  0]LogConfig: Setting CVar [[r.LightFunctionQuality:1]]
[2021.10.14-03.59.44:744][  0]LogConfig: Setting CVar [[r.ShadowQuality:5]]
[2021.10.14-03.59.44:744][  0]LogConfig: Setting CVar [[r.Shadow.CSM.MaxCascades:10]]
[2021.10.14-03.59.44:745][  0]LogConfig: Setting CVar [[r.Shadow.MaxResolution:2048]]
[2021.10.14-03.59.44:745][  0]LogConfig: Setting CVar [[r.Shadow.MaxCSMResolution:2048]]
[2021.10.14-03.59.44:746][  0]LogConfig: Setting CVar [[r.Shadow.RadiusThreshold:0.01]]
[2021.10.14-03.59.44:746][  0]LogConfig: Setting CVar [[r.Shadow.DistanceScale:1.0]]
[2021.10.14-03.59.44:747][  0]LogConfig: Setting CVar [[r.Shadow.CSM.TransitionScale:1.0]]
[2021.10.14-03.59.44:747][  0]LogConfig: Setting CVar [[r.Shadow.PreShadowResolutionFactor:1.0]]
[2021.10.14-03.59.44:748][  0]LogConfig: Setting CVar [[r.DistanceFieldShadowing:1]]
[2021.10.14-03.59.44:748][  0]LogConfig: Setting CVar [[r.DistanceFieldAO:1]]
[2021.10.14-03.59.44:749][  0]LogConfig: Setting CVar [[r.AOQuality:2]]
[2021.10.14-03.59.44:749][  0]LogConfig: Setting CVar [[r.VolumetricFog:1]]
[2021.10.14-03.59.44:749][  0]LogConfig: Setting CVar [[r.VolumetricFog.GridPixelSize:8]]
[2021.10.14-03.59.44:750][  0]LogConfig: Setting CVar [[r.VolumetricFog.GridSizeZ:128]]
[2021.10.14-03.59.44:750][  0]LogConfig: Setting CVar [[r.VolumetricFog.HistoryMissSupersampleCount:4]]
[2021.10.14-03.59.44:751][  0]LogConfig: Setting CVar [[r.LightMaxDrawDistanceScale:1]]
[2021.10.14-03.59.44:751][  0]LogConfig: Setting CVar [[r.CapsuleShadows:1]]
[2021.10.14-03.59.44:752][  0]LogConfig: Applying CVar settings from Section [PostProcessQuality@3] File [../../../usagiMultiBuild/Saved/Config/WindowsServer/Scalability.ini]
[2021.10.14-03.59.44:752][  0]LogConfig: Setting CVar [[r.MotionBlurQuality:4]]
[2021.10.14-03.59.44:753][  0]LogConfig: Setting CVar [[r.AmbientOcclusionMipLevelFactor:0.4]]
[2021.10.14-03.59.44:753][  0]LogConfig: Setting CVar [[r.AmbientOcclusionMaxQuality:100]]
[2021.10.14-03.59.44:754][  0]LogConfig: Setting CVar [[r.AmbientOcclusionLevels:-1]]
[2021.10.14-03.59.44:754][  0]LogConfig: Setting CVar [[r.AmbientOcclusionRadiusScale:1.0]]
[2021.10.14-03.59.44:755][  0]LogConfig: Setting CVar [[r.DepthOfFieldQuality:2]]
[2021.10.14-03.59.44:756][  0]LogConfig: Setting CVar [[r.RenderTargetPoolMin:400]]
[2021.10.14-03.59.44:757][  0]LogConfig: Setting CVar [[r.LensFlareQuality:2]]
[2021.10.14-03.59.44:757][  0]LogConfig: Setting CVar [[r.SceneColorFringeQuality:1]]
[2021.10.14-03.59.44:757][  0]LogConfig: Setting CVar [[r.EyeAdaptationQuality:2]]
[2021.10.14-03.59.44:758][  0]LogConfig: Setting CVar [[r.BloomQuality:5]]
[2021.10.14-03.59.44:758][  0]LogConfig: Setting CVar [[r.FastBlurThreshold:100]]
[2021.10.14-03.59.44:759][  0]LogConfig: Setting CVar [[r.Upscale.Quality:3]]
[2021.10.14-03.59.44:759][  0]LogConfig: Setting CVar [[r.Tonemapper.GrainQuantization:1]]
[2021.10.14-03.59.44:760][  0]LogConfig: Setting CVar [[r.LightShaftQuality:1]]
[2021.10.14-03.59.44:760][  0]LogConfig: Setting CVar [[r.Filter.SizeScale:1]]
[2021.10.14-03.59.44:761][  0]LogConfig: Setting CVar [[r.Tonemapper.Quality:5]]
[2021.10.14-03.59.44:761][  0]LogConfig: Setting CVar [[r.DOF.Gather.AccumulatorQuality:1        ; higher gathering accumulator quality]]
[2021.10.14-03.59.44:761][  0]LogConfig: Setting CVar [[r.DOF.Gather.PostfilterMethod:1          ; Median3x3 postfilering method]]
[2021.10.14-03.59.44:762][  0]LogConfig: Setting CVar [[r.DOF.Gather.EnableBokehSettings:0       ; no bokeh simulation when gathering]]
[2021.10.14-03.59.44:762][  0]LogConfig: Setting CVar [[r.DOF.Gather.RingCount:4                 ; medium number of samples when gathering]]
[2021.10.14-03.59.44:763][  0]LogConfig: Setting CVar [[r.DOF.Scatter.ForegroundCompositing:1    ; additive foreground scattering]]
[2021.10.14-03.59.44:763][  0]LogConfig: Setting CVar [[r.DOF.Scatter.BackgroundCompositing:2    ; additive background scattering]]
[2021.10.14-03.59.44:764][  0]LogConfig: Setting CVar [[r.DOF.Scatter.EnableBokehSettings:1      ; bokeh simulation when scattering]]
[2021.10.14-03.59.44:765][  0]LogConfig: Setting CVar [[r.DOF.Scatter.MaxSpriteRatio:0.1         ; only a maximum of 10% of scattered bokeh]]
[2021.10.14-03.59.44:765][  0]LogConfig: Setting CVar [[r.DOF.Recombine.Quality:1                ; cheap slight out of focus]]
[2021.10.14-03.59.44:765][  0]LogConfig: Setting CVar [[r.DOF.Recombine.EnableBokehSettings:0    ; no bokeh simulation on slight out of focus]]
[2021.10.14-03.59.44:766][  0]LogConfig: Setting CVar [[r.DOF.TemporalAAQuality:1                ; more stable temporal accumulation]]
[2021.10.14-03.59.44:766][  0]LogConfig: Setting CVar [[r.DOF.Kernel.MaxForegroundRadius:0.025]]
[2021.10.14-03.59.44:767][  0]LogConfig: Setting CVar [[r.DOF.Kernel.MaxBackgroundRadius:0.025]]
[2021.10.14-03.59.44:767][  0]LogConfig: Applying CVar settings from Section [TextureQuality@3] File [../../../usagiMultiBuild/Saved/Config/WindowsServer/Scalability.ini]
[2021.10.14-03.59.44:768][  0]LogConfig: Setting CVar [[r.Streaming.MipBias:0]]
[2021.10.14-03.59.44:768][  0]LogConfig: Setting CVar [[r.Streaming.AmortizeCPUToGPUCopy:0]]
[2021.10.14-03.59.44:769][  0]LogConfig: Setting CVar [[r.Streaming.MaxNumTexturesToStreamPerFrame:0]]
[2021.10.14-03.59.44:769][  0]LogConfig: Setting CVar [[r.Streaming.Boost:1]]
[2021.10.14-03.59.44:770][  0]LogConfig: Setting CVar [[r.MaxAnisotropy:8]]
[2021.10.14-03.59.44:770][  0]LogConfig: Setting CVar [[r.VT.MaxAnisotropy:8]]
[2021.10.14-03.59.44:771][  0]LogConfig: Setting CVar [[r.Streaming.LimitPoolSizeToVRAM:0]]
[2021.10.14-03.59.44:772][  0]LogConfig: Setting CVar [[r.Streaming.PoolSize:1000]]
[2021.10.14-03.59.44:773][  0]LogConfig: Setting CVar [[r.Streaming.MaxEffectiveScreenSize:0]]
[2021.10.14-03.59.44:773][  0]LogConfig: Applying CVar settings from Section [EffectsQuality@3] File [../../../usagiMultiBuild/Saved/Config/WindowsServer/Scalability.ini]
[2021.10.14-03.59.44:774][  0]LogConfig: Setting CVar [[r.TranslucencyLightingVolumeDim:64]]
[2021.10.14-03.59.44:774][  0]LogConfig: Setting CVar [[r.RefractionQuality:2]]
[2021.10.14-03.59.44:775][  0]LogConfig: Setting CVar [[r.SSR.Quality:3]]
[2021.10.14-03.59.44:775][  0]LogConfig: Setting CVar [[r.SSR.HalfResSceneColor:0]]
[2021.10.14-03.59.44:776][  0]LogConfig: Setting CVar [[r.SceneColorFormat:4]]
[2021.10.14-03.59.44:776][  0]LogConfig: Setting CVar [[r.DetailMode:2]]
[2021.10.14-03.59.44:776][  0]LogConfig: Setting CVar [[r.TranslucencyVolumeBlur:1]]
[2021.10.14-03.59.44:777][  0]LogConfig: Setting CVar [[r.MaterialQualityLevel:1 ; High quality]]
[2021.10.14-03.59.44:778][  0]LogConfig: Setting CVar [[r.AnisotropicMaterials:1]]
[2021.10.14-03.59.44:778][  0]LogConfig: Setting CVar [[r.SSS.Scale:1]]
[2021.10.14-03.59.44:779][  0]LogConfig: Setting CVar [[r.SSS.SampleSet:2]]
[2021.10.14-03.59.44:779][  0]LogConfig: Setting CVar [[r.SSS.Quality:1]]
[2021.10.14-03.59.44:779][  0]LogConfig: Setting CVar [[r.SSS.HalfRes:0]]
[2021.10.14-03.59.44:780][  0]LogConfig: Setting CVar [[r.SSGI.Quality:3]]
[2021.10.14-03.59.44:780][  0]LogConfig: Setting CVar [[r.EmitterSpawnRateScale:1.0]]
[2021.10.14-03.59.44:781][  0]LogConfig: Setting CVar [[r.ParticleLightQuality:2]]
[2021.10.14-03.59.44:781][  0]LogConfig: Setting CVar [[r.SkyAtmosphere.AerialPerspectiveLUT.FastApplyOnOpaque:1 ; Always have FastSkyLUT 1 in this case to avoid wrong sky]]
[2021.10.14-03.59.44:782][  0]LogConfig: Setting CVar [[r.SkyAtmosphere.AerialPerspectiveLUT.SampleCountMaxPerSlice:4]]
[2021.10.14-03.59.44:782][  0]LogConfig: Setting CVar [[r.SkyAtmosphere.AerialPerspectiveLUT.DepthResolution:16.0]]
[2021.10.14-03.59.44:783][  0]LogConfig: Setting CVar [[r.SkyAtmosphere.FastSkyLUT:1]]
[2021.10.14-03.59.44:783][  0]LogConfig: Setting CVar [[r.SkyAtmosphere.FastSkyLUT.SampleCountMin:4.0]]
[2021.10.14-03.59.44:784][  0]LogConfig: Setting CVar [[r.SkyAtmosphere.FastSkyLUT.SampleCountMax:128.0]]
[2021.10.14-03.59.44:784][  0]LogConfig: Setting CVar [[r.SkyAtmosphere.SampleCountMin:4.0]]
[2021.10.14-03.59.44:785][  0]LogConfig: Setting CVar [[r.SkyAtmosphere.SampleCountMax:128.0]]
[2021.10.14-03.59.44:785][  0]LogConfig: Setting CVar [[r.SkyAtmosphere.TransmittanceLUT.UseSmallFormat:0]]
[2021.10.14-03.59.44:785][  0]LogConfig: Setting CVar [[r.SkyAtmosphere.TransmittanceLUT.SampleCount:10.0]]
[2021.10.14-03.59.44:786][  0]LogConfig: Setting CVar [[r.SkyAtmosphere.MultiScatteringLUT.SampleCount:15.0]]
[2021.10.14-03.59.44:786][  0]LogConfig: Setting CVar [[r.SkyLight.RealTimeReflectionCapture:1]]
[2021.10.14-03.59.44:787][  0]LogConfig: Setting CVar [[fx.Niagara.QualityLevel:3]]
[2021.10.14-03.59.44:789][  0]LogConfig: Applying CVar settings from Section [FoliageQuality@3] File [../../../usagiMultiBuild/Saved/Config/WindowsServer/Scalability.ini]
[2021.10.14-03.59.44:789][  0]LogConfig: Setting CVar [[foliage.DensityScale:1.0]]
[2021.10.14-03.59.44:790][  0]LogConfig: Setting CVar [[grass.DensityScale:1.0]]
[2021.10.14-03.59.44:790][  0]LogConfig: Applying CVar settings from Section [ShadingQuality@3] File [../../../usagiMultiBuild/Saved/Config/WindowsServer/Scalability.ini]
[2021.10.14-03.59.44:791][  0]LogConfig: Setting CVar [[r.HairStrands.SkyLighting.IntegrationType:2]]
[2021.10.14-03.59.44:791][  0]LogConfig: Setting CVar [[r.HairStrands.SkyAO.SampleCount:4]]
[2021.10.14-03.59.44:792][  0]LogConfig: Setting CVar [[r.HairStrands.Visibility.MSAA.SamplePerPixel:4]]
[2021.10.14-03.59.44:792][  0]LogConfig: Applying CVar settings from Section [Startup] File [../../../Engine/Config/ConsoleVariables.ini]
[2021.10.14-03.59.44:792][  0]LogConfig: Setting CVar [[net.UseAdaptiveNetUpdateFrequency:0]]
[2021.10.14-03.59.44:793][  0]LogConfig: Setting CVar [[p.chaos.AllowCreatePhysxBodies:1]]
[2021.10.14-03.59.44:793][  0]LogConfig: Setting CVar [[fx.SkipVectorVMBackendOptimizations:1]]
[2021.10.14-03.59.44:794][  0]LogConfig: Applying CVar settings from Section [ConsoleVariables] File [../../../usagiMultiBuild/Saved/Config/WindowsServer/Engine.ini]
[2021.10.14-03.59.44:794][  0]LogInit: Computer: DESKTOP-NSNTCUA
[2021.10.14-03.59.44:795][  0]LogInit: User: MAO
[2021.10.14-03.59.44:795][  0]LogInit: CPU Page size=4096, Cores=8
[2021.10.14-03.59.44:796][  0]LogInit: High frequency timer resolution =10.000000 MHz
[2021.10.14-03.59.44:796][  0]LogMemory: Memory total: Physical=31.9GB (32GB approx)
[2021.10.14-03.59.44:797][  0]LogMemory: Platform Memory Stats for WindowsServer
[2021.10.14-03.59.44:797][  0]LogMemory: Process Physical Memory: 75.53 MB used, 75.53 MB peak
[2021.10.14-03.59.44:798][  0]LogMemory: Process Virtual Memory: 76.46 MB used, 76.46 MB peak
[2021.10.14-03.59.44:798][  0]LogMemory: Physical Memory: 11410.77 MB used,  21294.86 MB free, 32705.62 MB total
[2021.10.14-03.59.44:798][  0]LogMemory: Virtual Memory: 134190912.00 MB used,  26812.49 MB free, 134217728.00 MB total
[2021.10.14-03.59.44:804][  0]LogWindows: WindowsPlatformFeatures disabled or dedicated server build
[2021.10.14-03.59.45:385][  0]LogInit: Physics initialised using underlying interface: PhysX
[2021.10.14-03.59.45:386][  0]LogInit: Using OS detected language (ja-JP).
[2021.10.14-03.59.45:386][  0]LogInit: Using OS detected locale (ja-JP).
[2021.10.14-03.59.45:387][  0]LogTextLocalizationManager: No localization for 'ja-JP' exists, so 'en' will be used for the language.
[2021.10.14-03.59.45:388][  0]LogTextLocalizationManager: No localization for 'ja-JP' exists, so 'en' will be used for the locale.
[2021.10.14-03.59.45:408][  0]LogRendererCore: Ray tracing is disabled. Reason: r.RayTracing=0.
[2021.10.14-03.59.45:408][  0]LogODSC: ODSC Thread active.
[2021.10.14-03.59.45:414][  0]LogInit: Using OS detected language (ja-JP).
[2021.10.14-03.59.45:414][  0]LogInit: Using OS detected locale (ja-JP).
[2021.10.14-03.59.45:415][  0]LogTextLocalizationManager: No localization for 'ja-JP' exists, so 'en' will be used for the language.
[2021.10.14-03.59.45:415][  0]LogTextLocalizationManager: No localization for 'ja-JP' exists, so 'en' will be used for the locale.
[2021.10.14-03.59.45:417][  0]LogAssetRegistry: FAssetRegistry took 0.0007 seconds to start up
[2021.10.14-03.59.45:477][  0]LogTextLocalizationManager: Compacting localization data took   0.87ms
[2021.10.14-03.59.45:477][  0]LogStreaming: Display: FlushAsyncLoading: 1 QueuedPackages, 0 AsyncPackages
[2021.10.14-03.59.45:478][  0]LogPackageLocalizationCache: Processed 28 localized package path(s) for 1 prioritized culture(s) in 0.000108 seconds
[2021.10.14-03.59.45:479][  0]LogPakFile: New pak file ../../../usagiMultiBuild/Content/Paks/usagiMultiBuild-WindowsServer.pak added to pak precacher.
[2021.10.14-03.59.45:480][  0]LogInit: Selected Device Profile: [WindowsServer]
[2021.10.14-03.59.45:481][  0]LogInit: Active device profile: [00000155B6BC3340][00000155B19E9250 49] WindowsServer
[2021.10.14-03.59.45:482][  0]LogInit: Profiles: [00000155B6BC34C0][00000155B5326DC0 49] Windows, [00000155B6BC3340][00000155B19E9250 49] WindowsServer, 
[2021.10.14-03.59.45:489][  0]LogSerialization: Display: AllowBulkDataInIoStore: 'true'
[2021.10.14-03.59.45:495][  0]LogNetVersion: usagiMultiBuild 1.0.0, NetCL: 0, EngineNetVer: 17, GameNetVer: 0 (Checksum: 2140702117)
[2021.10.14-03.59.45:514][  0]LogAudioCaptureCore: Display: No Audio Capture implementations found. Audio input will be silent.
[2021.10.14-03.59.45:514][  0]LogAudioCaptureCore: Display: No Audio Capture implementations found. Audio input will be silent.
[2021.10.14-03.59.45:515][  0]LogHMD: PokeAHoleMaterial loaded successfully
[2021.10.14-03.59.45:537][  0]LogUObjectArray: 16016 objects as part of root set at end of initial load.
[2021.10.14-03.59.45:537][  0]LogUObjectAllocator: 3293816 out of 0 bytes used by permanent object pool.
[2021.10.14-03.59.45:538][  0]LogUObjectArray: CloseDisregardForGC: 16016/0 objects in disregard for GC pool
[2021.10.14-03.59.45:609][  0]LogNiagaraDebuggerClient: Niagara Debugger Client Initialized | Session: 974D9FB44E8D2F7969261A9B2DAE7DE1 | Instance: 705BE2E44DA788B0C3A5E787464717FE (DESKTOP-NSNTCUA-56352).
[2021.10.14-03.59.45:673][  0]LogAndroidPermission: UAndroidPermissionCallbackProxy::GetInstance
[2021.10.14-03.59.45:674][  0]LogOcInput: OculusInput pre-init called
[2021.10.14-03.59.45:675][  0]LogEngine: Initializing Engine...
[2021.10.14-03.59.45:676][  0]LogStats: UGameplayTagsManager::InitializeManager -  0.000 s
[2021.10.14-03.59.45:679][  0]LogInit: Initializing FReadOnlyCVARCache
[2021.10.14-03.59.45:680][  0]LogNetVersion: Set ProjectVersion to 1.0.0.0. Version Checksum will be recalculated on next use.
[2021.10.14-03.59.45:680][  0]LogInit: Texture streaming: Disabled
[2021.10.14-03.59.45:695][  0]LogInit: Display: Game Engine Initialized.
[2021.10.14-03.59.45:696][  0]LogInit: Display: Starting Game.
[2021.10.14-03.59.45:696][  0]LogNet: Browse: /Game/ThirdPersonCPP/Maps/testMap?Name=Player
[2021.10.14-03.59.45:696][  0]LogLoad: LoadMap: /Game/ThirdPersonCPP/Maps/testMap?Name=Player
[2021.10.14-03.59.45:697][  0]LogWorld: BeginTearingDown for /Temp/Untitled_0
[2021.10.14-03.59.45:702][  0]LogWorld: UWorld::CleanupWorld for Untitled, bSessionEnded=true, bCleanupResources=true
[2021.10.14-03.59.45:703][  0]LogUObjectHash: Compacting FUObjectHashTables data took   0.55ms
[2021.10.14-03.59.45:746][  0]LogAIModule: Creating AISystem for world testMap
[2021.10.14-03.59.45:746][  0]LogLoad: Game class is 'GMB_testMap_C'
[2021.10.14-03.59.45:747][  0]LogNet: ReplicationDriverClass is null! Not using ReplicationDriver.
[2021.10.14-03.59.45:747][  0]LogNetCore: DDoS detection status: detection enabled: 0 analytics enabled: 0
[2021.10.14-03.59.45:748][  0]LogInit: WinSock: Socket queue. Rx: 131072 (config 131072) Tx: 131072 (config 131072)
[2021.10.14-03.59.45:748][  0]LogNet: Created socket for bind address: 0.0.0.0 on port 7777
[2021.10.14-03.59.45:749][  0]PacketHandlerLog: Loaded PacketHandler component: Engine.EngineHandlerComponentFactory (StatelessConnectHandlerComponent)
[2021.10.14-03.59.45:749][  0]LogNet: GameNetDriver IpNetDriver_2147482565 IpNetDriver listening on port 7777
[2021.10.14-03.59.45:754][  0]LogWorld: Bringing World /Game/ThirdPersonCPP/Maps/testMap.testMap up for play (max tick rate 30) at 2021.10.14-12.59.45
[2021.10.14-03.59.45:754][  0]LogWorld: Bringing up level for play took: 0.004437
[2021.10.14-03.59.45:755][  0]LogBlueprintUserMessages: [BP_VrmUtilComponent] !! Warning  No VrmAssetList   BP_VrmModelActor_2
[2021.10.14-03.59.45:756][  0]LogScript: Warning: Accessed None trying to read property CallFunc_GetPlayerController_ReturnValue
	testMap_C /Game/ThirdPersonCPP/Maps/testMap.testMap:PersistentLevel.testMap_C_1
	Function /Game/ThirdPersonCPP/Maps/testMap.testMap_C:ExecuteUbergraph_testMap:0039
[2021.10.14-03.59.45:757][  0]LogScript: Warning: Script call stack:
	Function /Game/ThirdPersonCPP/Maps/testMap.testMap_C:ReceiveBeginPlay
	Function /Game/ThirdPersonCPP/Maps/testMap.testMap_C:ExecuteUbergraph_testMap

[2021.10.14-03.59.45:758][  0]LogScript: Warning: Accessed None trying to read property openFolder
	testMap_C /Game/ThirdPersonCPP/Maps/testMap.testMap:PersistentLevel.testMap_C_1
	Function /Game/ThirdPersonCPP/Maps/testMap.testMap_C:ExecuteUbergraph_testMap:00A1
[2021.10.14-03.59.45:759][  0]LogScript: Warning: Script call stack:
	Function /Game/ThirdPersonCPP/Maps/testMap.testMap_C:ReceiveBeginPlay
	Function /Game/ThirdPersonCPP/Maps/testMap.testMap_C:ExecuteUbergraph_testMap

[2021.10.14-03.59.45:760][  0]LogLoad: Took 0.063246 seconds to LoadMap(/Game/ThirdPersonCPP/Maps/testMap)
[2021.10.14-03.59.45:760][  0]LogPakFile: AllPaks IndexSizes: DirectoryHashSize=249836, PathHashSize=16, EntriesSize=32752, TotalSize=282604
[2021.10.14-03.59.45:760][  0]LogInit: Display: Engine is initialized. Leaving FEngineLoop::Init()
[2021.10.14-03.59.45:761][  0]LogLoad: (Engine Initialization) Total time: 2.53 seconds
[2021.10.14-04.00.16:086][916]LogNet: NotifyAcceptingConnection accepted from: 127.0.0.1:64457
[2021.10.14-04.00.16:086][916]LogHandshake: SendConnectChallenge. Timestamp: 30.323890, Cookie: 188225183142001238149033003055238192215090224120164057088004
[2021.10.14-04.00.16:119][917]LogNet: NotifyAcceptingConnection accepted from: 127.0.0.1:64457
[2021.10.14-04.00.16:119][917]LogHandshake: SendChallengeAck. InCookie: 188225183142001238149033003055238192215090224120164057088004
[2021.10.14-04.00.16:120][917]LogNet: Server accepting post-challenge connection from: 127.0.0.1:64457
[2021.10.14-04.00.16:121][917]PacketHandlerLog: Loaded PacketHandler component: Engine.EngineHandlerComponentFactory (StatelessConnectHandlerComponent)
[2021.10.14-04.00.16:121][917]LogNet: NotifyAcceptedConnection: Name: testMap, TimeStamp: 10/14/21 13:00:16, [UNetConnection] RemoteAddr: 127.0.0.1:64457, Name: IpConnection_2147482558, Driver: GameNetDriver IpNetDriver_2147482565, IsServer: YES, PC: NULL, Owner: NULL, UniqueId: INVALID
[2021.10.14-04.00.16:122][917]LogNet: AddClientConnection: Added client connection: [UNetConnection] RemoteAddr: 127.0.0.1:64457, Name: IpConnection_2147482558, Driver: GameNetDriver IpNetDriver_2147482565, IsServer: YES, PC: NULL, Owner: NULL, UniqueId: INVALID
[2021.10.14-04.00.16:123][917]LogNet: NotifyAcceptingChannel Control 0 server World /Game/ThirdPersonCPP/Maps/testMap.testMap: Accepted
[2021.10.14-04.00.16:123][917]LogNet: Remote platform little endian=1
[2021.10.14-04.00.16:124][917]LogNet: This platform little endian=1
[2021.10.14-04.00.16:124][917]LogNetVersion: usagiMultiBuild 1.0.0.0, NetCL: 0, EngineNetVer: 17, GameNetVer: 0 (Checksum: 376974328)
[2021.10.14-04.00.16:153][918]LogNet: Login request: ?Name=DESKTOP-NSNTCUA-6DD961764D3981B45B2E2FABF3AB7E72 userId: NULL:DESKTOP-NSNTCUA-6DD961764D3981B45B2E2FABF3AB7E72 platform: NULL
[2021.10.14-04.00.16:653][933]LogNet: Client netspeed is 100000
[2021.10.14-04.00.16:653][933]LogNet: Join request: /Game/ThirdPersonCPP/Maps/testMap?Name=DESKTOP-NSNTCUA-6DD961764D3981B45B2E2FABF3AB7E72?SplitscreenCount=1
[2021.10.14-04.00.16:654][933]LogOnlineSession: Warning: OSS: No game present to join for session (GameSession)
[2021.10.14-04.00.16:658][933]LogScript: Warning: Attempted to access missing property 'none'. If this is a packaged/cooked build, are you attempting to use an editor-only property?
	MToonAttachActor_C /Game/ThirdPersonCPP/Maps/testMap.testMap:PersistentLevel.ChildActor_GEN_VARIABLE_MToonAttachActor_C_CAT_2147482536
	Function /VRM4U/Util/Actor/MToonAttachActor.MToonAttachActor_C:initAll:329F
[2021.10.14-04.00.16:659][933]LogScript: Warning: Script call stack:
	Function /VRM4U/Util/BaseCharacter/BP_VrmCharacterBase.BP_VrmCharacterBase_C:UserConstructionScript
	Function /VRM4U/Util/BaseCharacter/BP_VrmCharacterBase.BP_VrmCharacterBase_C:Init
	Function /VRM4U/Util/BaseCharacter/BP_VrmCharacterBase.BP_VrmCharacterBase_C:ExecuteUbergraph_BP_VrmCharacterBase
	Function /VRM4U/Util/Actor/MToonAttachActor.MToonAttachActor_C:ReInit
	Function /VRM4U/Util/Actor/MToonAttachActor.MToonAttachActor_C:ExecuteUbergraph_MToonAttachActor
	Function /VRM4U/Util/Actor/MToonAttachActor.MToonAttachActor_C:initAll

[2021.10.14-04.00.16:661][933]LogScript: Warning: Attempted to access missing property 'none'. If this is a packaged/cooked build, are you attempting to use an editor-only property?
	MToonAttachActor_C /Game/ThirdPersonCPP/Maps/testMap.testMap:PersistentLevel.ChildActor_GEN_VARIABLE_MToonAttachActor_C_CAT_2147482536
	Function /VRM4U/Util/Actor/MToonAttachActor.MToonAttachActor_C:initAll:329F
[2021.10.14-04.00.16:662][933]LogScript: Warning: Script call stack:
	Function /VRM4U/Util/BaseCharacter/BP_VrmCharacterBase.BP_VrmCharacterBase_C:ReceiveBeginPlay
	Function /VRM4U/Util/BaseCharacter/BP_VrmCharacterBase.BP_VrmCharacterBase_C:ExecuteUbergraph_BP_VrmCharacterBase
	Function /VRM4U/Util/BaseCharacter/BP_VrmCharacterBase.BP_VrmCharacterBase_C:Init
	Function /VRM4U/Util/BaseCharacter/BP_VrmCharacterBase.BP_VrmCharacterBase_C:ExecuteUbergraph_BP_VrmCharacterBase
	Function /VRM4U/Util/Actor/MToonAttachActor.MToonAttachActor_C:ReInit
	Function /VRM4U/Util/Actor/MToonAttachActor.MToonAttachActor_C:ExecuteUbergraph_MToonAttachActor
	Function /VRM4U/Util/Actor/MToonAttachActor.MToonAttachActor_C:initAll

[2021.10.14-04.00.16:664][933]LogNet: Join succeeded: DESKTOP-NSNTCUA-6DD9
[2021.10.14-04.01.09:253][517]LogNet: UChannel::ReceivedSequencedBunch: Bunch.bClose == true. ChIndex == 0. Calling ConditionalCleanUp.
[2021.10.14-04.01.09:253][517]LogNet: UChannel::CleanUp: ChIndex == 0. Closing connection. [UChannel] ChIndex: 0, Closing: 0 [UNetConnection] RemoteAddr: 127.0.0.1:64457, Name: IpConnection_2147482558, Driver: GameNetDriver IpNetDriver_2147482565, IsServer: YES, PC: PlayerController_2147482554, Owner: PlayerController_2147482554, UniqueId: NULL:DESKTOP-NSNTCUA-6DD961764D3981B45B2E2FABF3AB7E72
[2021.10.14-04.01.09:255][517]LogNet: UNetConnection::Close: [UNetConnection] RemoteAddr: 127.0.0.1:64457, Name: IpConnection_2147482558, Driver: GameNetDriver IpNetDriver_2147482565, IsServer: YES, PC: PlayerController_2147482554, Owner: PlayerController_2147482554, UniqueId: NULL:DESKTOP-NSNTCUA-6DD961764D3981B45B2E2FABF3AB7E72, Channels: 9, Time: 2021.10.14-04.01.09
[2021.10.14-04.01.09:256][517]LogNet: UChannel::Close: Sending CloseBunch. ChIndex == 0. Name: [UChannel] ChIndex: 0, Closing: 0 [UNetConnection] RemoteAddr: 127.0.0.1:64457, Name: IpConnection_2147482558, Driver: GameNetDriver IpNetDriver_2147482565, IsServer: YES, PC: PlayerController_2147482554, Owner: PlayerController_2147482554, UniqueId: NULL:DESKTOP-NSNTCUA-6DD961764D3981B45B2E2FABF3AB7E72
[2021.10.14-04.01.09:258][517]LogOnlineSession: Warning: OSS: No game present to leave for session (GameSession)
[2021.10.14-04.06.08:494][565]LogNet: NotifyAcceptingConnection accepted from: 192.168.10.114:49181
[2021.10.14-04.06.08:494][565]LogHandshake: SendConnectChallenge. Timestamp: 382.731917, Cookie: 180195138247012068177136184175212093157056236156196133206205
[2021.10.14-04.06.08:528][566]LogNet: NotifyAcceptingConnection accepted from: 192.168.10.114:49181
[2021.10.14-04.06.08:528][566]LogHandshake: SendChallengeAck. InCookie: 180195138247012068177136184175212093157056236156196133206205
[2021.10.14-04.06.08:529][566]LogNet: Server accepting post-challenge connection from: 192.168.10.114:49181
[2021.10.14-04.06.08:530][566]PacketHandlerLog: Loaded PacketHandler component: Engine.EngineHandlerComponentFactory (StatelessConnectHandlerComponent)
[2021.10.14-04.06.08:530][566]LogNet: NotifyAcceptedConnection: Name: testMap, TimeStamp: 10/14/21 13:06:08, [UNetConnection] RemoteAddr: 192.168.10.114:49181, Name: IpConnection_2147482458, Driver: GameNetDriver IpNetDriver_2147482565, IsServer: YES, PC: NULL, Owner: NULL, UniqueId: INVALID
[2021.10.14-04.06.08:531][566]LogNet: AddClientConnection: Added client connection: [UNetConnection] RemoteAddr: 192.168.10.114:49181, Name: IpConnection_2147482458, Driver: GameNetDriver IpNetDriver_2147482565, IsServer: YES, PC: NULL, Owner: NULL, UniqueId: INVALID
[2021.10.14-04.06.08:596][568]LogNet: NotifyAcceptingChannel Control 0 server World /Game/ThirdPersonCPP/Maps/testMap.testMap: Accepted
[2021.10.14-04.06.08:596][568]LogNet: Remote platform little endian=1
[2021.10.14-04.06.08:597][568]LogNet: This platform little endian=1
[2021.10.14-04.06.08:630][569]LogNet: Login request: ?Name=DESKTOP-FJ3K4L9-9F5125304B3DA278ABD25FBDE78E0BA9 userId: NULL:DESKTOP-FJ3K4L9-9F5125304B3DA278ABD25FBDE78E0BA9 platform: NULL
[2021.10.14-04.06.08:664][570]LogNet: Client netspeed is 100000
[2021.10.14-04.06.09:556][597]LogNet: Join request: /Game/ThirdPersonCPP/Maps/testMap?Name=DESKTOP-FJ3K4L9-9F5125304B3DA278ABD25FBDE78E0BA9?SplitscreenCount=1
[2021.10.14-04.06.09:556][597]LogOnlineSession: Warning: OSS: No game present to join for session (GameSession)
[2021.10.14-04.06.09:559][597]LogScript: Warning: Attempted to access missing property 'none'. If this is a packaged/cooked build, are you attempting to use an editor-only property?
	MToonAttachActor_C /Game/ThirdPersonCPP/Maps/testMap.testMap:PersistentLevel.ChildActor_GEN_VARIABLE_MToonAttachActor_C_CAT_2147482438
	Function /VRM4U/Util/Actor/MToonAttachActor.MToonAttachActor_C:initAll:329F
[2021.10.14-04.06.09:560][597]LogScript: Warning: Script call stack:
	Function /VRM4U/Util/BaseCharacter/BP_VrmCharacterBase.BP_VrmCharacterBase_C:UserConstructionScript
	Function /VRM4U/Util/BaseCharacter/BP_VrmCharacterBase.BP_VrmCharacterBase_C:Init
	Function /VRM4U/Util/BaseCharacter/BP_VrmCharacterBase.BP_VrmCharacterBase_C:ExecuteUbergraph_BP_VrmCharacterBase
	Function /VRM4U/Util/Actor/MToonAttachActor.MToonAttachActor_C:ReInit
	Function /VRM4U/Util/Actor/MToonAttachActor.MToonAttachActor_C:ExecuteUbergraph_MToonAttachActor
	Function /VRM4U/Util/Actor/MToonAttachActor.MToonAttachActor_C:initAll

[2021.10.14-04.06.09:562][597]LogScript: Warning: Attempted to access missing property 'none'. If this is a packaged/cooked build, are you attempting to use an editor-only property?
	MToonAttachActor_C /Game/ThirdPersonCPP/Maps/testMap.testMap:PersistentLevel.ChildActor_GEN_VARIABLE_MToonAttachActor_C_CAT_2147482438
	Function /VRM4U/Util/Actor/MToonAttachActor.MToonAttachActor_C:initAll:329F
[2021.10.14-04.06.09:563][597]LogScript: Warning: Script call stack:
	Function /VRM4U/Util/BaseCharacter/BP_VrmCharacterBase.BP_VrmCharacterBase_C:ReceiveBeginPlay
	Function /VRM4U/Util/BaseCharacter/BP_VrmCharacterBase.BP_VrmCharacterBase_C:ExecuteUbergraph_BP_VrmCharacterBase
	Function /VRM4U/Util/BaseCharacter/BP_VrmCharacterBase.BP_VrmCharacterBase_C:Init
	Function /VRM4U/Util/BaseCharacter/BP_VrmCharacterBase.BP_VrmCharacterBase_C:ExecuteUbergraph_BP_VrmCharacterBase
	Function /VRM4U/Util/Actor/MToonAttachActor.MToonAttachActor_C:ReInit
	Function /VRM4U/Util/Actor/MToonAttachActor.MToonAttachActor_C:ExecuteUbergraph_MToonAttachActor
	Function /VRM4U/Util/Actor/MToonAttachActor.MToonAttachActor_C:initAll

[2021.10.14-04.06.09:564][597]LogNet: Join succeeded: DESKTOP-FJ3K4L9-9F51
[2021.10.14-04.06.54:565][942]LogNet: UChannel::ReceivedSequencedBunch: Bunch.bClose == true. ChIndex == 0. Calling ConditionalCleanUp.
[2021.10.14-04.06.54:565][942]LogNet: UChannel::CleanUp: ChIndex == 0. Closing connection. [UChannel] ChIndex: 0, Closing: 0 [UNetConnection] RemoteAddr: 192.168.10.114:49181, Name: IpConnection_2147482458, Driver: GameNetDriver IpNetDriver_2147482565, IsServer: YES, PC: PlayerController_2147482454, Owner: PlayerController_2147482454, UniqueId: NULL:DESKTOP-FJ3K4L9-9F5125304B3DA278ABD25FBDE78E0BA9
[2021.10.14-04.06.54:566][942]LogNet: UNetConnection::Close: [UNetConnection] RemoteAddr: 192.168.10.114:49181, Name: IpConnection_2147482458, Driver: GameNetDriver IpNetDriver_2147482565, IsServer: YES, PC: PlayerController_2147482454, Owner: PlayerController_2147482454, UniqueId: NULL:DESKTOP-FJ3K4L9-9F5125304B3DA278ABD25FBDE78E0BA9, Channels: 9, Time: 2021.10.14-04.06.54
[2021.10.14-04.06.54:567][942]LogNet: UChannel::Close: Sending CloseBunch. ChIndex == 0. Name: [UChannel] ChIndex: 0, Closing: 0 [UNetConnection] RemoteAddr: 192.168.10.114:49181, Name: IpConnection_2147482458, Driver: GameNetDriver IpNetDriver_2147482565, IsServer: YES, PC: PlayerController_2147482454, Owner: PlayerController_2147482454, UniqueId: NULL:DESKTOP-FJ3K4L9-9F5125304B3DA278ABD25FBDE78E0BA9
[2021.10.14-04.06.54:599][943]LogOnlineSession: Warning: OSS: No game present to leave for session (GameSession)
[2021.10.14-08.08.59:395][235]LogNet: NotifyAcceptingConnection accepted from: 127.0.0.1:51363
[2021.10.14-08.08.59:395][235]LogHandshake: SendConnectChallenge. Timestamp: 14953.632787, Cookie: 039239062064087231182001100139126186166009048247189105024201
[2021.10.14-08.08.59:428][236]LogNet: NotifyAcceptingConnection accepted from: 127.0.0.1:51363
[2021.10.14-08.08.59:428][236]LogHandshake: SendChallengeAck. InCookie: 039239062064087231182001100139126186166009048247189105024201
[2021.10.14-08.08.59:428][236]LogNet: Server accepting post-challenge connection from: 127.0.0.1:51363
[2021.10.14-08.08.59:428][236]PacketHandlerLog: Loaded PacketHandler component: Engine.EngineHandlerComponentFactory (StatelessConnectHandlerComponent)
[2021.10.14-08.08.59:428][236]LogNet: NotifyAcceptedConnection: Name: testMap, TimeStamp: 10/14/21 17:08:59, [UNetConnection] RemoteAddr: 127.0.0.1:51363, Name: IpConnection_2147482360, Driver: GameNetDriver IpNetDriver_2147482565, IsServer: YES, PC: NULL, Owner: NULL, UniqueId: INVALID
[2021.10.14-08.08.59:429][236]LogNet: AddClientConnection: Added client connection: [UNetConnection] RemoteAddr: 127.0.0.1:51363, Name: IpConnection_2147482360, Driver: GameNetDriver IpNetDriver_2147482565, IsServer: YES, PC: NULL, Owner: NULL, UniqueId: INVALID
[2021.10.14-08.08.59:429][236]LogNet: NotifyAcceptingChannel Control 0 server World /Game/ThirdPersonCPP/Maps/testMap.testMap: Accepted
[2021.10.14-08.08.59:430][236]LogNet: Remote platform little endian=1
[2021.10.14-08.08.59:430][236]LogNet: This platform little endian=1
[2021.10.14-08.08.59:461][237]LogNet: Login request: ?Name=DESKTOP-NSNTCUA-A741E2534483A5EFD4F747A75596492E userId: NULL:DESKTOP-NSNTCUA-A741E2534483A5EFD4F747A75596492E platform: NULL
[2021.10.14-08.09.00:058][255]LogNet: Client netspeed is 100000
[2021.10.14-08.09.00:058][255]LogNet: Join request: /Game/ThirdPersonCPP/Maps/testMap?Name=DESKTOP-NSNTCUA-A741E2534483A5EFD4F747A75596492E?SplitscreenCount=1
[2021.10.14-08.09.00:059][255]LogOnlineSession: Warning: OSS: No game present to join for session (GameSession)
[2021.10.14-08.09.00:062][255]LogScript: Warning: Attempted to access missing property 'none'. If this is a packaged/cooked build, are you attempting to use an editor-only property?
	MToonAttachActor_C /Game/ThirdPersonCPP/Maps/testMap.testMap:PersistentLevel.ChildActor_GEN_VARIABLE_MToonAttachActor_C_CAT_2147482340
	Function /VRM4U/Util/Actor/MToonAttachActor.MToonAttachActor_C:initAll:329F
[2021.10.14-08.09.00:063][255]LogScript: Warning: Script call stack:
	Function /VRM4U/Util/BaseCharacter/BP_VrmCharacterBase.BP_VrmCharacterBase_C:UserConstructionScript
	Function /VRM4U/Util/BaseCharacter/BP_VrmCharacterBase.BP_VrmCharacterBase_C:Init
	Function /VRM4U/Util/BaseCharacter/BP_VrmCharacterBase.BP_VrmCharacterBase_C:ExecuteUbergraph_BP_VrmCharacterBase
	Function /VRM4U/Util/Actor/MToonAttachActor.MToonAttachActor_C:ReInit
	Function /VRM4U/Util/Actor/MToonAttachActor.MToonAttachActor_C:ExecuteUbergraph_MToonAttachActor
	Function /VRM4U/Util/Actor/MToonAttachActor.MToonAttachActor_C:initAll

[2021.10.14-08.09.00:064][255]LogScript: Warning: Attempted to access missing property 'none'. If this is a packaged/cooked build, are you attempting to use an editor-only property?
	MToonAttachActor_C /Game/ThirdPersonCPP/Maps/testMap.testMap:PersistentLevel.ChildActor_GEN_VARIABLE_MToonAttachActor_C_CAT_2147482340
	Function /VRM4U/Util/Actor/MToonAttachActor.MToonAttachActor_C:initAll:329F
[2021.10.14-08.09.00:065][255]LogScript: Warning: Script call stack:
	Function /VRM4U/Util/BaseCharacter/BP_VrmCharacterBase.BP_VrmCharacterBase_C:ReceiveBeginPlay
	Function /VRM4U/Util/BaseCharacter/BP_VrmCharacterBase.BP_VrmCharacterBase_C:ExecuteUbergraph_BP_VrmCharacterBase
	Function /VRM4U/Util/BaseCharacter/BP_VrmCharacterBase.BP_VrmCharacterBase_C:Init
	Function /VRM4U/Util/BaseCharacter/BP_VrmCharacterBase.BP_VrmCharacterBase_C:ExecuteUbergraph_BP_VrmCharacterBase
	Function /VRM4U/Util/Actor/MToonAttachActor.MToonAttachActor_C:ReInit
	Function /VRM4U/Util/Actor/MToonAttachActor.MToonAttachActor_C:ExecuteUbergraph_MToonAttachActor
	Function /VRM4U/Util/Actor/MToonAttachActor.MToonAttachActor_C:initAll

[2021.10.14-08.09.00:067][255]LogNet: Join succeeded: DESKTOP-NSNTCUA-A741
[2021.10.14-08.09.16:333][744]LogNet: UChannel::ReceivedSequencedBunch: Bunch.bClose == true. ChIndex == 0. Calling ConditionalCleanUp.
[2021.10.14-08.09.16:333][744]LogNet: UChannel::CleanUp: ChIndex == 0. Closing connection. [UChannel] ChIndex: 0, Closing: 0 [UNetConnection] RemoteAddr: 127.0.0.1:51363, Name: IpConnection_2147482360, Driver: GameNetDriver IpNetDriver_2147482565, IsServer: YES, PC: PlayerController_2147482356, Owner: PlayerController_2147482356, UniqueId: NULL:DESKTOP-NSNTCUA-A741E2534483A5EFD4F747A75596492E
[2021.10.14-08.09.16:334][744]LogNet: UNetConnection::Close: [UNetConnection] RemoteAddr: 127.0.0.1:51363, Name: IpConnection_2147482360, Driver: GameNetDriver IpNetDriver_2147482565, IsServer: YES, PC: PlayerController_2147482356, Owner: PlayerController_2147482356, UniqueId: NULL:DESKTOP-NSNTCUA-A741E2534483A5EFD4F747A75596492E, Channels: 9, Time: 2021.10.14-08.09.16
[2021.10.14-08.09.16:337][744]LogNet: UChannel::Close: Sending CloseBunch. ChIndex == 0. Name: [UChannel] ChIndex: 0, Closing: 0 [UNetConnection] RemoteAddr: 127.0.0.1:51363, Name: IpConnection_2147482360, Driver: GameNetDriver IpNetDriver_2147482565, IsServer: YES, PC: PlayerController_2147482356, Owner: PlayerController_2147482356, UniqueId: NULL:DESKTOP-NSNTCUA-A741E2534483A5EFD4F747A75596492E
[2021.10.14-08.09.16:340][744]LogOnlineSession: Warning: OSS: No game present to leave for session (GameSession)
[2021.10.14-08.12.05:628][866]LogNet: NotifyAcceptingConnection accepted from: 192.168.10.114:61169
[2021.10.14-08.12.05:628][866]LogHandshake: SendConnectChallenge. Timestamp: 15139.866483, Cookie: 004205141127230072065200040233133039131098167241075111157003
[2021.10.14-08.12.05:661][867]LogNet: NotifyAcceptingConnection accepted from: 192.168.10.114:61169
[2021.10.14-08.12.05:661][867]LogHandshake: SendChallengeAck. InCookie: 004205141127230072065200040233133039131098167241075111157003
[2021.10.14-08.12.05:661][867]LogNet: Server accepting post-challenge connection from: 192.168.10.114:61169
[2021.10.14-08.12.05:662][867]PacketHandlerLog: Loaded PacketHandler component: Engine.EngineHandlerComponentFactory (StatelessConnectHandlerComponent)
[2021.10.14-08.12.05:662][867]LogNet: NotifyAcceptedConnection: Name: testMap, TimeStamp: 10/14/21 17:12:05, [UNetConnection] RemoteAddr: 192.168.10.114:61169, Name: IpConnection_2147482262, Driver: GameNetDriver IpNetDriver_2147482565, IsServer: YES, PC: NULL, Owner: NULL, UniqueId: INVALID
[2021.10.14-08.12.05:663][867]LogNet: AddClientConnection: Added client connection: [UNetConnection] RemoteAddr: 192.168.10.114:61169, Name: IpConnection_2147482262, Driver: GameNetDriver IpNetDriver_2147482565, IsServer: YES, PC: NULL, Owner: NULL, UniqueId: INVALID
[2021.10.14-08.12.05:728][869]LogNet: NotifyAcceptingChannel Control 0 server World /Game/ThirdPersonCPP/Maps/testMap.testMap: Accepted
[2021.10.14-08.12.05:728][869]LogNet: Remote platform little endian=1
[2021.10.14-08.12.05:730][869]LogNet: This platform little endian=1
[2021.10.14-08.12.05:762][870]LogNet: Login request: ?Name=DESKTOP-FJ3K4L9-9F5125304B3DA278ABD25FBDE78E0BA9 userId: NULL:DESKTOP-FJ3K4L9-9F5125304B3DA278ABD25FBDE78E0BA9 platform: NULL
[2021.10.14-08.12.05:796][871]LogNet: Client netspeed is 100000
[2021.10.14-08.12.06:589][895]LogNet: Join request: /Game/ThirdPersonCPP/Maps/testMap?Name=DESKTOP-FJ3K4L9-9F5125304B3DA278ABD25FBDE78E0BA9?SplitscreenCount=1
[2021.10.14-08.12.06:589][895]LogOnlineSession: Warning: OSS: No game present to join for session (GameSession)
[2021.10.14-08.12.06:592][895]LogScript: Warning: Attempted to access missing property 'none'. If this is a packaged/cooked build, are you attempting to use an editor-only property?
	MToonAttachActor_C /Game/ThirdPersonCPP/Maps/testMap.testMap:PersistentLevel.ChildActor_GEN_VARIABLE_MToonAttachActor_C_CAT_2147482242
	Function /VRM4U/Util/Actor/MToonAttachActor.MToonAttachActor_C:initAll:329F
[2021.10.14-08.12.06:592][895]LogScript: Warning: Script call stack:
	Function /VRM4U/Util/BaseCharacter/BP_VrmCharacterBase.BP_VrmCharacterBase_C:UserConstructionScript
	Function /VRM4U/Util/BaseCharacter/BP_VrmCharacterBase.BP_VrmCharacterBase_C:Init
	Function /VRM4U/Util/BaseCharacter/BP_VrmCharacterBase.BP_VrmCharacterBase_C:ExecuteUbergraph_BP_VrmCharacterBase
	Function /VRM4U/Util/Actor/MToonAttachActor.MToonAttachActor_C:ReInit
	Function /VRM4U/Util/Actor/MToonAttachActor.MToonAttachActor_C:ExecuteUbergraph_MToonAttachActor
	Function /VRM4U/Util/Actor/MToonAttachActor.MToonAttachActor_C:initAll

[2021.10.14-08.12.06:594][895]LogScript: Warning: Attempted to access missing property 'none'. If this is a packaged/cooked build, are you attempting to use an editor-only property?
	MToonAttachActor_C /Game/ThirdPersonCPP/Maps/testMap.testMap:PersistentLevel.ChildActor_GEN_VARIABLE_MToonAttachActor_C_CAT_2147482242
	Function /VRM4U/Util/Actor/MToonAttachActor.MToonAttachActor_C:initAll:329F
[2021.10.14-08.12.06:594][895]LogScript: Warning: Script call stack:
	Function /VRM4U/Util/BaseCharacter/BP_VrmCharacterBase.BP_VrmCharacterBase_C:ReceiveBeginPlay
	Function /VRM4U/Util/BaseCharacter/BP_VrmCharacterBase.BP_VrmCharacterBase_C:ExecuteUbergraph_BP_VrmCharacterBase
	Function /VRM4U/Util/BaseCharacter/BP_VrmCharacterBase.BP_VrmCharacterBase_C:Init
	Function /VRM4U/Util/BaseCharacter/BP_VrmCharacterBase.BP_VrmCharacterBase_C:ExecuteUbergraph_BP_VrmCharacterBase
	Function /VRM4U/Util/Actor/MToonAttachActor.MToonAttachActor_C:ReInit
	Function /VRM4U/Util/Actor/MToonAttachActor.MToonAttachActor_C:ExecuteUbergraph_MToonAttachActor
	Function /VRM4U/Util/Actor/MToonAttachActor.MToonAttachActor_C:initAll

[2021.10.14-08.12.06:596][895]LogNet: Join succeeded: DESKTOP-FJ3K4L9-9F51
[2021.10.14-08.12.15:072][148]LogNet: UChannel::ReceivedSequencedBunch: Bunch.bClose == true. ChIndex == 0. Calling ConditionalCleanUp.
[2021.10.14-08.12.15:072][148]LogNet: UChannel::CleanUp: ChIndex == 0. Closing connection. [UChannel] ChIndex: 0, Closing: 0 [UNetConnection] RemoteAddr: 192.168.10.114:61169, Name: IpConnection_2147482262, Driver: GameNetDriver IpNetDriver_2147482565, IsServer: YES, PC: PlayerController_2147482258, Owner: PlayerController_2147482258, UniqueId: NULL:DESKTOP-FJ3K4L9-9F5125304B3DA278ABD25FBDE78E0BA9
[2021.10.14-08.12.15:073][148]LogNet: UNetConnection::Close: [UNetConnection] RemoteAddr: 192.168.10.114:61169, Name: IpConnection_2147482262, Driver: GameNetDriver IpNetDriver_2147482565, IsServer: YES, PC: PlayerController_2147482258, Owner: PlayerController_2147482258, UniqueId: NULL:DESKTOP-FJ3K4L9-9F5125304B3DA278ABD25FBDE78E0BA9, Channels: 9, Time: 2021.10.14-08.12.15
[2021.10.14-08.12.15:075][148]LogNet: UChannel::Close: Sending CloseBunch. ChIndex == 0. Name: [UChannel] ChIndex: 0, Closing: 0 [UNetConnection] RemoteAddr: 192.168.10.114:61169, Name: IpConnection_2147482262, Driver: GameNetDriver IpNetDriver_2147482565, IsServer: YES, PC: PlayerController_2147482258, Owner: PlayerController_2147482258, UniqueId: NULL:DESKTOP-FJ3K4L9-9F5125304B3DA278ABD25FBDE78E0BA9
[2021.10.14-08.12.15:106][149]LogOnlineSession: Warning: OSS: No game present to leave for session (GameSession)
