Log file open, 10/10/21 16:37:22
LogWindows: Failed to load 'aqProf.dll' (GetLastError=126)
LogWindows: File 'aqProf.dll' does not exist
LogWindows: Failed to load 'VtuneApi.dll' (GetLastError=126)
LogWindows: File 'VtuneApi.dll' does not exist
LogWindows: Failed to load 'VtuneApi32e.dll' (GetLastError=126)
LogWindows: File 'VtuneApi32e.dll' does not exist
LogConsoleResponse: Display: Failed to find resolution value strings in scalability ini. Falling back to default.
LogConsoleResponse: Display: Failed to find resolution value strings in scalability ini. Falling back to default.
LogPakFile: Display: Found Pak file ../../../usagiMultiBuild/Content/Paks/usagiMultiBuild-WindowsServer.pak attempting to mount.
LogPakFile: Display: Mounting pak file ../../../usagiMultiBuild/Content/Paks/usagiMultiBuild-WindowsServer.pak.
LogPakFile: PakFile PrimaryIndexSize=30674
LogPakFile: PakFile PathHashIndexSize=51835
LogPakFile: PakFile FullDirectoryIndexSize=73920
LogShaderLibrary: Display: ShaderCodeLibraryPakFileMountedCallback: PakFile '../../../usagiMultiBuild/Content/Paks/usagiMultiBuild-WindowsServer.pak' (chunk index -1, root '../../../') mounted
LogShaderLibrary: Display: ShaderCodeLibraryPakFileMountedCallback: pending pak file info (ChunkID:-1 Root:../../../ File:../../../usagiMultiBuild/Content/Paks/usagiMultiBuild-WindowsServer.pak)
LogPakFile: OnPakFileMounted2Time == 0.000045
LogPlatformFile: Not using cached read wrapper
LogTaskGraph: Started task graph with 5 named threads and 9 total threads with 1 sets of task threads.
LogStats: Stats thread started at 0.085177
LogICUInternationalization: ICU TimeZone Detection - Raw Offset: +9:00, Platform Override: ''
LogInit: Display: Loading text-based GConfig....
LogPluginManager: Mounting plugin XRVisualization
LogPluginManager: Mounting plugin ProceduralMeshComponent
LogPluginManager: Mounting plugin VRM4U
LogPluginManager: Mounting plugin LevelSequenceEditor
LogPluginManager: Mounting plugin HDRIBackdrop
LogPluginManager: Mounting plugin Paper2D
LogPluginManager: Mounting plugin AISupport
LogPluginManager: Mounting plugin EnvironmentQueryEditor
LogPluginManager: Mounting plugin LightPropagationVolume
LogPluginManager: Mounting plugin CameraShakePreviewer
LogPluginManager: Mounting plugin GameplayCameras
LogPluginManager: Mounting plugin TemplateSequence
LogPluginManager: Mounting plugin OodleData
LogPluginManager: Mounting plugin OodleNetwork
LogPluginManager: Mounting plugin AnimationSharing
LogPluginManager: Mounting plugin SignificanceManager
LogPluginManager: Mounting plugin PluginUtils
LogPluginManager: Mounting plugin PropertyAccessEditor
LogPluginManager: Mounting plugin UObjectPlugin
LogPluginManager: Mounting plugin AssetManagerEditor
LogPluginManager: Mounting plugin FacialAnimation
LogPluginManager: Mounting plugin GeometryMode
LogPluginManager: Mounting plugin SpeedTreeImporter
LogPluginManager: Mounting plugin DatasmithContent
LogPluginManager: Mounting plugin VariantManagerContent
LogPluginManager: Mounting plugin AlembicImporter
LogPluginManager: Mounting plugin GeometryCache
LogPluginManager: Mounting plugin AutomationUtils
LogPluginManager: Mounting plugin ScreenshotTools
LogPluginManager: Mounting plugin BackChannel
LogPluginManager: Mounting plugin ChaosClothEditor
LogPluginManager: Mounting plugin ChaosCloth
LogPluginManager: Mounting plugin ChaosEditor
LogPluginManager: Mounting plugin PlanarCut
LogPluginManager: Mounting plugin GeometryProcessing
LogPluginManager: Mounting plugin EditableMesh
LogPluginManager: Mounting plugin GeometryCollectionPlugin
LogPluginManager: Mounting plugin ChaosSolverPlugin
LogPluginManager: Mounting plugin ChaosNiagara
LogPluginManager: Mounting plugin Niagara
LogPluginManager: Mounting plugin PythonScriptPlugin
LogPluginManager: Mounting plugin CharacterAI
LogPluginManager: Mounting plugin MotoSynth
LogPluginManager: Mounting plugin OpenImageDenoise
LogPluginManager: Mounting plugin PlatformCrypto
LogPluginManager: Mounting plugin MagicLeapPassableWorld
LogPluginManager: Mounting plugin MagicLeap
LogPluginManager: Mounting plugin MLSDK
LogPluginManager: Mounting plugin MagicLeapLightEstimation
LogPluginManager: Mounting plugin AvfMedia
LogPluginManager: Mounting plugin ImgMedia
LogPluginManager: Mounting plugin MediaCompositing
LogPluginManager: Mounting plugin MeshPainting
LogPluginManager: Mounting plugin TcpMessaging
LogPluginManager: Mounting plugin UdpMessaging
LogPluginManager: Mounting plugin ActorSequence
LogPluginManager: Mounting plugin MatineeToLevelSequence
LogPluginManager: Mounting plugin OnlineSubsystemNull
LogPluginManager: Mounting plugin OnlineSubsystem
LogPluginManager: Mounting plugin OnlineSubsystemUtils
LogPluginManager: Mounting plugin LauncherChunkInstaller
LogPluginManager: Mounting plugin ActorLayerUtilities
LogPluginManager: Mounting plugin AndroidPermission
LogPluginManager: Mounting plugin AppleImageUtils
LogPluginManager: Mounting plugin ArchVisCharacter
LogPluginManager: Mounting plugin AssetTags
LogPluginManager: Mounting plugin AudioCapture
LogPluginManager: Mounting plugin CableComponent
LogPluginManager: Mounting plugin ChunkDownloader
LogPluginManager: Mounting plugin CustomMeshComponent
LogPluginManager: Mounting plugin ExampleDeviceProfileSelector
LogPluginManager: Mounting plugin GooglePAD
LogPluginManager: Mounting plugin LocationServicesBPLibrary
LogPluginManager: Mounting plugin MobilePatchingUtils
LogPluginManager: Mounting plugin OculusVR
LogPluginManager: Mounting plugin OpenXREyeTracker
LogPluginManager: Mounting plugin OpenXR
LogPluginManager: Mounting plugin OpenXRHandTracking
LogPluginManager: Mounting plugin LiveLink
LogPluginManager: Mounting plugin Takes
LogPluginManager: Mounting plugin PhysXVehicles
LogPluginManager: Mounting plugin RuntimePhysXCooking
LogPluginManager: Mounting plugin SoundFields
LogPluginManager: Mounting plugin SteamVR
LogPluginManager: Mounting plugin Synthesis
LogPluginManager: Mounting plugin AudioSynesthesia
LogPluginManager: Mounting plugin WindowsMoviePlayer
LogLuminAPIImpl: Warning: MLSDK not found.  This likely means the MLSDK environment variable is not set.
LogInit: Using libcurl 7.55.1-DEV
LogInit:  - built for x86_64-pc-win32
LogInit:  - supports SSL with OpenSSL/1.1.1
LogInit:  - supports HTTP deflate (compression) using libz 1.2.8
LogInit:  - other features:
LogInit:      CURL_VERSION_SSL
LogInit:      CURL_VERSION_LIBZ
LogInit:      CURL_VERSION_IPV6
LogInit:      CURL_VERSION_ASYNCHDNS
LogInit:      CURL_VERSION_LARGEFILE
LogInit:      CURL_VERSION_IDN
LogInit:  CurlRequestOptions (configurable via config and command line):
LogInit:  - bVerifyPeer = true  - Libcurl will verify peer certificate
LogInit:  - bUseHttpProxy = false  - Libcurl will NOT use HTTP proxy
LogInit:  - bDontReuseConnections = false  - Libcurl will reuse connections
LogInit:  - MaxHostConnections = 16  - Libcurl will limit the number of connections to a host
LogInit:  - LocalHostAddr = Default
LogInit:  - BufferSize = 65536
LogOnline: OSS: Creating online subsystem instance for: NULL
LogInit: WinSock: version 1.1 (2.2), MaxSocks=32767, MaxUdp=65467
LogOnline: OSS: TryLoadSubsystemAndSetDefault: Loaded subsystem for module [NULL]
LogInit: Build: ++UE4+Release-4.27-CL-0
LogInit: Engine Version: 4.27.0-0+++UE4+Release-4.27
LogInit: Compatible Engine Version: 4.27.0-0+++UE4+Release-4.27
LogInit: Net CL: 0
LogInit: OS: Windows 10 (Release 2009) (), CPU: AMD Ryzen 7 3700X 8-Core Processor             , GPU: NVIDIA GeForce GTX 1660 Ti
LogInit: Compiled (64-bit): Oct  7 2021 16:09:59
LogInit: Compiled with Visual C++: 19.29.30136.00
LogInit: Build Configuration: Development
LogInit: Branch Name: ++UE4+Release-4.27
LogInit: Command Line:  -log
LogInit: Base Directory: D:/z_record/unreal/usagiMultiBuild/WindowsServer/usagiMultiBuild/Binaries/Win64/
LogInit: Allocator: binned2
LogInit: Installed Engine Build: 0
LogDevObjectVersion: Number of dev versions registered: 29
LogDevObjectVersion:   Dev-Blueprints (B0D832E4-1F89-4F0D-ACCF-7EB736FD4AA2): 10
LogDevObjectVersion:   Dev-Build (E1C64328-A22C-4D53-A36C-8E866417BD8C): 0
LogDevObjectVersion:   Dev-Core (375EC13C-06E4-48FB-B500-84F0262A717E): 4
LogDevObjectVersion:   Dev-Editor (E4B068ED-F494-42E9-A231-DA0B2E46BB41): 40
LogDevObjectVersion:   Dev-Framework (CFFC743F-43B0-4480-9391-14DF171D2073): 37
LogDevObjectVersion:   Dev-Mobile (B02B49B5-BB20-44E9-A304-32B752E40360): 3
LogDevObjectVersion:   Dev-Networking (A4E4105C-59A1-49B5-A7C5-40C4547EDFEE): 0
LogDevObjectVersion:   Dev-Online (39C831C9-5AE6-47DC-9A44-9C173E1C8E7C): 0
LogDevObjectVersion:   Dev-Physics (78F01B33-EBEA-4F98-B9B4-84EACCB95AA2): 14
LogDevObjectVersion:   Dev-Platform (6631380F-2D4D-43E0-8009-CF276956A95A): 0
LogDevObjectVersion:   Dev-Rendering (12F88B9F-8875-4AFC-A67C-D90C383ABD29): 45
LogDevObjectVersion:   Dev-Sequencer (7B5AE74C-D270-4C10-A958-57980B212A5A): 13
LogDevObjectVersion:   Dev-VR (D7296918-1DD6-4BDD-9DE2-64A83CC13884): 3
LogDevObjectVersion:   Dev-LoadTimes (C2A15278-BFE7-4AFE-6C17-90FF531DF755): 1
LogDevObjectVersion:   Private-Geometry (6EACA3D4-40EC-4CC1-B786-8BED09428FC5): 3
LogDevObjectVersion:   Dev-AnimPhys (29E575DD-E0A3-4627-9D10-D276232CDCEA): 17
LogDevObjectVersion:   Dev-Anim (AF43A65D-7FD3-4947-9873-3E8ED9C1BB05): 15
LogDevObjectVersion:   Dev-ReflectionCapture (6B266CEC-1EC7-4B8F-A30B-E4D90942FC07): 1
LogDevObjectVersion:   Dev-Automation (0DF73D61-A23F-47EA-B727-89E90C41499A): 1
LogDevObjectVersion:   FortniteMain (601D1886-AC64-4F84-AA16-D3DE0DEAC7D6): 47
LogDevObjectVersion:   FortniteRelease (E7086368-6B23-4C58-8439-1B7016265E91): 1
LogDevObjectVersion:   Dev-Enterprise (9DFFBCD6-494F-0158-E221-12823C92A888): 10
LogDevObjectVersion:   Dev-Niagara (F2AED0AC-9AFE-416F-8664-AA7FFA26D6FC): 1
LogDevObjectVersion:   Dev-Destruction (174F1F0B-B4C6-45A5-B13F-2EE8D0FB917D): 10
LogDevObjectVersion:   Dev-Physics-Ext (35F94A83-E258-406C-A318-09F59610247C): 41
LogDevObjectVersion:   Dev-PhysicsMaterial-Chaos (B68FC16E-8B1B-42E2-B453-215C058844FE): 1
LogDevObjectVersion:   Dev-CineCamera (B2E18506-4273-CFC2-A54E-F4BB758BBA07): 1
LogDevObjectVersion:   Dev-VirtualProduction (64F58936-FD1B-42BA-BA96-7289D5D0FA4E): 1
LogDevObjectVersion:   Dev-MediaFramework (6F0ED827-A609-4895-9C91-998D90180EA4): 2
LogInit: Presizing for max 2097152 objects, including 1 objects not considered by GC, pre-allocating 0 bytes for permanent pool.
LogConfig: Applying CVar settings from Section [/Script/Engine.StreamingSettings] File [../../../usagiMultiBuild/Saved/Config/WindowsServer/Engine.ini]
LogConfig: Setting CVar [[s.MinBulkDataSizeForAsyncLoading:131072]]
LogConfig: Setting CVar [[s.AsyncLoadingThreadEnabled:0]]
LogConfig: Setting CVar [[s.EventDrivenLoaderEnabled:1]]
LogConfig: Setting CVar [[s.WarnIfTimeLimitExceeded:0]]
LogConfig: Setting CVar [[s.TimeLimitExceededMultiplier:1.5]]
LogConfig: Setting CVar [[s.TimeLimitExceededMinTime:0.005]]
LogConfig: Setting CVar [[s.UseBackgroundLevelStreaming:1]]
LogConfig: Setting CVar [[s.PriorityAsyncLoadingExtraTime:15.0]]
LogConfig: Setting CVar [[s.LevelStreamingActorsUpdateTimeLimit:5.0]]
LogConfig: Setting CVar [[s.PriorityLevelStreamingActorsUpdateExtraTime:5.0]]
LogConfig: Setting CVar [[s.LevelStreamingComponentsRegistrationGranularity:10]]
LogConfig: Setting CVar [[s.UnregisterComponentsTimeLimit:1.0]]
LogConfig: Setting CVar [[s.LevelStreamingComponentsUnregistrationGranularity:5]]
LogConfig: Setting CVar [[s.FlushStreamingOnExit:1]]
LogStreaming: Display: Async Loading initialized: Event Driven Loader: true, Async Loading Thread: false, Async Post Load: false
LogInit: Object subsystem initialized
LogConfig: Setting CVar [[con.DebugEarlyDefault:1]]
LogConfig: Setting CVar [[r.setres:1280x720]]
LogConfig: Setting CVar [[fx.NiagaraAllowRuntimeScalabilityChanges:1]]
[2021.10.10-07.37.23:534][  0]LogConfig: Setting CVar [[con.DebugEarlyDefault:1]]
[2021.10.10-07.37.23:535][  0]LogConfig: Setting CVar [[r.setres:1280x720]]
[2021.10.10-07.37.23:535][  0]LogConfig: Setting CVar [[fx.NiagaraAllowRuntimeScalabilityChanges:1]]
[2021.10.10-07.37.23:536][  0]LogConfig: Applying CVar settings from Section [/Script/Engine.RendererSettings] File [../../../usagiMultiBuild/Saved/Config/WindowsServer/Engine.ini]
[2021.10.10-07.37.23:536][  0]LogConfig: Setting CVar [[r.GPUCrashDebugging:0]]
[2021.10.10-07.37.23:536][  0]LogConfig: Applying CVar settings from Section [/Script/Engine.RendererOverrideSettings] File [../../../usagiMultiBuild/Saved/Config/WindowsServer/Engine.ini]
[2021.10.10-07.37.23:537][  0]LogConfig: Applying CVar settings from Section [/Script/Engine.StreamingSettings] File [../../../usagiMultiBuild/Saved/Config/WindowsServer/Engine.ini]
[2021.10.10-07.37.23:537][  0]LogConfig: Setting CVar [[s.MinBulkDataSizeForAsyncLoading:131072]]
[2021.10.10-07.37.23:538][  0]LogConfig: Setting CVar [[s.AsyncLoadingThreadEnabled:0]]
[2021.10.10-07.37.23:538][  0]LogConfig: Setting CVar [[s.EventDrivenLoaderEnabled:1]]
[2021.10.10-07.37.23:540][  0]LogConfig: Setting CVar [[s.WarnIfTimeLimitExceeded:0]]
[2021.10.10-07.37.23:541][  0]LogConfig: Setting CVar [[s.TimeLimitExceededMultiplier:1.5]]
[2021.10.10-07.37.23:542][  0]LogConfig: Setting CVar [[s.TimeLimitExceededMinTime:0.005]]
[2021.10.10-07.37.23:542][  0]LogConfig: Setting CVar [[s.UseBackgroundLevelStreaming:1]]
[2021.10.10-07.37.23:542][  0]LogConfig: Setting CVar [[s.PriorityAsyncLoadingExtraTime:15.0]]
[2021.10.10-07.37.23:543][  0]LogConfig: Setting CVar [[s.LevelStreamingActorsUpdateTimeLimit:5.0]]
[2021.10.10-07.37.23:543][  0]LogConfig: Setting CVar [[s.PriorityLevelStreamingActorsUpdateExtraTime:5.0]]
[2021.10.10-07.37.23:544][  0]LogConfig: Setting CVar [[s.LevelStreamingComponentsRegistrationGranularity:10]]
[2021.10.10-07.37.23:544][  0]LogConfig: Setting CVar [[s.UnregisterComponentsTimeLimit:1.0]]
[2021.10.10-07.37.23:545][  0]LogConfig: Setting CVar [[s.LevelStreamingComponentsUnregistrationGranularity:5]]
[2021.10.10-07.37.23:545][  0]LogConfig: Setting CVar [[s.FlushStreamingOnExit:1]]
[2021.10.10-07.37.23:546][  0]LogConfig: Applying CVar settings from Section [/Script/Engine.GarbageCollectionSettings] File [../../../usagiMultiBuild/Saved/Config/WindowsServer/Engine.ini]
[2021.10.10-07.37.23:546][  0]LogConfig: Setting CVar [[gc.MaxObjectsNotConsideredByGC:1]]
[2021.10.10-07.37.23:546][  0]LogConfig: Setting CVar [[gc.SizeOfPermanentObjectPool:0]]
[2021.10.10-07.37.23:547][  0]LogConfig: Setting CVar [[gc.FlushStreamingOnGC:0]]
[2021.10.10-07.37.23:547][  0]LogConfig: Setting CVar [[gc.NumRetriesBeforeForcingGC:10]]
[2021.10.10-07.37.23:548][  0]LogConfig: Setting CVar [[gc.AllowParallelGC:1]]
[2021.10.10-07.37.23:548][  0]LogConfig: Setting CVar [[gc.TimeBetweenPurgingPendingKillObjects:61.1]]
[2021.10.10-07.37.23:548][  0]LogConfig: Setting CVar [[gc.MaxObjectsInEditor:25165824]]
[2021.10.10-07.37.23:549][  0]LogConfig: Setting CVar [[gc.IncrementalBeginDestroyEnabled:1]]
[2021.10.10-07.37.23:549][  0]LogConfig: Setting CVar [[gc.CreateGCClusters:1]]
[2021.10.10-07.37.23:550][  0]LogConfig: Setting CVar [[gc.MinGCClusterSize:5]]
[2021.10.10-07.37.23:550][  0]LogConfig: Setting CVar [[gc.ActorClusteringEnabled:0]]
[2021.10.10-07.37.23:551][  0]LogConfig: Setting CVar [[gc.BlueprintClusteringEnabled:0]]
[2021.10.10-07.37.23:551][  0]LogConfig: Setting CVar [[gc.UseDisregardForGCOnDedicatedServers:0]]
[2021.10.10-07.37.23:551][  0]LogConfig: Setting CVar [[gc.MultithreadedDestructionEnabled:1]]
[2021.10.10-07.37.23:552][  0]LogConfig: Applying CVar settings from Section [/Script/Engine.NetworkSettings] File [../../../usagiMultiBuild/Saved/Config/WindowsServer/Engine.ini]
[2021.10.10-07.37.23:552][  0]LogConfig: Applying CVar settings from Section [ViewDistanceQuality@3] File [../../../usagiMultiBuild/Saved/Config/WindowsServer/Scalability.ini]
[2021.10.10-07.37.23:554][  0]LogConfig: Setting CVar [[r.SkeletalMeshLODBias:0]]
[2021.10.10-07.37.23:556][  0]LogConfig: Setting CVar [[r.ViewDistanceScale:1.0]]
[2021.10.10-07.37.23:556][  0]LogConfig: Applying CVar settings from Section [AntiAliasingQuality@3] File [../../../usagiMultiBuild/Saved/Config/WindowsServer/Scalability.ini]
[2021.10.10-07.37.23:557][  0]LogConfig: Setting CVar [[r.PostProcessAAQuality:4]]
[2021.10.10-07.37.23:558][  0]LogConfig: Applying CVar settings from Section [ShadowQuality@3] File [../../../usagiMultiBuild/Saved/Config/WindowsServer/Scalability.ini]
[2021.10.10-07.37.23:558][  0]LogConfig: Setting CVar [[r.LightFunctionQuality:1]]
[2021.10.10-07.37.23:559][  0]LogConfig: Setting CVar [[r.ShadowQuality:5]]
[2021.10.10-07.37.23:560][  0]LogConfig: Setting CVar [[r.Shadow.CSM.MaxCascades:10]]
[2021.10.10-07.37.23:560][  0]LogConfig: Setting CVar [[r.Shadow.MaxResolution:2048]]
[2021.10.10-07.37.23:561][  0]LogConfig: Setting CVar [[r.Shadow.MaxCSMResolution:2048]]
[2021.10.10-07.37.23:562][  0]LogConfig: Setting CVar [[r.Shadow.RadiusThreshold:0.01]]
[2021.10.10-07.37.23:562][  0]LogConfig: Setting CVar [[r.Shadow.DistanceScale:1.0]]
[2021.10.10-07.37.23:563][  0]LogConfig: Setting CVar [[r.Shadow.CSM.TransitionScale:1.0]]
[2021.10.10-07.37.23:563][  0]LogConfig: Setting CVar [[r.Shadow.PreShadowResolutionFactor:1.0]]
[2021.10.10-07.37.23:564][  0]LogConfig: Setting CVar [[r.DistanceFieldShadowing:1]]
[2021.10.10-07.37.23:564][  0]LogConfig: Setting CVar [[r.DistanceFieldAO:1]]
[2021.10.10-07.37.23:565][  0]LogConfig: Setting CVar [[r.AOQuality:2]]
[2021.10.10-07.37.23:565][  0]LogConfig: Setting CVar [[r.VolumetricFog:1]]
[2021.10.10-07.37.23:565][  0]LogConfig: Setting CVar [[r.VolumetricFog.GridPixelSize:8]]
[2021.10.10-07.37.23:566][  0]LogConfig: Setting CVar [[r.VolumetricFog.GridSizeZ:128]]
[2021.10.10-07.37.23:566][  0]LogConfig: Setting CVar [[r.VolumetricFog.HistoryMissSupersampleCount:4]]
[2021.10.10-07.37.23:567][  0]LogConfig: Setting CVar [[r.LightMaxDrawDistanceScale:1]]
[2021.10.10-07.37.23:567][  0]LogConfig: Setting CVar [[r.CapsuleShadows:1]]
[2021.10.10-07.37.23:568][  0]LogConfig: Applying CVar settings from Section [PostProcessQuality@3] File [../../../usagiMultiBuild/Saved/Config/WindowsServer/Scalability.ini]
[2021.10.10-07.37.23:568][  0]LogConfig: Setting CVar [[r.MotionBlurQuality:4]]
[2021.10.10-07.37.23:569][  0]LogConfig: Setting CVar [[r.AmbientOcclusionMipLevelFactor:0.4]]
[2021.10.10-07.37.23:569][  0]LogConfig: Setting CVar [[r.AmbientOcclusionMaxQuality:100]]
[2021.10.10-07.37.23:569][  0]LogConfig: Setting CVar [[r.AmbientOcclusionLevels:-1]]
[2021.10.10-07.37.23:571][  0]LogConfig: Setting CVar [[r.AmbientOcclusionRadiusScale:1.0]]
[2021.10.10-07.37.23:572][  0]LogConfig: Setting CVar [[r.DepthOfFieldQuality:2]]
[2021.10.10-07.37.23:572][  0]LogConfig: Setting CVar [[r.RenderTargetPoolMin:400]]
[2021.10.10-07.37.23:573][  0]LogConfig: Setting CVar [[r.LensFlareQuality:2]]
[2021.10.10-07.37.23:573][  0]LogConfig: Setting CVar [[r.SceneColorFringeQuality:1]]
[2021.10.10-07.37.23:574][  0]LogConfig: Setting CVar [[r.EyeAdaptationQuality:2]]
[2021.10.10-07.37.23:574][  0]LogConfig: Setting CVar [[r.BloomQuality:5]]
[2021.10.10-07.37.23:574][  0]LogConfig: Setting CVar [[r.FastBlurThreshold:100]]
[2021.10.10-07.37.23:575][  0]LogConfig: Setting CVar [[r.Upscale.Quality:3]]
[2021.10.10-07.37.23:575][  0]LogConfig: Setting CVar [[r.Tonemapper.GrainQuantization:1]]
[2021.10.10-07.37.23:576][  0]LogConfig: Setting CVar [[r.LightShaftQuality:1]]
[2021.10.10-07.37.23:576][  0]LogConfig: Setting CVar [[r.Filter.SizeScale:1]]
[2021.10.10-07.37.23:576][  0]LogConfig: Setting CVar [[r.Tonemapper.Quality:5]]
[2021.10.10-07.37.23:577][  0]LogConfig: Setting CVar [[r.DOF.Gather.AccumulatorQuality:1        ; higher gathering accumulator quality]]
[2021.10.10-07.37.23:577][  0]LogConfig: Setting CVar [[r.DOF.Gather.PostfilterMethod:1          ; Median3x3 postfilering method]]
[2021.10.10-07.37.23:578][  0]LogConfig: Setting CVar [[r.DOF.Gather.EnableBokehSettings:0       ; no bokeh simulation when gathering]]
[2021.10.10-07.37.23:578][  0]LogConfig: Setting CVar [[r.DOF.Gather.RingCount:4                 ; medium number of samples when gathering]]
[2021.10.10-07.37.23:579][  0]LogConfig: Setting CVar [[r.DOF.Scatter.ForegroundCompositing:1    ; additive foreground scattering]]
[2021.10.10-07.37.23:579][  0]LogConfig: Setting CVar [[r.DOF.Scatter.BackgroundCompositing:2    ; additive background scattering]]
[2021.10.10-07.37.23:580][  0]LogConfig: Setting CVar [[r.DOF.Scatter.EnableBokehSettings:1      ; bokeh simulation when scattering]]
[2021.10.10-07.37.23:580][  0]LogConfig: Setting CVar [[r.DOF.Scatter.MaxSpriteRatio:0.1         ; only a maximum of 10% of scattered bokeh]]
[2021.10.10-07.37.23:580][  0]LogConfig: Setting CVar [[r.DOF.Recombine.Quality:1                ; cheap slight out of focus]]
[2021.10.10-07.37.23:581][  0]LogConfig: Setting CVar [[r.DOF.Recombine.EnableBokehSettings:0    ; no bokeh simulation on slight out of focus]]
[2021.10.10-07.37.23:581][  0]LogConfig: Setting CVar [[r.DOF.TemporalAAQuality:1                ; more stable temporal accumulation]]
[2021.10.10-07.37.23:582][  0]LogConfig: Setting CVar [[r.DOF.Kernel.MaxForegroundRadius:0.025]]
[2021.10.10-07.37.23:582][  0]LogConfig: Setting CVar [[r.DOF.Kernel.MaxBackgroundRadius:0.025]]
[2021.10.10-07.37.23:583][  0]LogConfig: Applying CVar settings from Section [TextureQuality@3] File [../../../usagiMultiBuild/Saved/Config/WindowsServer/Scalability.ini]
[2021.10.10-07.37.23:583][  0]LogConfig: Setting CVar [[r.Streaming.MipBias:0]]
[2021.10.10-07.37.23:584][  0]LogConfig: Setting CVar [[r.Streaming.AmortizeCPUToGPUCopy:0]]
[2021.10.10-07.37.23:585][  0]LogConfig: Setting CVar [[r.Streaming.MaxNumTexturesToStreamPerFrame:0]]
[2021.10.10-07.37.23:586][  0]LogConfig: Setting CVar [[r.Streaming.Boost:1]]
[2021.10.10-07.37.23:588][  0]LogConfig: Setting CVar [[r.MaxAnisotropy:8]]
[2021.10.10-07.37.23:588][  0]LogConfig: Setting CVar [[r.VT.MaxAnisotropy:8]]
[2021.10.10-07.37.23:588][  0]LogConfig: Setting CVar [[r.Streaming.LimitPoolSizeToVRAM:0]]
[2021.10.10-07.37.23:589][  0]LogConfig: Setting CVar [[r.Streaming.PoolSize:1000]]
[2021.10.10-07.37.23:589][  0]LogConfig: Setting CVar [[r.Streaming.MaxEffectiveScreenSize:0]]
[2021.10.10-07.37.23:590][  0]LogConfig: Applying CVar settings from Section [EffectsQuality@3] File [../../../usagiMultiBuild/Saved/Config/WindowsServer/Scalability.ini]
[2021.10.10-07.37.23:591][  0]LogConfig: Setting CVar [[r.TranslucencyLightingVolumeDim:64]]
[2021.10.10-07.37.23:591][  0]LogConfig: Setting CVar [[r.RefractionQuality:2]]
[2021.10.10-07.37.23:592][  0]LogConfig: Setting CVar [[r.SSR.Quality:3]]
[2021.10.10-07.37.23:592][  0]LogConfig: Setting CVar [[r.SSR.HalfResSceneColor:0]]
[2021.10.10-07.37.23:593][  0]LogConfig: Setting CVar [[r.SceneColorFormat:4]]
[2021.10.10-07.37.23:593][  0]LogConfig: Setting CVar [[r.DetailMode:2]]
[2021.10.10-07.37.23:594][  0]LogConfig: Setting CVar [[r.TranslucencyVolumeBlur:1]]
[2021.10.10-07.37.23:594][  0]LogConfig: Setting CVar [[r.MaterialQualityLevel:1 ; High quality]]
[2021.10.10-07.37.23:595][  0]LogConfig: Setting CVar [[r.AnisotropicMaterials:1]]
[2021.10.10-07.37.23:595][  0]LogConfig: Setting CVar [[r.SSS.Scale:1]]
[2021.10.10-07.37.23:595][  0]LogConfig: Setting CVar [[r.SSS.SampleSet:2]]
[2021.10.10-07.37.23:596][  0]LogConfig: Setting CVar [[r.SSS.Quality:1]]
[2021.10.10-07.37.23:596][  0]LogConfig: Setting CVar [[r.SSS.HalfRes:0]]
[2021.10.10-07.37.23:597][  0]LogConfig: Setting CVar [[r.SSGI.Quality:3]]
[2021.10.10-07.37.23:597][  0]LogConfig: Setting CVar [[r.EmitterSpawnRateScale:1.0]]
[2021.10.10-07.37.23:597][  0]LogConfig: Setting CVar [[r.ParticleLightQuality:2]]
[2021.10.10-07.37.23:598][  0]LogConfig: Setting CVar [[r.SkyAtmosphere.AerialPerspectiveLUT.FastApplyOnOpaque:1 ; Always have FastSkyLUT 1 in this case to avoid wrong sky]]
[2021.10.10-07.37.23:598][  0]LogConfig: Setting CVar [[r.SkyAtmosphere.AerialPerspectiveLUT.SampleCountMaxPerSlice:4]]
[2021.10.10-07.37.23:599][  0]LogConfig: Setting CVar [[r.SkyAtmosphere.AerialPerspectiveLUT.DepthResolution:16.0]]
[2021.10.10-07.37.23:601][  0]LogConfig: Setting CVar [[r.SkyAtmosphere.FastSkyLUT:1]]
[2021.10.10-07.37.23:601][  0]LogConfig: Setting CVar [[r.SkyAtmosphere.FastSkyLUT.SampleCountMin:4.0]]
[2021.10.10-07.37.23:602][  0]LogConfig: Setting CVar [[r.SkyAtmosphere.FastSkyLUT.SampleCountMax:128.0]]
[2021.10.10-07.37.23:603][  0]LogConfig: Setting CVar [[r.SkyAtmosphere.SampleCountMin:4.0]]
[2021.10.10-07.37.23:604][  0]LogConfig: Setting CVar [[r.SkyAtmosphere.SampleCountMax:128.0]]
[2021.10.10-07.37.23:604][  0]LogConfig: Setting CVar [[r.SkyAtmosphere.TransmittanceLUT.UseSmallFormat:0]]
[2021.10.10-07.37.23:605][  0]LogConfig: Setting CVar [[r.SkyAtmosphere.TransmittanceLUT.SampleCount:10.0]]
[2021.10.10-07.37.23:605][  0]LogConfig: Setting CVar [[r.SkyAtmosphere.MultiScatteringLUT.SampleCount:15.0]]
[2021.10.10-07.37.23:606][  0]LogConfig: Setting CVar [[r.SkyLight.RealTimeReflectionCapture:1]]
[2021.10.10-07.37.23:606][  0]LogConfig: Setting CVar [[fx.Niagara.QualityLevel:3]]
[2021.10.10-07.37.23:607][  0]LogConfig: Applying CVar settings from Section [FoliageQuality@3] File [../../../usagiMultiBuild/Saved/Config/WindowsServer/Scalability.ini]
[2021.10.10-07.37.23:607][  0]LogConfig: Setting CVar [[foliage.DensityScale:1.0]]
[2021.10.10-07.37.23:608][  0]LogConfig: Setting CVar [[grass.DensityScale:1.0]]
[2021.10.10-07.37.23:608][  0]LogConfig: Applying CVar settings from Section [ShadingQuality@3] File [../../../usagiMultiBuild/Saved/Config/WindowsServer/Scalability.ini]
[2021.10.10-07.37.23:609][  0]LogConfig: Setting CVar [[r.HairStrands.SkyLighting.IntegrationType:2]]
[2021.10.10-07.37.23:609][  0]LogConfig: Setting CVar [[r.HairStrands.SkyAO.SampleCount:4]]
[2021.10.10-07.37.23:610][  0]LogConfig: Setting CVar [[r.HairStrands.Visibility.MSAA.SamplePerPixel:4]]
[2021.10.10-07.37.23:610][  0]LogInit: Selected Device Profile: [WindowsServer]
[2021.10.10-07.37.23:611][  0]LogInit: Applying CVar settings loaded from the selected device profile: [WindowsServer]
[2021.10.10-07.37.23:611][  0]LogHAL: Display: Platform has ~ 32 GB [34294329344 / 34359738368 / 32], which maps to Largest [LargestMinGB=32, LargerMinGB=12, DefaultMinGB=8, SmallerMinGB=6, SmallestMinGB=0)
[2021.10.10-07.37.23:611][  0]LogInit: Going up to parent DeviceProfile [Windows]
[2021.10.10-07.37.23:612][  0]LogInit: Going up to parent DeviceProfile []
[2021.10.10-07.37.23:612][  0]LogConfig: Applying CVar settings from Section [ViewDistanceQuality@3] File [../../../usagiMultiBuild/Saved/Config/WindowsServer/Scalability.ini]
[2021.10.10-07.37.23:613][  0]LogConfig: Setting CVar [[r.SkeletalMeshLODBias:0]]
[2021.10.10-07.37.23:613][  0]LogConfig: Setting CVar [[r.ViewDistanceScale:1.0]]
[2021.10.10-07.37.23:614][  0]LogConfig: Applying CVar settings from Section [AntiAliasingQuality@3] File [../../../usagiMultiBuild/Saved/Config/WindowsServer/Scalability.ini]
[2021.10.10-07.37.23:614][  0]LogConfig: Setting CVar [[r.PostProcessAAQuality:4]]
[2021.10.10-07.37.23:615][  0]LogConfig: Applying CVar settings from Section [ShadowQuality@3] File [../../../usagiMultiBuild/Saved/Config/WindowsServer/Scalability.ini]
[2021.10.10-07.37.23:615][  0]LogConfig: Setting CVar [[r.LightFunctionQuality:1]]
[2021.10.10-07.37.23:616][  0]LogConfig: Setting CVar [[r.ShadowQuality:5]]
[2021.10.10-07.37.23:616][  0]LogConfig: Setting CVar [[r.Shadow.CSM.MaxCascades:10]]
[2021.10.10-07.37.23:618][  0]LogConfig: Setting CVar [[r.Shadow.MaxResolution:2048]]
[2021.10.10-07.37.23:619][  0]LogConfig: Setting CVar [[r.Shadow.MaxCSMResolution:2048]]
[2021.10.10-07.37.23:619][  0]LogConfig: Setting CVar [[r.Shadow.RadiusThreshold:0.01]]
[2021.10.10-07.37.23:619][  0]LogConfig: Setting CVar [[r.Shadow.DistanceScale:1.0]]
[2021.10.10-07.37.23:620][  0]LogConfig: Setting CVar [[r.Shadow.CSM.TransitionScale:1.0]]
[2021.10.10-07.37.23:620][  0]LogConfig: Setting CVar [[r.Shadow.PreShadowResolutionFactor:1.0]]
[2021.10.10-07.37.23:621][  0]LogConfig: Setting CVar [[r.DistanceFieldShadowing:1]]
[2021.10.10-07.37.23:621][  0]LogConfig: Setting CVar [[r.DistanceFieldAO:1]]
[2021.10.10-07.37.23:622][  0]LogConfig: Setting CVar [[r.AOQuality:2]]
[2021.10.10-07.37.23:622][  0]LogConfig: Setting CVar [[r.VolumetricFog:1]]
[2021.10.10-07.37.23:623][  0]LogConfig: Setting CVar [[r.VolumetricFog.GridPixelSize:8]]
[2021.10.10-07.37.23:623][  0]LogConfig: Setting CVar [[r.VolumetricFog.GridSizeZ:128]]
[2021.10.10-07.37.23:624][  0]LogConfig: Setting CVar [[r.VolumetricFog.HistoryMissSupersampleCount:4]]
[2021.10.10-07.37.23:624][  0]LogConfig: Setting CVar [[r.LightMaxDrawDistanceScale:1]]
[2021.10.10-07.37.23:624][  0]LogConfig: Setting CVar [[r.CapsuleShadows:1]]
[2021.10.10-07.37.23:625][  0]LogConfig: Applying CVar settings from Section [PostProcessQuality@3] File [../../../usagiMultiBuild/Saved/Config/WindowsServer/Scalability.ini]
[2021.10.10-07.37.23:625][  0]LogConfig: Setting CVar [[r.MotionBlurQuality:4]]
[2021.10.10-07.37.23:626][  0]LogConfig: Setting CVar [[r.AmbientOcclusionMipLevelFactor:0.4]]
[2021.10.10-07.37.23:626][  0]LogConfig: Setting CVar [[r.AmbientOcclusionMaxQuality:100]]
[2021.10.10-07.37.23:627][  0]LogConfig: Setting CVar [[r.AmbientOcclusionLevels:-1]]
[2021.10.10-07.37.23:627][  0]LogConfig: Setting CVar [[r.AmbientOcclusionRadiusScale:1.0]]
[2021.10.10-07.37.23:628][  0]LogConfig: Setting CVar [[r.DepthOfFieldQuality:2]]
[2021.10.10-07.37.23:628][  0]LogConfig: Setting CVar [[r.RenderTargetPoolMin:400]]
[2021.10.10-07.37.23:628][  0]LogConfig: Setting CVar [[r.LensFlareQuality:2]]
[2021.10.10-07.37.23:629][  0]LogConfig: Setting CVar [[r.SceneColorFringeQuality:1]]
[2021.10.10-07.37.23:629][  0]LogConfig: Setting CVar [[r.EyeAdaptationQuality:2]]
[2021.10.10-07.37.23:630][  0]LogConfig: Setting CVar [[r.BloomQuality:5]]
[2021.10.10-07.37.23:630][  0]LogConfig: Setting CVar [[r.FastBlurThreshold:100]]
[2021.10.10-07.37.23:630][  0]LogConfig: Setting CVar [[r.Upscale.Quality:3]]
[2021.10.10-07.37.23:631][  0]LogConfig: Setting CVar [[r.Tonemapper.GrainQuantization:1]]
[2021.10.10-07.37.23:631][  0]LogConfig: Setting CVar [[r.LightShaftQuality:1]]
[2021.10.10-07.37.23:632][  0]LogConfig: Setting CVar [[r.Filter.SizeScale:1]]
[2021.10.10-07.37.23:632][  0]LogConfig: Setting CVar [[r.Tonemapper.Quality:5]]
[2021.10.10-07.37.23:634][  0]LogConfig: Setting CVar [[r.DOF.Gather.AccumulatorQuality:1        ; higher gathering accumulator quality]]
[2021.10.10-07.37.23:634][  0]LogConfig: Setting CVar [[r.DOF.Gather.PostfilterMethod:1          ; Median3x3 postfilering method]]
[2021.10.10-07.37.23:635][  0]LogConfig: Setting CVar [[r.DOF.Gather.EnableBokehSettings:0       ; no bokeh simulation when gathering]]
[2021.10.10-07.37.23:635][  0]LogConfig: Setting CVar [[r.DOF.Gather.RingCount:4                 ; medium number of samples when gathering]]
[2021.10.10-07.37.23:636][  0]LogConfig: Setting CVar [[r.DOF.Scatter.ForegroundCompositing:1    ; additive foreground scattering]]
[2021.10.10-07.37.23:636][  0]LogConfig: Setting CVar [[r.DOF.Scatter.BackgroundCompositing:2    ; additive background scattering]]
[2021.10.10-07.37.23:636][  0]LogConfig: Setting CVar [[r.DOF.Scatter.EnableBokehSettings:1      ; bokeh simulation when scattering]]
[2021.10.10-07.37.23:637][  0]LogConfig: Setting CVar [[r.DOF.Scatter.MaxSpriteRatio:0.1         ; only a maximum of 10% of scattered bokeh]]
[2021.10.10-07.37.23:637][  0]LogConfig: Setting CVar [[r.DOF.Recombine.Quality:1                ; cheap slight out of focus]]
[2021.10.10-07.37.23:638][  0]LogConfig: Setting CVar [[r.DOF.Recombine.EnableBokehSettings:0    ; no bokeh simulation on slight out of focus]]
[2021.10.10-07.37.23:638][  0]LogConfig: Setting CVar [[r.DOF.TemporalAAQuality:1                ; more stable temporal accumulation]]
[2021.10.10-07.37.23:639][  0]LogConfig: Setting CVar [[r.DOF.Kernel.MaxForegroundRadius:0.025]]
[2021.10.10-07.37.23:640][  0]LogConfig: Setting CVar [[r.DOF.Kernel.MaxBackgroundRadius:0.025]]
[2021.10.10-07.37.23:640][  0]LogConfig: Applying CVar settings from Section [TextureQuality@3] File [../../../usagiMultiBuild/Saved/Config/WindowsServer/Scalability.ini]
[2021.10.10-07.37.23:640][  0]LogConfig: Setting CVar [[r.Streaming.MipBias:0]]
[2021.10.10-07.37.23:641][  0]LogConfig: Setting CVar [[r.Streaming.AmortizeCPUToGPUCopy:0]]
[2021.10.10-07.37.23:641][  0]LogConfig: Setting CVar [[r.Streaming.MaxNumTexturesToStreamPerFrame:0]]
[2021.10.10-07.37.23:642][  0]LogConfig: Setting CVar [[r.Streaming.Boost:1]]
[2021.10.10-07.37.23:642][  0]LogConfig: Setting CVar [[r.MaxAnisotropy:8]]
[2021.10.10-07.37.23:643][  0]LogConfig: Setting CVar [[r.VT.MaxAnisotropy:8]]
[2021.10.10-07.37.23:643][  0]LogConfig: Setting CVar [[r.Streaming.LimitPoolSizeToVRAM:0]]
[2021.10.10-07.37.23:643][  0]LogConfig: Setting CVar [[r.Streaming.PoolSize:1000]]
[2021.10.10-07.37.23:644][  0]LogConfig: Setting CVar [[r.Streaming.MaxEffectiveScreenSize:0]]
[2021.10.10-07.37.23:644][  0]LogConfig: Applying CVar settings from Section [EffectsQuality@3] File [../../../usagiMultiBuild/Saved/Config/WindowsServer/Scalability.ini]
[2021.10.10-07.37.23:645][  0]LogConfig: Setting CVar [[r.TranslucencyLightingVolumeDim:64]]
[2021.10.10-07.37.23:645][  0]LogConfig: Setting CVar [[r.RefractionQuality:2]]
[2021.10.10-07.37.23:646][  0]LogConfig: Setting CVar [[r.SSR.Quality:3]]
[2021.10.10-07.37.23:646][  0]LogConfig: Setting CVar [[r.SSR.HalfResSceneColor:0]]
[2021.10.10-07.37.23:647][  0]LogConfig: Setting CVar [[r.SceneColorFormat:4]]
[2021.10.10-07.37.23:647][  0]LogConfig: Setting CVar [[r.DetailMode:2]]
[2021.10.10-07.37.23:647][  0]LogConfig: Setting CVar [[r.TranslucencyVolumeBlur:1]]
[2021.10.10-07.37.23:648][  0]LogConfig: Setting CVar [[r.MaterialQualityLevel:1 ; High quality]]
[2021.10.10-07.37.23:648][  0]LogConfig: Setting CVar [[r.AnisotropicMaterials:1]]
[2021.10.10-07.37.23:649][  0]LogConfig: Setting CVar [[r.SSS.Scale:1]]
[2021.10.10-07.37.23:650][  0]LogConfig: Setting CVar [[r.SSS.SampleSet:2]]
[2021.10.10-07.37.23:651][  0]LogConfig: Setting CVar [[r.SSS.Quality:1]]
[2021.10.10-07.37.23:651][  0]LogConfig: Setting CVar [[r.SSS.HalfRes:0]]
[2021.10.10-07.37.23:652][  0]LogConfig: Setting CVar [[r.SSGI.Quality:3]]
[2021.10.10-07.37.23:652][  0]LogConfig: Setting CVar [[r.EmitterSpawnRateScale:1.0]]
[2021.10.10-07.37.23:652][  0]LogConfig: Setting CVar [[r.ParticleLightQuality:2]]
[2021.10.10-07.37.23:653][  0]LogConfig: Setting CVar [[r.SkyAtmosphere.AerialPerspectiveLUT.FastApplyOnOpaque:1 ; Always have FastSkyLUT 1 in this case to avoid wrong sky]]
[2021.10.10-07.37.23:653][  0]LogConfig: Setting CVar [[r.SkyAtmosphere.AerialPerspectiveLUT.SampleCountMaxPerSlice:4]]
[2021.10.10-07.37.23:654][  0]LogConfig: Setting CVar [[r.SkyAtmosphere.AerialPerspectiveLUT.DepthResolution:16.0]]
[2021.10.10-07.37.23:654][  0]LogConfig: Setting CVar [[r.SkyAtmosphere.FastSkyLUT:1]]
[2021.10.10-07.37.23:655][  0]LogConfig: Setting CVar [[r.SkyAtmosphere.FastSkyLUT.SampleCountMin:4.0]]
[2021.10.10-07.37.23:655][  0]LogConfig: Setting CVar [[r.SkyAtmosphere.FastSkyLUT.SampleCountMax:128.0]]
[2021.10.10-07.37.23:656][  0]LogConfig: Setting CVar [[r.SkyAtmosphere.SampleCountMin:4.0]]
[2021.10.10-07.37.23:656][  0]LogConfig: Setting CVar [[r.SkyAtmosphere.SampleCountMax:128.0]]
[2021.10.10-07.37.23:657][  0]LogConfig: Setting CVar [[r.SkyAtmosphere.TransmittanceLUT.UseSmallFormat:0]]
[2021.10.10-07.37.23:657][  0]LogConfig: Setting CVar [[r.SkyAtmosphere.TransmittanceLUT.SampleCount:10.0]]
[2021.10.10-07.37.23:658][  0]LogConfig: Setting CVar [[r.SkyAtmosphere.MultiScatteringLUT.SampleCount:15.0]]
[2021.10.10-07.37.23:658][  0]LogConfig: Setting CVar [[r.SkyLight.RealTimeReflectionCapture:1]]
[2021.10.10-07.37.23:659][  0]LogConfig: Setting CVar [[fx.Niagara.QualityLevel:3]]
[2021.10.10-07.37.23:659][  0]LogConfig: Applying CVar settings from Section [FoliageQuality@3] File [../../../usagiMultiBuild/Saved/Config/WindowsServer/Scalability.ini]
[2021.10.10-07.37.23:659][  0]LogConfig: Setting CVar [[foliage.DensityScale:1.0]]
[2021.10.10-07.37.23:660][  0]LogConfig: Setting CVar [[grass.DensityScale:1.0]]
[2021.10.10-07.37.23:660][  0]LogConfig: Applying CVar settings from Section [ShadingQuality@3] File [../../../usagiMultiBuild/Saved/Config/WindowsServer/Scalability.ini]
[2021.10.10-07.37.23:661][  0]LogConfig: Setting CVar [[r.HairStrands.SkyLighting.IntegrationType:2]]
[2021.10.10-07.37.23:661][  0]LogConfig: Setting CVar [[r.HairStrands.SkyAO.SampleCount:4]]
[2021.10.10-07.37.23:662][  0]LogConfig: Setting CVar [[r.HairStrands.Visibility.MSAA.SamplePerPixel:4]]
[2021.10.10-07.37.23:662][  0]LogConfig: Applying CVar settings from Section [Startup] File [../../../Engine/Config/ConsoleVariables.ini]
[2021.10.10-07.37.23:663][  0]LogConfig: Setting CVar [[net.UseAdaptiveNetUpdateFrequency:0]]
[2021.10.10-07.37.23:663][  0]LogConfig: Setting CVar [[p.chaos.AllowCreatePhysxBodies:1]]
[2021.10.10-07.37.23:663][  0]LogConfig: Setting CVar [[fx.SkipVectorVMBackendOptimizations:1]]
[2021.10.10-07.37.23:664][  0]LogConfig: Applying CVar settings from Section [ConsoleVariables] File [../../../usagiMultiBuild/Saved/Config/WindowsServer/Engine.ini]
[2021.10.10-07.37.23:665][  0]LogInit: Computer: DESKTOP-NSNTCUA
[2021.10.10-07.37.23:666][  0]LogInit: User: MAO
[2021.10.10-07.37.23:666][  0]LogInit: CPU Page size=4096, Cores=8
[2021.10.10-07.37.23:667][  0]LogInit: High frequency timer resolution =10.000000 MHz
[2021.10.10-07.37.23:667][  0]LogMemory: Memory total: Physical=31.9GB (32GB approx)
[2021.10.10-07.37.23:668][  0]LogMemory: Platform Memory Stats for WindowsServer
[2021.10.10-07.37.23:668][  0]LogMemory: Process Physical Memory: 75.57 MB used, 75.57 MB peak
[2021.10.10-07.37.23:668][  0]LogMemory: Process Virtual Memory: 76.48 MB used, 76.48 MB peak
[2021.10.10-07.37.23:669][  0]LogMemory: Physical Memory: 9657.24 MB used,  23048.38 MB free, 32705.62 MB total
[2021.10.10-07.37.23:669][  0]LogMemory: Virtual Memory: 134190144.00 MB used,  27584.48 MB free, 134217728.00 MB total
[2021.10.10-07.37.23:675][  0]LogWindows: WindowsPlatformFeatures disabled or dedicated server build
[2021.10.10-07.37.24:166][  0]LogInit: Physics initialised using underlying interface: PhysX
[2021.10.10-07.37.24:169][  0]LogInit: Using OS detected language (ja-JP).
[2021.10.10-07.37.24:169][  0]LogInit: Using OS detected locale (ja-JP).
[2021.10.10-07.37.24:170][  0]LogTextLocalizationManager: No localization for 'ja-JP' exists, so 'en' will be used for the language.
[2021.10.10-07.37.24:170][  0]LogTextLocalizationManager: No localization for 'ja-JP' exists, so 'en' will be used for the locale.
[2021.10.10-07.37.24:190][  0]LogRendererCore: Ray tracing is disabled. Reason: r.RayTracing=0.
[2021.10.10-07.37.24:191][  0]LogODSC: ODSC Thread active.
[2021.10.10-07.37.24:196][  0]LogInit: Using OS detected language (ja-JP).
[2021.10.10-07.37.24:197][  0]LogInit: Using OS detected locale (ja-JP).
[2021.10.10-07.37.24:197][  0]LogTextLocalizationManager: No localization for 'ja-JP' exists, so 'en' will be used for the language.
[2021.10.10-07.37.24:198][  0]LogTextLocalizationManager: No localization for 'ja-JP' exists, so 'en' will be used for the locale.
[2021.10.10-07.37.24:199][  0]LogTextLocalizationManager: Compacting localization data took   0.63ms
[2021.10.10-07.37.24:199][  0]LogAssetRegistry: FAssetRegistry took 0.0007 seconds to start up
[2021.10.10-07.37.24:258][  0]LogStreaming: Display: FlushAsyncLoading: 1 QueuedPackages, 0 AsyncPackages
[2021.10.10-07.37.24:258][  0]LogPackageLocalizationCache: Processed 28 localized package path(s) for 1 prioritized culture(s) in 0.000087 seconds
[2021.10.10-07.37.24:259][  0]LogPakFile: New pak file ../../../usagiMultiBuild/Content/Paks/usagiMultiBuild-WindowsServer.pak added to pak precacher.
[2021.10.10-07.37.24:260][  0]LogInit: Selected Device Profile: [WindowsServer]
[2021.10.10-07.37.24:261][  0]LogInit: Active device profile: [00000161EDE83340][00000161E8C99250 49] WindowsServer
[2021.10.10-07.37.24:261][  0]LogInit: Profiles: [00000161EDE834C0][00000161EC5D6DC0 49] Windows, [00000161EDE83340][00000161E8C99250 49] WindowsServer, 
[2021.10.10-07.37.24:268][  0]LogSerialization: Display: AllowBulkDataInIoStore: 'true'
[2021.10.10-07.37.24:291][  0]LogNetVersion: usagiMultiBuild 1.0.0, NetCL: 0, EngineNetVer: 17, GameNetVer: 0 (Checksum: 2140702117)
[2021.10.10-07.37.24:318][  0]LogAudioCaptureCore: Display: No Audio Capture implementations found. Audio input will be silent.
[2021.10.10-07.37.24:318][  0]LogAudioCaptureCore: Display: No Audio Capture implementations found. Audio input will be silent.
[2021.10.10-07.37.24:319][  0]LogHMD: PokeAHoleMaterial loaded successfully
[2021.10.10-07.37.24:341][  0]LogUObjectArray: 16016 objects as part of root set at end of initial load.
[2021.10.10-07.37.24:341][  0]LogUObjectAllocator: 3293816 out of 0 bytes used by permanent object pool.
[2021.10.10-07.37.24:341][  0]LogUObjectArray: CloseDisregardForGC: 16016/0 objects in disregard for GC pool
[2021.10.10-07.37.24:370][  0]LogNiagaraDebuggerClient: Niagara Debugger Client Initialized | Session: 3C392F09468546A6EEF7EAA7F700B852 | Instance: 6161D7E749FE7F26D114D5BC69538F93 (DESKTOP-NSNTCUA-14756).
[2021.10.10-07.37.24:387][  0]LogAndroidPermission: UAndroidPermissionCallbackProxy::GetInstance
[2021.10.10-07.37.24:388][  0]LogOcInput: OculusInput pre-init called
[2021.10.10-07.37.24:389][  0]LogEngine: Initializing Engine...
[2021.10.10-07.37.24:389][  0]LogStats: UGameplayTagsManager::InitializeManager -  0.000 s
[2021.10.10-07.37.24:393][  0]LogInit: Initializing FReadOnlyCVARCache
[2021.10.10-07.37.24:393][  0]LogNetVersion: Set ProjectVersion to 1.0.0.0. Version Checksum will be recalculated on next use.
[2021.10.10-07.37.24:394][  0]LogInit: Texture streaming: Disabled
[2021.10.10-07.37.24:408][  0]LogInit: Display: Game Engine Initialized.
[2021.10.10-07.37.24:408][  0]LogInit: Display: Starting Game.
[2021.10.10-07.37.24:408][  0]LogNet: Browse: /Game/ThirdPersonCPP/Maps/testMap?Name=Player
[2021.10.10-07.37.24:409][  0]LogLoad: LoadMap: /Game/ThirdPersonCPP/Maps/testMap?Name=Player
[2021.10.10-07.37.24:409][  0]LogWorld: BeginTearingDown for /Temp/Untitled_0
[2021.10.10-07.37.24:413][  0]LogWorld: UWorld::CleanupWorld for Untitled, bSessionEnded=true, bCleanupResources=true
[2021.10.10-07.37.24:415][  0]LogUObjectHash: Compacting FUObjectHashTables data took   0.58ms
[2021.10.10-07.37.24:454][  0]LogAIModule: Creating AISystem for world testMap
[2021.10.10-07.37.24:454][  0]LogLoad: Game class is 'usagiMultiBuildGameMode'
[2021.10.10-07.37.24:455][  0]LogNet: ReplicationDriverClass is null! Not using ReplicationDriver.
[2021.10.10-07.37.24:456][  0]LogNetCore: DDoS detection status: detection enabled: 0 analytics enabled: 0
[2021.10.10-07.37.24:456][  0]LogInit: WinSock: Socket queue. Rx: 131072 (config 131072) Tx: 131072 (config 131072)
[2021.10.10-07.37.24:457][  0]LogNet: Created socket for bind address: 0.0.0.0 on port 7777
[2021.10.10-07.37.24:457][  0]PacketHandlerLog: Loaded PacketHandler component: Engine.EngineHandlerComponentFactory (StatelessConnectHandlerComponent)
[2021.10.10-07.37.24:458][  0]LogNet: GameNetDriver IpNetDriver_2147482565 IpNetDriver listening on port 7777
[2021.10.10-07.37.24:462][  0]LogWorld: Bringing World /Game/ThirdPersonCPP/Maps/testMap.testMap up for play (max tick rate 30) at 2021.10.10-16.37.24
[2021.10.10-07.37.24:462][  0]LogWorld: Bringing up level for play took: 0.003674
[2021.10.10-07.37.24:462][  0]LogBlueprintUserMessages: [BP_VrmUtilComponent] !! Warning  No VrmAssetList   BP_VrmModelActor_2
[2021.10.10-07.37.24:464][  0]LogScript: Warning: Accessed None trying to read property CallFunc_GetPlayerController_ReturnValue
	testMap_C /Game/ThirdPersonCPP/Maps/testMap.testMap:PersistentLevel.testMap_C_2
	Function /Game/ThirdPersonCPP/Maps/testMap.testMap_C:ExecuteUbergraph_testMap:0039
[2021.10.10-07.37.24:464][  0]LogScript: Warning: Script call stack:
	Function /Game/ThirdPersonCPP/Maps/testMap.testMap_C:ReceiveBeginPlay
	Function /Game/ThirdPersonCPP/Maps/testMap.testMap_C:ExecuteUbergraph_testMap

[2021.10.10-07.37.24:465][  0]LogScript: Warning: Accessed None trying to read property openFolder
	testMap_C /Game/ThirdPersonCPP/Maps/testMap.testMap:PersistentLevel.testMap_C_2
	Function /Game/ThirdPersonCPP/Maps/testMap.testMap_C:ExecuteUbergraph_testMap:00A1
[2021.10.10-07.37.24:466][  0]LogScript: Warning: Script call stack:
	Function /Game/ThirdPersonCPP/Maps/testMap.testMap_C:ReceiveBeginPlay
	Function /Game/ThirdPersonCPP/Maps/testMap.testMap_C:ExecuteUbergraph_testMap

[2021.10.10-07.37.24:466][  0]LogLoad: Took 0.057396 seconds to LoadMap(/Game/ThirdPersonCPP/Maps/testMap)
[2021.10.10-07.37.24:467][  0]LogPakFile: AllPaks IndexSizes: DirectoryHashSize=248236, PathHashSize=16, EntriesSize=32752, TotalSize=281004
[2021.10.10-07.37.24:467][  0]LogInit: Display: Engine is initialized. Leaving FEngineLoop::Init()
[2021.10.10-07.37.24:467][  0]LogLoad: (Engine Initialization) Total time: 2.29 seconds
[2021.10.10-07.37.51:246][809]LogNet: NotifyAcceptingConnection accepted from: 127.0.0.1:60205
[2021.10.10-07.37.51:246][809]LogHandshake: SendConnectChallenge. Timestamp: 26.777548, Cookie: 232021121166176242068145106234059094041102211051020058113041
[2021.10.10-07.37.51:279][810]LogNet: NotifyAcceptingConnection accepted from: 127.0.0.1:60205
[2021.10.10-07.37.51:279][810]LogHandshake: SendChallengeAck. InCookie: 232021121166176242068145106234059094041102211051020058113041
[2021.10.10-07.37.51:280][810]LogNet: Server accepting post-challenge connection from: 127.0.0.1:60205
[2021.10.10-07.37.51:280][810]PacketHandlerLog: Loaded PacketHandler component: Engine.EngineHandlerComponentFactory (StatelessConnectHandlerComponent)
[2021.10.10-07.37.51:281][810]LogNet: NotifyAcceptedConnection: Name: testMap, TimeStamp: 10/10/21 16:37:51, [UNetConnection] RemoteAddr: 127.0.0.1:60205, Name: IpConnection_2147482558, Driver: GameNetDriver IpNetDriver_2147482565, IsServer: YES, PC: NULL, Owner: NULL, UniqueId: INVALID
[2021.10.10-07.37.51:281][810]LogNet: AddClientConnection: Added client connection: [UNetConnection] RemoteAddr: 127.0.0.1:60205, Name: IpConnection_2147482558, Driver: GameNetDriver IpNetDriver_2147482565, IsServer: YES, PC: NULL, Owner: NULL, UniqueId: INVALID
[2021.10.10-07.37.51:282][810]LogNet: NotifyAcceptingChannel Control 0 server World /Game/ThirdPersonCPP/Maps/testMap.testMap: Accepted
[2021.10.10-07.37.51:283][810]LogNet: Remote platform little endian=1
[2021.10.10-07.37.51:284][810]LogNet: This platform little endian=1
[2021.10.10-07.37.51:284][810]LogNetVersion: usagiMultiBuild 1.0.0.0, NetCL: 0, EngineNetVer: 17, GameNetVer: 0 (Checksum: 376974328)
[2021.10.10-07.37.51:313][811]LogNet: Login request: ?Name=DESKTOP-NSNTCUA-7FB359EB4C49FC012DB35AAA22B0CE67 userId: NULL:DESKTOP-NSNTCUA-7FB359EB4C49FC012DB35AAA22B0CE67 platform: NULL
[2021.10.10-07.37.51:346][812]LogNet: Client netspeed is 100000
[2021.10.10-07.37.52:772][855]LogNet: Join request: /Game/ThirdPersonCPP/Maps/testMap?Name=DESKTOP-NSNTCUA-7FB359EB4C49FC012DB35AAA22B0CE67?SplitscreenCount=1
[2021.10.10-07.37.52:772][855]LogOnlineSession: Warning: OSS: No game present to join for session (GameSession)
[2021.10.10-07.37.52:852][855]LogNet: Join succeeded: DESKTOP-NSNTCUA-7FB3
[2021.10.10-07.38.36:200][144]LogNet: UChannel::ReceivedSequencedBunch: Bunch.bClose == true. ChIndex == 0. Calling ConditionalCleanUp.
[2021.10.10-07.38.36:200][144]LogNet: UChannel::CleanUp: ChIndex == 0. Closing connection. [UChannel] ChIndex: 0, Closing: 0 [UNetConnection] RemoteAddr: 127.0.0.1:60205, Name: IpConnection_2147482558, Driver: GameNetDriver IpNetDriver_2147482565, IsServer: YES, PC: PlayerController_2147482554, Owner: PlayerController_2147482554, UniqueId: NULL:DESKTOP-NSNTCUA-7FB359EB4C49FC012DB35AAA22B0CE67
[2021.10.10-07.38.36:201][144]LogNet: UNetConnection::Close: [UNetConnection] RemoteAddr: 127.0.0.1:60205, Name: IpConnection_2147482558, Driver: GameNetDriver IpNetDriver_2147482565, IsServer: YES, PC: PlayerController_2147482554, Owner: PlayerController_2147482554, UniqueId: NULL:DESKTOP-NSNTCUA-7FB359EB4C49FC012DB35AAA22B0CE67, Channels: 9, Time: 2021.10.10-07.38.36
[2021.10.10-07.38.36:201][144]LogNet: UChannel::Close: Sending CloseBunch. ChIndex == 0. Name: [UChannel] ChIndex: 0, Closing: 0 [UNetConnection] RemoteAddr: 127.0.0.1:60205, Name: IpConnection_2147482558, Driver: GameNetDriver IpNetDriver_2147482565, IsServer: YES, PC: PlayerController_2147482554, Owner: PlayerController_2147482554, UniqueId: NULL:DESKTOP-NSNTCUA-7FB359EB4C49FC012DB35AAA22B0CE67
[2021.10.10-07.38.36:202][144]LogOnlineSession: Warning: OSS: No game present to leave for session (GameSession)
