Log file open, 10/14/21 21:31:59
LogWindows: Failed to load 'aqProf.dll' (GetLastError=126)
LogWindows: File 'aqProf.dll' does not exist
LogWindows: Failed to load 'VtuneApi.dll' (GetLastError=126)
LogWindows: File 'VtuneApi.dll' does not exist
LogWindows: Failed to load 'VtuneApi32e.dll' (GetLastError=126)
LogWindows: File 'VtuneApi32e.dll' does not exist
LogConsoleResponse: Display: Failed to find resolution value strings in scalability ini. Falling back to default.
LogConsoleResponse: Display: Failed to find resolution value strings in scalability ini. Falling back to default.
LogPakFile: Display: Found Pak file ../../../usagiMultiBuild/Content/Paks/usagiMultiBuild-WindowsServer.pak attempting to mount.
LogPakFile: Display: Mounting pak file ../../../usagiMultiBuild/Content/Paks/usagiMultiBuild-WindowsServer.pak.
LogPakFile: PakFile PrimaryIndexSize=31066
LogPakFile: PakFile PathHashIndexSize=52075
LogPakFile: PakFile FullDirectoryIndexSize=74432
LogShaderLibrary: Display: ShaderCodeLibraryPakFileMountedCallback: PakFile '../../../usagiMultiBuild/Content/Paks/usagiMultiBuild-WindowsServer.pak' (chunk index -1, root '../../../') mounted
LogShaderLibrary: Display: ShaderCodeLibraryPakFileMountedCallback: pending pak file info (ChunkID:-1 Root:../../../ File:../../../usagiMultiBuild/Content/Paks/usagiMultiBuild-WindowsServer.pak)
LogPakFile: OnPakFileMounted2Time == 0.000029
LogPlatformFile: Not using cached read wrapper
LogTaskGraph: Started task graph with 5 named threads and 9 total threads with 1 sets of task threads.
LogStats: Stats thread started at 0.078544
LogICUInternationalization: ICU TimeZone Detection - Raw Offset: +9:00, Platform Override: ''
LogInit: Display: Loading text-based GConfig....
LogPluginManager: Mounting plugin XRVisualization
LogPluginManager: Mounting plugin ProceduralMeshComponent
LogPluginManager: Mounting plugin VRM4U
LogPluginManager: Mounting plugin LevelSequenceEditor
LogPluginManager: Mounting plugin HDRIBackdrop
LogPluginManager: Mounting plugin Paper2D
LogPluginManager: Mounting plugin AISupport
LogPluginManager: Mounting plugin EnvironmentQueryEditor
LogPluginManager: Mounting plugin LightPropagationVolume
LogPluginManager: Mounting plugin CameraShakePreviewer
LogPluginManager: Mounting plugin GameplayCameras
LogPluginManager: Mounting plugin TemplateSequence
LogPluginManager: Mounting plugin OodleData
LogPluginManager: Mounting plugin OodleNetwork
LogPluginManager: Mounting plugin AnimationSharing
LogPluginManager: Mounting plugin SignificanceManager
LogPluginManager: Mounting plugin PluginUtils
LogPluginManager: Mounting plugin PropertyAccessEditor
LogPluginManager: Mounting plugin UObjectPlugin
LogPluginManager: Mounting plugin AssetManagerEditor
LogPluginManager: Mounting plugin FacialAnimation
LogPluginManager: Mounting plugin GeometryMode
LogPluginManager: Mounting plugin SpeedTreeImporter
LogPluginManager: Mounting plugin DatasmithContent
LogPluginManager: Mounting plugin VariantManagerContent
LogPluginManager: Mounting plugin AlembicImporter
LogPluginManager: Mounting plugin GeometryCache
LogPluginManager: Mounting plugin AutomationUtils
LogPluginManager: Mounting plugin ScreenshotTools
LogPluginManager: Mounting plugin BackChannel
LogPluginManager: Mounting plugin ChaosClothEditor
LogPluginManager: Mounting plugin ChaosCloth
LogPluginManager: Mounting plugin ChaosEditor
LogPluginManager: Mounting plugin PlanarCut
LogPluginManager: Mounting plugin GeometryProcessing
LogPluginManager: Mounting plugin EditableMesh
LogPluginManager: Mounting plugin GeometryCollectionPlugin
LogPluginManager: Mounting plugin ChaosSolverPlugin
LogPluginManager: Mounting plugin ChaosNiagara
LogPluginManager: Mounting plugin Niagara
LogPluginManager: Mounting plugin PythonScriptPlugin
LogPluginManager: Mounting plugin CharacterAI
LogPluginManager: Mounting plugin MotoSynth
LogPluginManager: Mounting plugin OpenImageDenoise
LogPluginManager: Mounting plugin PlatformCrypto
LogPluginManager: Mounting plugin MagicLeapPassableWorld
LogPluginManager: Mounting plugin MagicLeap
LogPluginManager: Mounting plugin MLSDK
LogPluginManager: Mounting plugin MagicLeapLightEstimation
LogPluginManager: Mounting plugin AvfMedia
LogPluginManager: Mounting plugin ImgMedia
LogPluginManager: Mounting plugin MediaCompositing
LogPluginManager: Mounting plugin MeshPainting
LogPluginManager: Mounting plugin TcpMessaging
LogPluginManager: Mounting plugin UdpMessaging
LogPluginManager: Mounting plugin ActorSequence
LogPluginManager: Mounting plugin MatineeToLevelSequence
LogPluginManager: Mounting plugin OnlineSubsystemNull
LogPluginManager: Mounting plugin OnlineSubsystem
LogPluginManager: Mounting plugin OnlineSubsystemUtils
LogPluginManager: Mounting plugin LauncherChunkInstaller
LogPluginManager: Mounting plugin ActorLayerUtilities
LogPluginManager: Mounting plugin AndroidPermission
LogPluginManager: Mounting plugin AppleImageUtils
LogPluginManager: Mounting plugin ArchVisCharacter
LogPluginManager: Mounting plugin AssetTags
LogPluginManager: Mounting plugin AudioCapture
LogPluginManager: Mounting plugin CableComponent
LogPluginManager: Mounting plugin ChunkDownloader
LogPluginManager: Mounting plugin CustomMeshComponent
LogPluginManager: Mounting plugin ExampleDeviceProfileSelector
LogPluginManager: Mounting plugin GooglePAD
LogPluginManager: Mounting plugin LocationServicesBPLibrary
LogPluginManager: Mounting plugin MobilePatchingUtils
LogPluginManager: Mounting plugin OculusVR
LogPluginManager: Mounting plugin OpenXREyeTracker
LogPluginManager: Mounting plugin OpenXR
LogPluginManager: Mounting plugin OpenXRHandTracking
LogPluginManager: Mounting plugin LiveLink
LogPluginManager: Mounting plugin Takes
LogPluginManager: Mounting plugin PhysXVehicles
LogPluginManager: Mounting plugin RuntimePhysXCooking
LogPluginManager: Mounting plugin SoundFields
LogPluginManager: Mounting plugin SteamVR
LogPluginManager: Mounting plugin Synthesis
LogPluginManager: Mounting plugin AudioSynesthesia
LogPluginManager: Mounting plugin WindowsMoviePlayer
LogLuminAPIImpl: Warning: MLSDK not found.  This likely means the MLSDK environment variable is not set.
LogInit: Using libcurl 7.55.1-DEV
LogInit:  - built for x86_64-pc-win32
LogInit:  - supports SSL with OpenSSL/1.1.1
LogInit:  - supports HTTP deflate (compression) using libz 1.2.8
LogInit:  - other features:
LogInit:      CURL_VERSION_SSL
LogInit:      CURL_VERSION_LIBZ
LogInit:      CURL_VERSION_IPV6
LogInit:      CURL_VERSION_ASYNCHDNS
LogInit:      CURL_VERSION_LARGEFILE
LogInit:      CURL_VERSION_IDN
LogInit:  CurlRequestOptions (configurable via config and command line):
LogInit:  - bVerifyPeer = true  - Libcurl will verify peer certificate
LogInit:  - bUseHttpProxy = false  - Libcurl will NOT use HTTP proxy
LogInit:  - bDontReuseConnections = false  - Libcurl will reuse connections
LogInit:  - MaxHostConnections = 16  - Libcurl will limit the number of connections to a host
LogInit:  - LocalHostAddr = Default
LogInit:  - BufferSize = 65536
LogOnline: OSS: Creating online subsystem instance for: NULL
LogInit: WinSock: version 1.1 (2.2), MaxSocks=32767, MaxUdp=65467
LogOnline: OSS: TryLoadSubsystemAndSetDefault: Loaded subsystem for module [NULL]
LogInit: Build: ++UE4+Release-4.27-CL-0
LogInit: Engine Version: 4.27.0-0+++UE4+Release-4.27
LogInit: Compatible Engine Version: 4.27.0-0+++UE4+Release-4.27
LogInit: Net CL: 0
LogInit: OS: Windows 10 (Release 2009) (), CPU: AMD Ryzen 7 3700X 8-Core Processor             , GPU: NVIDIA GeForce GTX 1660 Ti
LogInit: Compiled (64-bit): Oct  7 2021 16:09:59
LogInit: Compiled with Visual C++: 19.29.30136.00
LogInit: Build Configuration: Development
LogInit: Branch Name: ++UE4+Release-4.27
LogInit: Command Line:  -log
LogInit: Base Directory: D:/z_record/unreal/usagiMultiBuild/WindowsServer/usagiMultiBuild/Binaries/Win64/
LogInit: Allocator: binned2
LogInit: Installed Engine Build: 0
LogDevObjectVersion: Number of dev versions registered: 29
LogDevObjectVersion:   Dev-Blueprints (B0D832E4-1F89-4F0D-ACCF-7EB736FD4AA2): 10
LogDevObjectVersion:   Dev-Build (E1C64328-A22C-4D53-A36C-8E866417BD8C): 0
LogDevObjectVersion:   Dev-Core (375EC13C-06E4-48FB-B500-84F0262A717E): 4
LogDevObjectVersion:   Dev-Editor (E4B068ED-F494-42E9-A231-DA0B2E46BB41): 40
LogDevObjectVersion:   Dev-Framework (CFFC743F-43B0-4480-9391-14DF171D2073): 37
LogDevObjectVersion:   Dev-Mobile (B02B49B5-BB20-44E9-A304-32B752E40360): 3
LogDevObjectVersion:   Dev-Networking (A4E4105C-59A1-49B5-A7C5-40C4547EDFEE): 0
LogDevObjectVersion:   Dev-Online (39C831C9-5AE6-47DC-9A44-9C173E1C8E7C): 0
LogDevObjectVersion:   Dev-Physics (78F01B33-EBEA-4F98-B9B4-84EACCB95AA2): 14
LogDevObjectVersion:   Dev-Platform (6631380F-2D4D-43E0-8009-CF276956A95A): 0
LogDevObjectVersion:   Dev-Rendering (12F88B9F-8875-4AFC-A67C-D90C383ABD29): 45
LogDevObjectVersion:   Dev-Sequencer (7B5AE74C-D270-4C10-A958-57980B212A5A): 13
LogDevObjectVersion:   Dev-VR (D7296918-1DD6-4BDD-9DE2-64A83CC13884): 3
LogDevObjectVersion:   Dev-LoadTimes (C2A15278-BFE7-4AFE-6C17-90FF531DF755): 1
LogDevObjectVersion:   Private-Geometry (6EACA3D4-40EC-4CC1-B786-8BED09428FC5): 3
LogDevObjectVersion:   Dev-AnimPhys (29E575DD-E0A3-4627-9D10-D276232CDCEA): 17
LogDevObjectVersion:   Dev-Anim (AF43A65D-7FD3-4947-9873-3E8ED9C1BB05): 15
LogDevObjectVersion:   Dev-ReflectionCapture (6B266CEC-1EC7-4B8F-A30B-E4D90942FC07): 1
LogDevObjectVersion:   Dev-Automation (0DF73D61-A23F-47EA-B727-89E90C41499A): 1
LogDevObjectVersion:   FortniteMain (601D1886-AC64-4F84-AA16-D3DE0DEAC7D6): 47
LogDevObjectVersion:   FortniteRelease (E7086368-6B23-4C58-8439-1B7016265E91): 1
LogDevObjectVersion:   Dev-Enterprise (9DFFBCD6-494F-0158-E221-12823C92A888): 10
LogDevObjectVersion:   Dev-Niagara (F2AED0AC-9AFE-416F-8664-AA7FFA26D6FC): 1
LogDevObjectVersion:   Dev-Destruction (174F1F0B-B4C6-45A5-B13F-2EE8D0FB917D): 10
LogDevObjectVersion:   Dev-Physics-Ext (35F94A83-E258-406C-A318-09F59610247C): 41
LogDevObjectVersion:   Dev-PhysicsMaterial-Chaos (B68FC16E-8B1B-42E2-B453-215C058844FE): 1
LogDevObjectVersion:   Dev-CineCamera (B2E18506-4273-CFC2-A54E-F4BB758BBA07): 1
LogDevObjectVersion:   Dev-VirtualProduction (64F58936-FD1B-42BA-BA96-7289D5D0FA4E): 1
LogDevObjectVersion:   Dev-MediaFramework (6F0ED827-A609-4895-9C91-998D90180EA4): 2
LogInit: Presizing for max 2097152 objects, including 1 objects not considered by GC, pre-allocating 0 bytes for permanent pool.
LogConfig: Applying CVar settings from Section [/Script/Engine.StreamingSettings] File [../../../usagiMultiBuild/Saved/Config/WindowsServer/Engine.ini]
LogConfig: Setting CVar [[s.MinBulkDataSizeForAsyncLoading:131072]]
LogConfig: Setting CVar [[s.AsyncLoadingThreadEnabled:0]]
LogConfig: Setting CVar [[s.EventDrivenLoaderEnabled:1]]
LogConfig: Setting CVar [[s.WarnIfTimeLimitExceeded:0]]
LogConfig: Setting CVar [[s.TimeLimitExceededMultiplier:1.5]]
LogConfig: Setting CVar [[s.TimeLimitExceededMinTime:0.005]]
LogConfig: Setting CVar [[s.UseBackgroundLevelStreaming:1]]
LogConfig: Setting CVar [[s.PriorityAsyncLoadingExtraTime:15.0]]
LogConfig: Setting CVar [[s.LevelStreamingActorsUpdateTimeLimit:5.0]]
LogConfig: Setting CVar [[s.PriorityLevelStreamingActorsUpdateExtraTime:5.0]]
LogConfig: Setting CVar [[s.LevelStreamingComponentsRegistrationGranularity:10]]
LogConfig: Setting CVar [[s.UnregisterComponentsTimeLimit:1.0]]
LogConfig: Setting CVar [[s.LevelStreamingComponentsUnregistrationGranularity:5]]
LogConfig: Setting CVar [[s.FlushStreamingOnExit:1]]
LogStreaming: Display: Async Loading initialized: Event Driven Loader: true, Async Loading Thread: false, Async Post Load: false
LogInit: Object subsystem initialized
LogConfig: Setting CVar [[con.DebugEarlyDefault:1]]
LogConfig: Setting CVar [[r.setres:1280x720]]
LogConfig: Setting CVar [[fx.NiagaraAllowRuntimeScalabilityChanges:1]]
[2021.10.14-12.32.01:028][  0]LogConfig: Setting CVar [[con.DebugEarlyDefault:1]]
[2021.10.14-12.32.01:030][  0]LogConfig: Setting CVar [[r.setres:1280x720]]
[2021.10.14-12.32.01:032][  0]LogConfig: Setting CVar [[fx.NiagaraAllowRuntimeScalabilityChanges:1]]
[2021.10.14-12.32.01:034][  0]LogConfig: Applying CVar settings from Section [/Script/Engine.RendererSettings] File [../../../usagiMultiBuild/Saved/Config/WindowsServer/Engine.ini]
[2021.10.14-12.32.01:035][  0]LogConfig: Setting CVar [[r.GPUCrashDebugging:0]]
[2021.10.14-12.32.01:037][  0]LogConfig: Applying CVar settings from Section [/Script/Engine.RendererOverrideSettings] File [../../../usagiMultiBuild/Saved/Config/WindowsServer/Engine.ini]
[2021.10.14-12.32.01:039][  0]LogConfig: Applying CVar settings from Section [/Script/Engine.StreamingSettings] File [../../../usagiMultiBuild/Saved/Config/WindowsServer/Engine.ini]
[2021.10.14-12.32.01:041][  0]LogConfig: Setting CVar [[s.MinBulkDataSizeForAsyncLoading:131072]]
[2021.10.14-12.32.01:042][  0]LogConfig: Setting CVar [[s.AsyncLoadingThreadEnabled:0]]
[2021.10.14-12.32.01:044][  0]LogConfig: Setting CVar [[s.EventDrivenLoaderEnabled:1]]
[2021.10.14-12.32.01:046][  0]LogConfig: Setting CVar [[s.WarnIfTimeLimitExceeded:0]]
[2021.10.14-12.32.01:047][  0]LogConfig: Setting CVar [[s.TimeLimitExceededMultiplier:1.5]]
[2021.10.14-12.32.01:049][  0]LogConfig: Setting CVar [[s.TimeLimitExceededMinTime:0.005]]
[2021.10.14-12.32.01:050][  0]LogConfig: Setting CVar [[s.UseBackgroundLevelStreaming:1]]
[2021.10.14-12.32.01:051][  0]LogConfig: Setting CVar [[s.PriorityAsyncLoadingExtraTime:15.0]]
[2021.10.14-12.32.01:053][  0]LogConfig: Setting CVar [[s.LevelStreamingActorsUpdateTimeLimit:5.0]]
[2021.10.14-12.32.01:054][  0]LogConfig: Setting CVar [[s.PriorityLevelStreamingActorsUpdateExtraTime:5.0]]
[2021.10.14-12.32.01:056][  0]LogConfig: Setting CVar [[s.LevelStreamingComponentsRegistrationGranularity:10]]
[2021.10.14-12.32.01:056][  0]LogConfig: Setting CVar [[s.UnregisterComponentsTimeLimit:1.0]]
[2021.10.14-12.32.01:057][  0]LogConfig: Setting CVar [[s.LevelStreamingComponentsUnregistrationGranularity:5]]
[2021.10.14-12.32.01:058][  0]LogConfig: Setting CVar [[s.FlushStreamingOnExit:1]]
[2021.10.14-12.32.01:059][  0]LogConfig: Applying CVar settings from Section [/Script/Engine.GarbageCollectionSettings] File [../../../usagiMultiBuild/Saved/Config/WindowsServer/Engine.ini]
[2021.10.14-12.32.01:061][  0]LogConfig: Setting CVar [[gc.MaxObjectsNotConsideredByGC:1]]
[2021.10.14-12.32.01:062][  0]LogConfig: Setting CVar [[gc.SizeOfPermanentObjectPool:0]]
[2021.10.14-12.32.01:064][  0]LogConfig: Setting CVar [[gc.FlushStreamingOnGC:0]]
[2021.10.14-12.32.01:065][  0]LogConfig: Setting CVar [[gc.NumRetriesBeforeForcingGC:10]]
[2021.10.14-12.32.01:066][  0]LogConfig: Setting CVar [[gc.AllowParallelGC:1]]
[2021.10.14-12.32.01:066][  0]LogConfig: Setting CVar [[gc.TimeBetweenPurgingPendingKillObjects:61.1]]
[2021.10.14-12.32.01:067][  0]LogConfig: Setting CVar [[gc.MaxObjectsInEditor:25165824]]
[2021.10.14-12.32.01:068][  0]LogConfig: Setting CVar [[gc.IncrementalBeginDestroyEnabled:1]]
[2021.10.14-12.32.01:069][  0]LogConfig: Setting CVar [[gc.CreateGCClusters:1]]
[2021.10.14-12.32.01:070][  0]LogConfig: Setting CVar [[gc.MinGCClusterSize:5]]
[2021.10.14-12.32.01:071][  0]LogConfig: Setting CVar [[gc.ActorClusteringEnabled:0]]
[2021.10.14-12.32.01:072][  0]LogConfig: Setting CVar [[gc.BlueprintClusteringEnabled:0]]
[2021.10.14-12.32.01:074][  0]LogConfig: Setting CVar [[gc.UseDisregardForGCOnDedicatedServers:0]]
[2021.10.14-12.32.01:074][  0]LogConfig: Setting CVar [[gc.MultithreadedDestructionEnabled:1]]
[2021.10.14-12.32.01:076][  0]LogConfig: Applying CVar settings from Section [/Script/Engine.NetworkSettings] File [../../../usagiMultiBuild/Saved/Config/WindowsServer/Engine.ini]
[2021.10.14-12.32.01:077][  0]LogConfig: Applying CVar settings from Section [ViewDistanceQuality@3] File [../../../usagiMultiBuild/Saved/Config/WindowsServer/Scalability.ini]
[2021.10.14-12.32.01:079][  0]LogConfig: Setting CVar [[r.SkeletalMeshLODBias:0]]
[2021.10.14-12.32.01:080][  0]LogConfig: Setting CVar [[r.ViewDistanceScale:1.0]]
[2021.10.14-12.32.01:082][  0]LogConfig: Applying CVar settings from Section [AntiAliasingQuality@3] File [../../../usagiMultiBuild/Saved/Config/WindowsServer/Scalability.ini]
[2021.10.14-12.32.01:083][  0]LogConfig: Setting CVar [[r.PostProcessAAQuality:4]]
[2021.10.14-12.32.01:084][  0]LogConfig: Applying CVar settings from Section [ShadowQuality@3] File [../../../usagiMultiBuild/Saved/Config/WindowsServer/Scalability.ini]
[2021.10.14-12.32.01:086][  0]LogConfig: Setting CVar [[r.LightFunctionQuality:1]]
[2021.10.14-12.32.01:087][  0]LogConfig: Setting CVar [[r.ShadowQuality:5]]
[2021.10.14-12.32.01:089][  0]LogConfig: Setting CVar [[r.Shadow.CSM.MaxCascades:10]]
[2021.10.14-12.32.01:090][  0]LogConfig: Setting CVar [[r.Shadow.MaxResolution:2048]]
[2021.10.14-12.32.01:092][  0]LogConfig: Setting CVar [[r.Shadow.MaxCSMResolution:2048]]
[2021.10.14-12.32.01:093][  0]LogConfig: Setting CVar [[r.Shadow.RadiusThreshold:0.01]]
[2021.10.14-12.32.01:094][  0]LogConfig: Setting CVar [[r.Shadow.DistanceScale:1.0]]
[2021.10.14-12.32.01:095][  0]LogConfig: Setting CVar [[r.Shadow.CSM.TransitionScale:1.0]]
[2021.10.14-12.32.01:096][  0]LogConfig: Setting CVar [[r.Shadow.PreShadowResolutionFactor:1.0]]
[2021.10.14-12.32.01:097][  0]LogConfig: Setting CVar [[r.DistanceFieldShadowing:1]]
[2021.10.14-12.32.01:097][  0]LogConfig: Setting CVar [[r.DistanceFieldAO:1]]
[2021.10.14-12.32.01:098][  0]LogConfig: Setting CVar [[r.AOQuality:2]]
[2021.10.14-12.32.01:099][  0]LogConfig: Setting CVar [[r.VolumetricFog:1]]
[2021.10.14-12.32.01:100][  0]LogConfig: Setting CVar [[r.VolumetricFog.GridPixelSize:8]]
[2021.10.14-12.32.01:100][  0]LogConfig: Setting CVar [[r.VolumetricFog.GridSizeZ:128]]
[2021.10.14-12.32.01:101][  0]LogConfig: Setting CVar [[r.VolumetricFog.HistoryMissSupersampleCount:4]]
[2021.10.14-12.32.01:102][  0]LogConfig: Setting CVar [[r.LightMaxDrawDistanceScale:1]]
[2021.10.14-12.32.01:103][  0]LogConfig: Setting CVar [[r.CapsuleShadows:1]]
[2021.10.14-12.32.01:103][  0]LogConfig: Applying CVar settings from Section [PostProcessQuality@3] File [../../../usagiMultiBuild/Saved/Config/WindowsServer/Scalability.ini]
[2021.10.14-12.32.01:104][  0]LogConfig: Setting CVar [[r.MotionBlurQuality:4]]
[2021.10.14-12.32.01:105][  0]LogConfig: Setting CVar [[r.AmbientOcclusionMipLevelFactor:0.4]]
[2021.10.14-12.32.01:106][  0]LogConfig: Setting CVar [[r.AmbientOcclusionMaxQuality:100]]
[2021.10.14-12.32.01:106][  0]LogConfig: Setting CVar [[r.AmbientOcclusionLevels:-1]]
[2021.10.14-12.32.01:108][  0]LogConfig: Setting CVar [[r.AmbientOcclusionRadiusScale:1.0]]
[2021.10.14-12.32.01:111][  0]LogConfig: Setting CVar [[r.DepthOfFieldQuality:2]]
[2021.10.14-12.32.01:113][  0]LogConfig: Setting CVar [[r.RenderTargetPoolMin:400]]
[2021.10.14-12.32.01:114][  0]LogConfig: Setting CVar [[r.LensFlareQuality:2]]
[2021.10.14-12.32.01:116][  0]LogConfig: Setting CVar [[r.SceneColorFringeQuality:1]]
[2021.10.14-12.32.01:117][  0]LogConfig: Setting CVar [[r.EyeAdaptationQuality:2]]
[2021.10.14-12.32.01:119][  0]LogConfig: Setting CVar [[r.BloomQuality:5]]
[2021.10.14-12.32.01:121][  0]LogConfig: Setting CVar [[r.FastBlurThreshold:100]]
[2021.10.14-12.32.01:121][  0]LogConfig: Setting CVar [[r.Upscale.Quality:3]]
[2021.10.14-12.32.01:123][  0]LogConfig: Setting CVar [[r.Tonemapper.GrainQuantization:1]]
[2021.10.14-12.32.01:126][  0]LogConfig: Setting CVar [[r.LightShaftQuality:1]]
[2021.10.14-12.32.01:128][  0]LogConfig: Setting CVar [[r.Filter.SizeScale:1]]
[2021.10.14-12.32.01:130][  0]LogConfig: Setting CVar [[r.Tonemapper.Quality:5]]
[2021.10.14-12.32.01:132][  0]LogConfig: Setting CVar [[r.DOF.Gather.AccumulatorQuality:1        ; higher gathering accumulator quality]]
[2021.10.14-12.32.01:133][  0]LogConfig: Setting CVar [[r.DOF.Gather.PostfilterMethod:1          ; Median3x3 postfilering method]]
[2021.10.14-12.32.01:135][  0]LogConfig: Setting CVar [[r.DOF.Gather.EnableBokehSettings:0       ; no bokeh simulation when gathering]]
[2021.10.14-12.32.01:137][  0]LogConfig: Setting CVar [[r.DOF.Gather.RingCount:4                 ; medium number of samples when gathering]]
[2021.10.14-12.32.01:138][  0]LogConfig: Setting CVar [[r.DOF.Scatter.ForegroundCompositing:1    ; additive foreground scattering]]
[2021.10.14-12.32.01:140][  0]LogConfig: Setting CVar [[r.DOF.Scatter.BackgroundCompositing:2    ; additive background scattering]]
[2021.10.14-12.32.01:143][  0]LogConfig: Setting CVar [[r.DOF.Scatter.EnableBokehSettings:1      ; bokeh simulation when scattering]]
[2021.10.14-12.32.01:144][  0]LogConfig: Setting CVar [[r.DOF.Scatter.MaxSpriteRatio:0.1         ; only a maximum of 10% of scattered bokeh]]
[2021.10.14-12.32.01:146][  0]LogConfig: Setting CVar [[r.DOF.Recombine.Quality:1                ; cheap slight out of focus]]
[2021.10.14-12.32.01:147][  0]LogConfig: Setting CVar [[r.DOF.Recombine.EnableBokehSettings:0    ; no bokeh simulation on slight out of focus]]
[2021.10.14-12.32.01:149][  0]LogConfig: Setting CVar [[r.DOF.TemporalAAQuality:1                ; more stable temporal accumulation]]
[2021.10.14-12.32.01:150][  0]LogConfig: Setting CVar [[r.DOF.Kernel.MaxForegroundRadius:0.025]]
[2021.10.14-12.32.01:152][  0]LogConfig: Setting CVar [[r.DOF.Kernel.MaxBackgroundRadius:0.025]]
[2021.10.14-12.32.01:154][  0]LogConfig: Applying CVar settings from Section [TextureQuality@3] File [../../../usagiMultiBuild/Saved/Config/WindowsServer/Scalability.ini]
[2021.10.14-12.32.01:156][  0]LogConfig: Setting CVar [[r.Streaming.MipBias:0]]
[2021.10.14-12.32.01:158][  0]LogConfig: Setting CVar [[r.Streaming.AmortizeCPUToGPUCopy:0]]
[2021.10.14-12.32.01:159][  0]LogConfig: Setting CVar [[r.Streaming.MaxNumTexturesToStreamPerFrame:0]]
[2021.10.14-12.32.01:161][  0]LogConfig: Setting CVar [[r.Streaming.Boost:1]]
[2021.10.14-12.32.01:162][  0]LogConfig: Setting CVar [[r.MaxAnisotropy:8]]
[2021.10.14-12.32.01:164][  0]LogConfig: Setting CVar [[r.VT.MaxAnisotropy:8]]
[2021.10.14-12.32.01:165][  0]LogConfig: Setting CVar [[r.Streaming.LimitPoolSizeToVRAM:0]]
[2021.10.14-12.32.01:167][  0]LogConfig: Setting CVar [[r.Streaming.PoolSize:1000]]
[2021.10.14-12.32.01:168][  0]LogConfig: Setting CVar [[r.Streaming.MaxEffectiveScreenSize:0]]
[2021.10.14-12.32.01:169][  0]LogConfig: Applying CVar settings from Section [EffectsQuality@3] File [../../../usagiMultiBuild/Saved/Config/WindowsServer/Scalability.ini]
[2021.10.14-12.32.01:171][  0]LogConfig: Setting CVar [[r.TranslucencyLightingVolumeDim:64]]
[2021.10.14-12.32.01:173][  0]LogConfig: Setting CVar [[r.RefractionQuality:2]]
[2021.10.14-12.32.01:175][  0]LogConfig: Setting CVar [[r.SSR.Quality:3]]
[2021.10.14-12.32.01:176][  0]LogConfig: Setting CVar [[r.SSR.HalfResSceneColor:0]]
[2021.10.14-12.32.01:177][  0]LogConfig: Setting CVar [[r.SceneColorFormat:4]]
[2021.10.14-12.32.01:177][  0]LogConfig: Setting CVar [[r.DetailMode:2]]
[2021.10.14-12.32.01:179][  0]LogConfig: Setting CVar [[r.TranslucencyVolumeBlur:1]]
[2021.10.14-12.32.01:180][  0]LogConfig: Setting CVar [[r.MaterialQualityLevel:1 ; High quality]]
[2021.10.14-12.32.01:181][  0]LogConfig: Setting CVar [[r.AnisotropicMaterials:1]]
[2021.10.14-12.32.01:183][  0]LogConfig: Setting CVar [[r.SSS.Scale:1]]
[2021.10.14-12.32.01:184][  0]LogConfig: Setting CVar [[r.SSS.SampleSet:2]]
[2021.10.14-12.32.01:185][  0]LogConfig: Setting CVar [[r.SSS.Quality:1]]
[2021.10.14-12.32.01:187][  0]LogConfig: Setting CVar [[r.SSS.HalfRes:0]]
[2021.10.14-12.32.01:189][  0]LogConfig: Setting CVar [[r.SSGI.Quality:3]]
[2021.10.14-12.32.01:190][  0]LogConfig: Setting CVar [[r.EmitterSpawnRateScale:1.0]]
[2021.10.14-12.32.01:192][  0]LogConfig: Setting CVar [[r.ParticleLightQuality:2]]
[2021.10.14-12.32.01:193][  0]LogConfig: Setting CVar [[r.SkyAtmosphere.AerialPerspectiveLUT.FastApplyOnOpaque:1 ; Always have FastSkyLUT 1 in this case to avoid wrong sky]]
[2021.10.14-12.32.01:194][  0]LogConfig: Setting CVar [[r.SkyAtmosphere.AerialPerspectiveLUT.SampleCountMaxPerSlice:4]]
[2021.10.14-12.32.01:196][  0]LogConfig: Setting CVar [[r.SkyAtmosphere.AerialPerspectiveLUT.DepthResolution:16.0]]
[2021.10.14-12.32.01:197][  0]LogConfig: Setting CVar [[r.SkyAtmosphere.FastSkyLUT:1]]
[2021.10.14-12.32.01:198][  0]LogConfig: Setting CVar [[r.SkyAtmosphere.FastSkyLUT.SampleCountMin:4.0]]
[2021.10.14-12.32.01:199][  0]LogConfig: Setting CVar [[r.SkyAtmosphere.FastSkyLUT.SampleCountMax:128.0]]
[2021.10.14-12.32.01:201][  0]LogConfig: Setting CVar [[r.SkyAtmosphere.SampleCountMin:4.0]]
[2021.10.14-12.32.01:203][  0]LogConfig: Setting CVar [[r.SkyAtmosphere.SampleCountMax:128.0]]
[2021.10.14-12.32.01:205][  0]LogConfig: Setting CVar [[r.SkyAtmosphere.TransmittanceLUT.UseSmallFormat:0]]
[2021.10.14-12.32.01:206][  0]LogConfig: Setting CVar [[r.SkyAtmosphere.TransmittanceLUT.SampleCount:10.0]]
[2021.10.14-12.32.01:207][  0]LogConfig: Setting CVar [[r.SkyAtmosphere.MultiScatteringLUT.SampleCount:15.0]]
[2021.10.14-12.32.01:209][  0]LogConfig: Setting CVar [[r.SkyLight.RealTimeReflectionCapture:1]]
[2021.10.14-12.32.01:210][  0]LogConfig: Setting CVar [[fx.Niagara.QualityLevel:3]]
[2021.10.14-12.32.01:211][  0]LogConfig: Applying CVar settings from Section [FoliageQuality@3] File [../../../usagiMultiBuild/Saved/Config/WindowsServer/Scalability.ini]
[2021.10.14-12.32.01:213][  0]LogConfig: Setting CVar [[foliage.DensityScale:1.0]]
[2021.10.14-12.32.01:214][  0]LogConfig: Setting CVar [[grass.DensityScale:1.0]]
[2021.10.14-12.32.01:215][  0]LogConfig: Applying CVar settings from Section [ShadingQuality@3] File [../../../usagiMultiBuild/Saved/Config/WindowsServer/Scalability.ini]
[2021.10.14-12.32.01:217][  0]LogConfig: Setting CVar [[r.HairStrands.SkyLighting.IntegrationType:2]]
[2021.10.14-12.32.01:220][  0]LogConfig: Setting CVar [[r.HairStrands.SkyAO.SampleCount:4]]
[2021.10.14-12.32.01:221][  0]LogConfig: Setting CVar [[r.HairStrands.Visibility.MSAA.SamplePerPixel:4]]
[2021.10.14-12.32.01:221][  0]LogInit: Selected Device Profile: [WindowsServer]
[2021.10.14-12.32.01:223][  0]LogInit: Applying CVar settings loaded from the selected device profile: [WindowsServer]
[2021.10.14-12.32.01:224][  0]LogHAL: Display: Platform has ~ 32 GB [34294329344 / 34359738368 / 32], which maps to Largest [LargestMinGB=32, LargerMinGB=12, DefaultMinGB=8, SmallerMinGB=6, SmallestMinGB=0)
[2021.10.14-12.32.01:225][  0]LogInit: Going up to parent DeviceProfile [Windows]
[2021.10.14-12.32.01:226][  0]LogInit: Going up to parent DeviceProfile []
[2021.10.14-12.32.01:227][  0]LogConfig: Applying CVar settings from Section [ViewDistanceQuality@3] File [../../../usagiMultiBuild/Saved/Config/WindowsServer/Scalability.ini]
[2021.10.14-12.32.01:228][  0]LogConfig: Setting CVar [[r.SkeletalMeshLODBias:0]]
[2021.10.14-12.32.01:229][  0]LogConfig: Setting CVar [[r.ViewDistanceScale:1.0]]
[2021.10.14-12.32.01:230][  0]LogConfig: Applying CVar settings from Section [AntiAliasingQuality@3] File [../../../usagiMultiBuild/Saved/Config/WindowsServer/Scalability.ini]
[2021.10.14-12.32.01:231][  0]LogConfig: Setting CVar [[r.PostProcessAAQuality:4]]
[2021.10.14-12.32.01:232][  0]LogConfig: Applying CVar settings from Section [ShadowQuality@3] File [../../../usagiMultiBuild/Saved/Config/WindowsServer/Scalability.ini]
[2021.10.14-12.32.01:234][  0]LogConfig: Setting CVar [[r.LightFunctionQuality:1]]
[2021.10.14-12.32.01:236][  0]LogConfig: Setting CVar [[r.ShadowQuality:5]]
[2021.10.14-12.32.01:237][  0]LogConfig: Setting CVar [[r.Shadow.CSM.MaxCascades:10]]
[2021.10.14-12.32.01:239][  0]LogConfig: Setting CVar [[r.Shadow.MaxResolution:2048]]
[2021.10.14-12.32.01:240][  0]LogConfig: Setting CVar [[r.Shadow.MaxCSMResolution:2048]]
[2021.10.14-12.32.01:241][  0]LogConfig: Setting CVar [[r.Shadow.RadiusThreshold:0.01]]
[2021.10.14-12.32.01:242][  0]LogConfig: Setting CVar [[r.Shadow.DistanceScale:1.0]]
[2021.10.14-12.32.01:244][  0]LogConfig: Setting CVar [[r.Shadow.CSM.TransitionScale:1.0]]
[2021.10.14-12.32.01:245][  0]LogConfig: Setting CVar [[r.Shadow.PreShadowResolutionFactor:1.0]]
[2021.10.14-12.32.01:246][  0]LogConfig: Setting CVar [[r.DistanceFieldShadowing:1]]
[2021.10.14-12.32.01:247][  0]LogConfig: Setting CVar [[r.DistanceFieldAO:1]]
[2021.10.14-12.32.01:249][  0]LogConfig: Setting CVar [[r.AOQuality:2]]
[2021.10.14-12.32.01:251][  0]LogConfig: Setting CVar [[r.VolumetricFog:1]]
[2021.10.14-12.32.01:252][  0]LogConfig: Setting CVar [[r.VolumetricFog.GridPixelSize:8]]
[2021.10.14-12.32.01:254][  0]LogConfig: Setting CVar [[r.VolumetricFog.GridSizeZ:128]]
[2021.10.14-12.32.01:254][  0]LogConfig: Setting CVar [[r.VolumetricFog.HistoryMissSupersampleCount:4]]
[2021.10.14-12.32.01:256][  0]LogConfig: Setting CVar [[r.LightMaxDrawDistanceScale:1]]
[2021.10.14-12.32.01:257][  0]LogConfig: Setting CVar [[r.CapsuleShadows:1]]
[2021.10.14-12.32.01:258][  0]LogConfig: Applying CVar settings from Section [PostProcessQuality@3] File [../../../usagiMultiBuild/Saved/Config/WindowsServer/Scalability.ini]
[2021.10.14-12.32.01:260][  0]LogConfig: Setting CVar [[r.MotionBlurQuality:4]]
[2021.10.14-12.32.01:261][  0]LogConfig: Setting CVar [[r.AmbientOcclusionMipLevelFactor:0.4]]
[2021.10.14-12.32.01:263][  0]LogConfig: Setting CVar [[r.AmbientOcclusionMaxQuality:100]]
[2021.10.14-12.32.01:264][  0]LogConfig: Setting CVar [[r.AmbientOcclusionLevels:-1]]
[2021.10.14-12.32.01:266][  0]LogConfig: Setting CVar [[r.AmbientOcclusionRadiusScale:1.0]]
[2021.10.14-12.32.01:268][  0]LogConfig: Setting CVar [[r.DepthOfFieldQuality:2]]
[2021.10.14-12.32.01:269][  0]LogConfig: Setting CVar [[r.RenderTargetPoolMin:400]]
[2021.10.14-12.32.01:270][  0]LogConfig: Setting CVar [[r.LensFlareQuality:2]]
[2021.10.14-12.32.01:272][  0]LogConfig: Setting CVar [[r.SceneColorFringeQuality:1]]
[2021.10.14-12.32.01:273][  0]LogConfig: Setting CVar [[r.EyeAdaptationQuality:2]]
[2021.10.14-12.32.01:275][  0]LogConfig: Setting CVar [[r.BloomQuality:5]]
[2021.10.14-12.32.01:276][  0]LogConfig: Setting CVar [[r.FastBlurThreshold:100]]
[2021.10.14-12.32.01:278][  0]LogConfig: Setting CVar [[r.Upscale.Quality:3]]
[2021.10.14-12.32.01:279][  0]LogConfig: Setting CVar [[r.Tonemapper.GrainQuantization:1]]
[2021.10.14-12.32.01:281][  0]LogConfig: Setting CVar [[r.LightShaftQuality:1]]
[2021.10.14-12.32.01:283][  0]LogConfig: Setting CVar [[r.Filter.SizeScale:1]]
[2021.10.14-12.32.01:284][  0]LogConfig: Setting CVar [[r.Tonemapper.Quality:5]]
[2021.10.14-12.32.01:285][  0]LogConfig: Setting CVar [[r.DOF.Gather.AccumulatorQuality:1        ; higher gathering accumulator quality]]
[2021.10.14-12.32.01:287][  0]LogConfig: Setting CVar [[r.DOF.Gather.PostfilterMethod:1          ; Median3x3 postfilering method]]
[2021.10.14-12.32.01:288][  0]LogConfig: Setting CVar [[r.DOF.Gather.EnableBokehSettings:0       ; no bokeh simulation when gathering]]
[2021.10.14-12.32.01:289][  0]LogConfig: Setting CVar [[r.DOF.Gather.RingCount:4                 ; medium number of samples when gathering]]
[2021.10.14-12.32.01:290][  0]LogConfig: Setting CVar [[r.DOF.Scatter.ForegroundCompositing:1    ; additive foreground scattering]]
[2021.10.14-12.32.01:292][  0]LogConfig: Setting CVar [[r.DOF.Scatter.BackgroundCompositing:2    ; additive background scattering]]
[2021.10.14-12.32.01:293][  0]LogConfig: Setting CVar [[r.DOF.Scatter.EnableBokehSettings:1      ; bokeh simulation when scattering]]
[2021.10.14-12.32.01:294][  0]LogConfig: Setting CVar [[r.DOF.Scatter.MaxSpriteRatio:0.1         ; only a maximum of 10% of scattered bokeh]]
[2021.10.14-12.32.01:295][  0]LogConfig: Setting CVar [[r.DOF.Recombine.Quality:1                ; cheap slight out of focus]]
[2021.10.14-12.32.01:296][  0]LogConfig: Setting CVar [[r.DOF.Recombine.EnableBokehSettings:0    ; no bokeh simulation on slight out of focus]]
[2021.10.14-12.32.01:298][  0]LogConfig: Setting CVar [[r.DOF.TemporalAAQuality:1                ; more stable temporal accumulation]]
[2021.10.14-12.32.01:300][  0]LogConfig: Setting CVar [[r.DOF.Kernel.MaxForegroundRadius:0.025]]
[2021.10.14-12.32.01:301][  0]LogConfig: Setting CVar [[r.DOF.Kernel.MaxBackgroundRadius:0.025]]
[2021.10.14-12.32.01:302][  0]LogConfig: Applying CVar settings from Section [TextureQuality@3] File [../../../usagiMultiBuild/Saved/Config/WindowsServer/Scalability.ini]
[2021.10.14-12.32.01:304][  0]LogConfig: Setting CVar [[r.Streaming.MipBias:0]]
[2021.10.14-12.32.01:305][  0]LogConfig: Setting CVar [[r.Streaming.AmortizeCPUToGPUCopy:0]]
[2021.10.14-12.32.01:306][  0]LogConfig: Setting CVar [[r.Streaming.MaxNumTexturesToStreamPerFrame:0]]
[2021.10.14-12.32.01:307][  0]LogConfig: Setting CVar [[r.Streaming.Boost:1]]
[2021.10.14-12.32.01:308][  0]LogConfig: Setting CVar [[r.MaxAnisotropy:8]]
[2021.10.14-12.32.01:310][  0]LogConfig: Setting CVar [[r.VT.MaxAnisotropy:8]]
[2021.10.14-12.32.01:311][  0]LogConfig: Setting CVar [[r.Streaming.LimitPoolSizeToVRAM:0]]
[2021.10.14-12.32.01:312][  0]LogConfig: Setting CVar [[r.Streaming.PoolSize:1000]]
[2021.10.14-12.32.01:313][  0]LogConfig: Setting CVar [[r.Streaming.MaxEffectiveScreenSize:0]]
[2021.10.14-12.32.01:316][  0]LogConfig: Applying CVar settings from Section [EffectsQuality@3] File [../../../usagiMultiBuild/Saved/Config/WindowsServer/Scalability.ini]
[2021.10.14-12.32.01:317][  0]LogConfig: Setting CVar [[r.TranslucencyLightingVolumeDim:64]]
[2021.10.14-12.32.01:318][  0]LogConfig: Setting CVar [[r.RefractionQuality:2]]
[2021.10.14-12.32.01:320][  0]LogConfig: Setting CVar [[r.SSR.Quality:3]]
[2021.10.14-12.32.01:321][  0]LogConfig: Setting CVar [[r.SSR.HalfResSceneColor:0]]
[2021.10.14-12.32.01:322][  0]LogConfig: Setting CVar [[r.SceneColorFormat:4]]
[2021.10.14-12.32.01:324][  0]LogConfig: Setting CVar [[r.DetailMode:2]]
[2021.10.14-12.32.01:325][  0]LogConfig: Setting CVar [[r.TranslucencyVolumeBlur:1]]
[2021.10.14-12.32.01:326][  0]LogConfig: Setting CVar [[r.MaterialQualityLevel:1 ; High quality]]
[2021.10.14-12.32.01:327][  0]LogConfig: Setting CVar [[r.AnisotropicMaterials:1]]
[2021.10.14-12.32.01:328][  0]LogConfig: Setting CVar [[r.SSS.Scale:1]]
[2021.10.14-12.32.01:330][  0]LogConfig: Setting CVar [[r.SSS.SampleSet:2]]
[2021.10.14-12.32.01:332][  0]LogConfig: Setting CVar [[r.SSS.Quality:1]]
[2021.10.14-12.32.01:333][  0]LogConfig: Setting CVar [[r.SSS.HalfRes:0]]
[2021.10.14-12.32.01:334][  0]LogConfig: Setting CVar [[r.SSGI.Quality:3]]
[2021.10.14-12.32.01:336][  0]LogConfig: Setting CVar [[r.EmitterSpawnRateScale:1.0]]
[2021.10.14-12.32.01:338][  0]LogConfig: Setting CVar [[r.ParticleLightQuality:2]]
[2021.10.14-12.32.01:339][  0]LogConfig: Setting CVar [[r.SkyAtmosphere.AerialPerspectiveLUT.FastApplyOnOpaque:1 ; Always have FastSkyLUT 1 in this case to avoid wrong sky]]
[2021.10.14-12.32.01:340][  0]LogConfig: Setting CVar [[r.SkyAtmosphere.AerialPerspectiveLUT.SampleCountMaxPerSlice:4]]
[2021.10.14-12.32.01:342][  0]LogConfig: Setting CVar [[r.SkyAtmosphere.AerialPerspectiveLUT.DepthResolution:16.0]]
[2021.10.14-12.32.01:343][  0]LogConfig: Setting CVar [[r.SkyAtmosphere.FastSkyLUT:1]]
[2021.10.14-12.32.01:346][  0]LogConfig: Setting CVar [[r.SkyAtmosphere.FastSkyLUT.SampleCountMin:4.0]]
[2021.10.14-12.32.01:347][  0]LogConfig: Setting CVar [[r.SkyAtmosphere.FastSkyLUT.SampleCountMax:128.0]]
[2021.10.14-12.32.01:349][  0]LogConfig: Setting CVar [[r.SkyAtmosphere.SampleCountMin:4.0]]
[2021.10.14-12.32.01:351][  0]LogConfig: Setting CVar [[r.SkyAtmosphere.SampleCountMax:128.0]]
[2021.10.14-12.32.01:354][  0]LogConfig: Setting CVar [[r.SkyAtmosphere.TransmittanceLUT.UseSmallFormat:0]]
[2021.10.14-12.32.01:355][  0]LogConfig: Setting CVar [[r.SkyAtmosphere.TransmittanceLUT.SampleCount:10.0]]
[2021.10.14-12.32.01:355][  0]LogConfig: Setting CVar [[r.SkyAtmosphere.MultiScatteringLUT.SampleCount:15.0]]
[2021.10.14-12.32.01:357][  0]LogConfig: Setting CVar [[r.SkyLight.RealTimeReflectionCapture:1]]
[2021.10.14-12.32.01:359][  0]LogConfig: Setting CVar [[fx.Niagara.QualityLevel:3]]
[2021.10.14-12.32.01:360][  0]LogConfig: Applying CVar settings from Section [FoliageQuality@3] File [../../../usagiMultiBuild/Saved/Config/WindowsServer/Scalability.ini]
[2021.10.14-12.32.01:363][  0]LogConfig: Setting CVar [[foliage.DensityScale:1.0]]
[2021.10.14-12.32.01:364][  0]LogConfig: Setting CVar [[grass.DensityScale:1.0]]
[2021.10.14-12.32.01:366][  0]LogConfig: Applying CVar settings from Section [ShadingQuality@3] File [../../../usagiMultiBuild/Saved/Config/WindowsServer/Scalability.ini]
[2021.10.14-12.32.01:367][  0]LogConfig: Setting CVar [[r.HairStrands.SkyLighting.IntegrationType:2]]
[2021.10.14-12.32.01:368][  0]LogConfig: Setting CVar [[r.HairStrands.SkyAO.SampleCount:4]]
[2021.10.14-12.32.01:370][  0]LogConfig: Setting CVar [[r.HairStrands.Visibility.MSAA.SamplePerPixel:4]]
[2021.10.14-12.32.01:372][  0]LogConfig: Applying CVar settings from Section [Startup] File [../../../Engine/Config/ConsoleVariables.ini]
[2021.10.14-12.32.01:373][  0]LogConfig: Setting CVar [[net.UseAdaptiveNetUpdateFrequency:0]]
[2021.10.14-12.32.01:374][  0]LogConfig: Setting CVar [[p.chaos.AllowCreatePhysxBodies:1]]
[2021.10.14-12.32.01:376][  0]LogConfig: Setting CVar [[fx.SkipVectorVMBackendOptimizations:1]]
[2021.10.14-12.32.01:379][  0]LogConfig: Applying CVar settings from Section [ConsoleVariables] File [../../../usagiMultiBuild/Saved/Config/WindowsServer/Engine.ini]
[2021.10.14-12.32.01:380][  0]LogInit: Computer: DESKTOP-NSNTCUA
[2021.10.14-12.32.01:382][  0]LogInit: User: MAO
[2021.10.14-12.32.01:383][  0]LogInit: CPU Page size=4096, Cores=8
[2021.10.14-12.32.01:385][  0]LogInit: High frequency timer resolution =10.000000 MHz
[2021.10.14-12.32.01:386][  0]LogMemory: Memory total: Physical=31.9GB (32GB approx)
[2021.10.14-12.32.01:388][  0]LogMemory: Platform Memory Stats for WindowsServer
[2021.10.14-12.32.01:388][  0]LogMemory: Process Physical Memory: 75.31 MB used, 75.32 MB peak
[2021.10.14-12.32.01:390][  0]LogMemory: Process Virtual Memory: 76.40 MB used, 76.40 MB peak
[2021.10.14-12.32.01:391][  0]LogMemory: Physical Memory: 6603.60 MB used,  26102.02 MB free, 32705.62 MB total
[2021.10.14-12.32.01:393][  0]LogMemory: Virtual Memory: 134180672.00 MB used,  37057.54 MB free, 134217728.00 MB total
[2021.10.14-12.32.01:400][  0]LogWindows: WindowsPlatformFeatures disabled or dedicated server build
[2021.10.14-12.32.01:431][  0]LogInit: Physics initialised using underlying interface: PhysX
[2021.10.14-12.32.01:432][  0]LogInit: Using OS detected language (ja-JP).
[2021.10.14-12.32.01:433][  0]LogInit: Using OS detected locale (ja-JP).
[2021.10.14-12.32.01:435][  0]LogTextLocalizationManager: No localization for 'ja-JP' exists, so 'en' will be used for the language.
[2021.10.14-12.32.01:436][  0]LogTextLocalizationManager: No localization for 'ja-JP' exists, so 'en' will be used for the locale.
[2021.10.14-12.32.01:461][  0]LogRendererCore: Ray tracing is disabled. Reason: r.RayTracing=0.
[2021.10.14-12.32.01:461][  0]LogODSC: ODSC Thread active.
[2021.10.14-12.32.01:468][  0]LogInit: Using OS detected language (ja-JP).
[2021.10.14-12.32.01:468][  0]LogInit: Using OS detected locale (ja-JP).
[2021.10.14-12.32.01:469][  0]LogTextLocalizationManager: No localization for 'ja-JP' exists, so 'en' will be used for the language.
[2021.10.14-12.32.01:471][  0]LogTextLocalizationManager: No localization for 'ja-JP' exists, so 'en' will be used for the locale.
[2021.10.14-12.32.01:472][  0]LogAssetRegistry: FAssetRegistry took 0.0007 seconds to start up
[2021.10.14-12.32.01:538][  0]LogTextLocalizationManager: Compacting localization data took   0.73ms
[2021.10.14-12.32.01:538][  0]LogStreaming: Display: FlushAsyncLoading: 1 QueuedPackages, 0 AsyncPackages
[2021.10.14-12.32.01:540][  0]LogPackageLocalizationCache: Processed 28 localized package path(s) for 1 prioritized culture(s) in 0.000100 seconds
[2021.10.14-12.32.01:541][  0]LogPakFile: New pak file ../../../usagiMultiBuild/Content/Paks/usagiMultiBuild-WindowsServer.pak added to pak precacher.
[2021.10.14-12.32.01:543][  0]LogInit: Selected Device Profile: [WindowsServer]
[2021.10.14-12.32.01:544][  0]LogInit: Active device profile: [00000280D6DC3340][00000280D1BF9250 49] WindowsServer
[2021.10.14-12.32.01:545][  0]LogInit: Profiles: [00000280D6DC34C0][00000280D5516DC0 49] Windows, [00000280D6DC3340][00000280D1BF9250 49] WindowsServer, 
[2021.10.14-12.32.01:555][  0]LogSerialization: Display: AllowBulkDataInIoStore: 'true'
[2021.10.14-12.32.01:561][  0]LogNetVersion: usagiMultiBuild 1.0.0, NetCL: 0, EngineNetVer: 17, GameNetVer: 0 (Checksum: 2140702117)
[2021.10.14-12.32.01:581][  0]LogAudioCaptureCore: Display: No Audio Capture implementations found. Audio input will be silent.
[2021.10.14-12.32.01:581][  0]LogAudioCaptureCore: Display: No Audio Capture implementations found. Audio input will be silent.
[2021.10.14-12.32.01:583][  0]LogHMD: PokeAHoleMaterial loaded successfully
[2021.10.14-12.32.01:608][  0]LogUObjectArray: 16016 objects as part of root set at end of initial load.
[2021.10.14-12.32.01:608][  0]LogUObjectAllocator: 3293816 out of 0 bytes used by permanent object pool.
[2021.10.14-12.32.01:609][  0]LogUObjectArray: CloseDisregardForGC: 16016/0 objects in disregard for GC pool
[2021.10.14-12.32.01:614][  0]LogNiagaraDebuggerClient: Niagara Debugger Client Initialized | Session: 0053F8554116381192551A8A3E588C4E | Instance: 8470CCFD40D44E1A43F259A68675D6A6 (DESKTOP-NSNTCUA-67156).
[2021.10.14-12.32.01:616][  0]LogAndroidPermission: UAndroidPermissionCallbackProxy::GetInstance
[2021.10.14-12.32.01:617][  0]LogOcInput: OculusInput pre-init called
[2021.10.14-12.32.01:619][  0]LogEngine: Initializing Engine...
[2021.10.14-12.32.01:620][  0]LogStats: UGameplayTagsManager::InitializeManager -  0.000 s
[2021.10.14-12.32.01:625][  0]LogInit: Initializing FReadOnlyCVARCache
[2021.10.14-12.32.01:626][  0]LogNetVersion: Set ProjectVersion to 1.0.0.0. Version Checksum will be recalculated on next use.
[2021.10.14-12.32.01:627][  0]LogInit: Texture streaming: Disabled
[2021.10.14-12.32.01:636][  0]LogInit: Display: Game Engine Initialized.
[2021.10.14-12.32.01:636][  0]LogInit: Display: Starting Game.
[2021.10.14-12.32.01:638][  0]LogNet: Browse: /Game/ThirdPersonCPP/Maps/testMap?Name=Player
[2021.10.14-12.32.01:639][  0]LogLoad: LoadMap: /Game/ThirdPersonCPP/Maps/testMap?Name=Player
[2021.10.14-12.32.01:640][  0]LogWorld: BeginTearingDown for /Temp/Untitled_0
[2021.10.14-12.32.01:645][  0]LogWorld: UWorld::CleanupWorld for Untitled, bSessionEnded=true, bCleanupResources=true
[2021.10.14-12.32.01:647][  0]LogUObjectHash: Compacting FUObjectHashTables data took   0.59ms
[2021.10.14-12.32.01:692][  0]LogAIModule: Creating AISystem for world testMap
[2021.10.14-12.32.01:692][  0]LogLoad: Game class is 'GMB_testMap_C'
[2021.10.14-12.32.01:693][  0]LogNet: ReplicationDriverClass is null! Not using ReplicationDriver.
[2021.10.14-12.32.01:694][  0]LogNetCore: DDoS detection status: detection enabled: 0 analytics enabled: 0
[2021.10.14-12.32.01:694][  0]LogInit: WinSock: Socket queue. Rx: 131072 (config 131072) Tx: 131072 (config 131072)
[2021.10.14-12.32.01:696][  0]LogNet: Created socket for bind address: 0.0.0.0 on port 7777
[2021.10.14-12.32.01:696][  0]PacketHandlerLog: Loaded PacketHandler component: Engine.EngineHandlerComponentFactory (StatelessConnectHandlerComponent)
[2021.10.14-12.32.01:697][  0]LogNet: GameNetDriver IpNetDriver_2147482565 IpNetDriver listening on port 7777
[2021.10.14-12.32.01:701][  0]LogWorld: Bringing World /Game/ThirdPersonCPP/Maps/testMap.testMap up for play (max tick rate 30) at 2021.10.14-21.32.01
[2021.10.14-12.32.01:701][  0]LogWorld: Bringing up level for play took: 0.001817
[2021.10.14-12.32.01:703][  0]LogBlueprintUserMessages: [BP_VrmUtilComponent] !! Warning  No VrmAssetList   BP_VrmModelActor_2
[2021.10.14-12.32.01:705][  0]LogScript: Warning: Accessed None trying to read property CallFunc_GetPlayerController_ReturnValue
	testMap_C /Game/ThirdPersonCPP/Maps/testMap.testMap:PersistentLevel.testMap_C_1
	Function /Game/ThirdPersonCPP/Maps/testMap.testMap_C:ExecuteUbergraph_testMap:0039
[2021.10.14-12.32.01:706][  0]LogScript: Warning: Script call stack:
	Function /Game/ThirdPersonCPP/Maps/testMap.testMap_C:ReceiveBeginPlay
	Function /Game/ThirdPersonCPP/Maps/testMap.testMap_C:ExecuteUbergraph_testMap

[2021.10.14-12.32.01:708][  0]LogScript: Warning: Accessed None trying to read property openFolder
	testMap_C /Game/ThirdPersonCPP/Maps/testMap.testMap:PersistentLevel.testMap_C_1
	Function /Game/ThirdPersonCPP/Maps/testMap.testMap_C:ExecuteUbergraph_testMap:00A1
[2021.10.14-12.32.01:711][  0]LogScript: Warning: Script call stack:
	Function /Game/ThirdPersonCPP/Maps/testMap.testMap_C:ReceiveBeginPlay
	Function /Game/ThirdPersonCPP/Maps/testMap.testMap_C:ExecuteUbergraph_testMap

[2021.10.14-12.32.01:712][  0]LogLoad: Took 0.073645 seconds to LoadMap(/Game/ThirdPersonCPP/Maps/testMap)
[2021.10.14-12.32.01:715][  0]LogPakFile: AllPaks IndexSizes: DirectoryHashSize=249836, PathHashSize=16, EntriesSize=32752, TotalSize=282604
[2021.10.14-12.32.01:716][  0]LogInit: Display: Engine is initialized. Leaving FEngineLoop::Init()
[2021.10.14-12.32.01:716][  0]LogLoad: (Engine Initialization) Total time: 2.60 seconds
[2021.10.14-12.33.30:980][694]LogNet: NotifyAcceptingConnection accepted from: 127.0.0.1:49852
[2021.10.14-12.33.30:980][694]LogHandshake: SendConnectChallenge. Timestamp: 89.260727, Cookie: 211175232005252224040124149004008107200169035127222107078099
[2021.10.14-12.33.31:013][695]LogNet: NotifyAcceptingConnection accepted from: 127.0.0.1:49852
[2021.10.14-12.33.31:013][695]LogHandshake: SendChallengeAck. InCookie: 211175232005252224040124149004008107200169035127222107078099
[2021.10.14-12.33.31:014][695]LogNet: Server accepting post-challenge connection from: 127.0.0.1:49852
[2021.10.14-12.33.31:014][695]PacketHandlerLog: Loaded PacketHandler component: Engine.EngineHandlerComponentFactory (StatelessConnectHandlerComponent)
[2021.10.14-12.33.31:014][695]LogNet: NotifyAcceptedConnection: Name: testMap, TimeStamp: 10/14/21 21:33:31, [UNetConnection] RemoteAddr: 127.0.0.1:49852, Name: IpConnection_2147482558, Driver: GameNetDriver IpNetDriver_2147482565, IsServer: YES, PC: NULL, Owner: NULL, UniqueId: INVALID
[2021.10.14-12.33.31:015][695]LogNet: AddClientConnection: Added client connection: [UNetConnection] RemoteAddr: 127.0.0.1:49852, Name: IpConnection_2147482558, Driver: GameNetDriver IpNetDriver_2147482565, IsServer: YES, PC: NULL, Owner: NULL, UniqueId: INVALID
[2021.10.14-12.33.31:015][695]LogNet: NotifyAcceptingChannel Control 0 server World /Game/ThirdPersonCPP/Maps/testMap.testMap: Accepted
[2021.10.14-12.33.31:015][695]LogNet: Remote platform little endian=1
[2021.10.14-12.33.31:016][695]LogNet: This platform little endian=1
[2021.10.14-12.33.31:016][695]LogNetVersion: usagiMultiBuild 1.0.0.0, NetCL: 0, EngineNetVer: 17, GameNetVer: 0 (Checksum: 376974328)
[2021.10.14-12.33.31:046][696]LogNet: Login request: ?Name=DESKTOP-NSNTCUA-9C96177242E13C6587E0A1B1405B84B5 userId: NULL:DESKTOP-NSNTCUA-9C96177242E13C6587E0A1B1405B84B5 platform: NULL
[2021.10.14-12.33.33:166][760]LogNet: Client netspeed is 100000
[2021.10.14-12.33.33:166][760]LogNet: Join request: /Game/ThirdPersonCPP/Maps/testMap?Name=DESKTOP-NSNTCUA-9C96177242E13C6587E0A1B1405B84B5?SplitscreenCount=1
[2021.10.14-12.33.33:167][760]LogOnlineSession: Warning: OSS: No game present to join for session (GameSession)
[2021.10.14-12.33.33:248][760]LogScript: Warning: Attempted to access missing property 'none'. If this is a packaged/cooked build, are you attempting to use an editor-only property?
	MToonAttachActor_C /Game/ThirdPersonCPP/Maps/testMap.testMap:PersistentLevel.ChildActor_GEN_VARIABLE_MToonAttachActor_C_CAT_2147482536
	Function /VRM4U/Util/Actor/MToonAttachActor.MToonAttachActor_C:initAll:329F
[2021.10.14-12.33.33:249][760]LogScript: Warning: Script call stack:
	Function /VRM4U/Util/BaseCharacter/BP_VrmCharacterBase.BP_VrmCharacterBase_C:UserConstructionScript
	Function /VRM4U/Util/BaseCharacter/BP_VrmCharacterBase.BP_VrmCharacterBase_C:Init
	Function /VRM4U/Util/BaseCharacter/BP_VrmCharacterBase.BP_VrmCharacterBase_C:ExecuteUbergraph_BP_VrmCharacterBase
	Function /VRM4U/Util/Actor/MToonAttachActor.MToonAttachActor_C:ReInit
	Function /VRM4U/Util/Actor/MToonAttachActor.MToonAttachActor_C:ExecuteUbergraph_MToonAttachActor
	Function /VRM4U/Util/Actor/MToonAttachActor.MToonAttachActor_C:initAll

[2021.10.14-12.33.33:251][760]LogScript: Warning: Attempted to access missing property 'none'. If this is a packaged/cooked build, are you attempting to use an editor-only property?
	MToonAttachActor_C /Game/ThirdPersonCPP/Maps/testMap.testMap:PersistentLevel.ChildActor_GEN_VARIABLE_MToonAttachActor_C_CAT_2147482536
	Function /VRM4U/Util/Actor/MToonAttachActor.MToonAttachActor_C:initAll:329F
[2021.10.14-12.33.33:251][760]LogScript: Warning: Script call stack:
	Function /VRM4U/Util/BaseCharacter/BP_VrmCharacterBase.BP_VrmCharacterBase_C:ReceiveBeginPlay
	Function /VRM4U/Util/BaseCharacter/BP_VrmCharacterBase.BP_VrmCharacterBase_C:ExecuteUbergraph_BP_VrmCharacterBase
	Function /VRM4U/Util/BaseCharacter/BP_VrmCharacterBase.BP_VrmCharacterBase_C:Init
	Function /VRM4U/Util/BaseCharacter/BP_VrmCharacterBase.BP_VrmCharacterBase_C:ExecuteUbergraph_BP_VrmCharacterBase
	Function /VRM4U/Util/Actor/MToonAttachActor.MToonAttachActor_C:ReInit
	Function /VRM4U/Util/Actor/MToonAttachActor.MToonAttachActor_C:ExecuteUbergraph_MToonAttachActor
	Function /VRM4U/Util/Actor/MToonAttachActor.MToonAttachActor_C:initAll

[2021.10.14-12.33.33:253][760]LogNet: Join succeeded: DESKTOP-NSNTCUA-9C96
[2021.10.14-12.34.21:190][204]LogNet: UChannel::ReceivedSequencedBunch: Bunch.bClose == true. ChIndex == 0. Calling ConditionalCleanUp.
[2021.10.14-12.34.21:190][204]LogNet: UChannel::CleanUp: ChIndex == 0. Closing connection. [UChannel] ChIndex: 0, Closing: 0 [UNetConnection] RemoteAddr: 127.0.0.1:49852, Name: IpConnection_2147482558, Driver: GameNetDriver IpNetDriver_2147482565, IsServer: YES, PC: PlayerController_2147482554, Owner: PlayerController_2147482554, UniqueId: NULL:DESKTOP-NSNTCUA-9C96177242E13C6587E0A1B1405B84B5
[2021.10.14-12.34.21:190][204]LogNet: UNetConnection::Close: [UNetConnection] RemoteAddr: 127.0.0.1:49852, Name: IpConnection_2147482558, Driver: GameNetDriver IpNetDriver_2147482565, IsServer: YES, PC: PlayerController_2147482554, Owner: PlayerController_2147482554, UniqueId: NULL:DESKTOP-NSNTCUA-9C96177242E13C6587E0A1B1405B84B5, Channels: 9, Time: 2021.10.14-12.34.21
[2021.10.14-12.34.21:191][204]LogNet: UChannel::Close: Sending CloseBunch. ChIndex == 0. Name: [UChannel] ChIndex: 0, Closing: 0 [UNetConnection] RemoteAddr: 127.0.0.1:49852, Name: IpConnection_2147482558, Driver: GameNetDriver IpNetDriver_2147482565, IsServer: YES, PC: PlayerController_2147482554, Owner: PlayerController_2147482554, UniqueId: NULL:DESKTOP-NSNTCUA-9C96177242E13C6587E0A1B1405B84B5
[2021.10.14-12.34.21:237][204]LogOnlineSession: Warning: OSS: No game present to leave for session (GameSession)
