Log file open, 10/10/21 16:37:35
LogWindows: Failed to load 'aqProf.dll' (GetLastError=126)
LogWindows: File 'aqProf.dll' does not exist
LogWindows: Failed to load 'VtuneApi.dll' (GetLastError=126)
LogWindows: File 'VtuneApi.dll' does not exist
LogWindows: Failed to load 'VtuneApi32e.dll' (GetLastError=126)
LogWindows: File 'VtuneApi32e.dll' does not exist
LogConsoleResponse: Display: Failed to find resolution value strings in scalability ini. Falling back to default.
LogConsoleResponse: Display: Failed to find resolution value strings in scalability ini. Falling back to default.
LogPakFile: Display: Found Pak file ../../../usagiMultiBuild/Content/Paks/usagiMultiBuild-WindowsNoEditor.pak attempting to mount.
LogPakFile: Display: Mounting pak file ../../../usagiMultiBuild/Content/Paks/usagiMultiBuild-WindowsNoEditor.pak.
LogPakFile: PakFile PrimaryIndexSize=40470
LogPakFile: PakFile PathHashIndexSize=52823
LogPakFile: PakFile FullDirectoryIndexSize=76017
LogShaderLibrary: Display: ShaderCodeLibraryPakFileMountedCallback: PakFile '../../../usagiMultiBuild/Content/Paks/usagiMultiBuild-WindowsNoEditor.pak' (chunk index -1, root '../../../') mounted
LogShaderLibrary: Display: ShaderCodeLibraryPakFileMountedCallback: pending pak file info (ChunkID:-1 Root:../../../ File:../../../usagiMultiBuild/Content/Paks/usagiMultiBuild-WindowsNoEditor.pak)
LogPakFile: OnPakFileMounted2Time == 0.000047
LogPlatformFile: Not using cached read wrapper
LogTaskGraph: Started task graph with 5 named threads and 47 total threads with 3 sets of task threads.
LogStats: Stats thread started at 0.107285
LogICUInternationalization: ICU TimeZone Detection - Raw Offset: +9:00, Platform Override: ''
LogInit: Display: Loading text-based GConfig....
LogPluginManager: Mounting plugin XRVisualization
LogPluginManager: Mounting plugin ProceduralMeshComponent
LogPluginManager: Mounting plugin VRM4U
LogPluginManager: Mounting plugin LevelSequenceEditor
LogPluginManager: Mounting plugin HDRIBackdrop
LogPluginManager: Mounting plugin Paper2D
LogPluginManager: Mounting plugin AISupport
LogPluginManager: Mounting plugin EnvironmentQueryEditor
LogPluginManager: Mounting plugin LightPropagationVolume
LogPluginManager: Mounting plugin CameraShakePreviewer
LogPluginManager: Mounting plugin GameplayCameras
LogPluginManager: Mounting plugin TemplateSequence
LogPluginManager: Mounting plugin OodleData
LogPluginManager: Mounting plugin OodleNetwork
LogPluginManager: Mounting plugin AnimationSharing
LogPluginManager: Mounting plugin SignificanceManager
LogPluginManager: Mounting plugin PixWinPlugin
LogPluginManager: Mounting plugin PluginUtils
LogPluginManager: Mounting plugin PropertyAccessEditor
LogPluginManager: Mounting plugin UObjectPlugin
LogPluginManager: Mounting plugin AssetManagerEditor
LogPluginManager: Mounting plugin FacialAnimation
LogPluginManager: Mounting plugin GeometryMode
LogPluginManager: Mounting plugin SpeedTreeImporter
LogPluginManager: Mounting plugin DatasmithContent
LogPluginManager: Mounting plugin VariantManagerContent
LogPluginManager: Mounting plugin AlembicImporter
LogPluginManager: Mounting plugin GeometryCache
LogPluginManager: Mounting plugin AutomationUtils
LogPluginManager: Mounting plugin ScreenshotTools
LogPluginManager: Mounting plugin BackChannel
LogPluginManager: Mounting plugin ChaosClothEditor
LogPluginManager: Mounting plugin ChaosCloth
LogPluginManager: Mounting plugin ChaosEditor
LogPluginManager: Mounting plugin PlanarCut
LogPluginManager: Mounting plugin GeometryProcessing
LogPluginManager: Mounting plugin EditableMesh
LogPluginManager: Mounting plugin GeometryCollectionPlugin
LogPluginManager: Mounting plugin ChaosSolverPlugin
LogPluginManager: Mounting plugin ChaosNiagara
LogPluginManager: Mounting plugin Niagara
LogPluginManager: Mounting plugin PythonScriptPlugin
LogPluginManager: Mounting plugin CharacterAI
LogPluginManager: Mounting plugin MotoSynth
LogPluginManager: Mounting plugin OpenImageDenoise
LogPluginManager: Mounting plugin PlatformCrypto
LogPluginManager: Mounting plugin MagicLeapPassableWorld
LogPluginManager: Mounting plugin MagicLeap
LogPluginManager: Mounting plugin MLSDK
LogPluginManager: Mounting plugin MagicLeapLightEstimation
LogPluginManager: Mounting plugin AvfMedia
LogPluginManager: Mounting plugin ImgMedia
LogPluginManager: Mounting plugin MediaCompositing
LogPluginManager: Mounting plugin WmfMedia
LogPluginManager: Mounting plugin MeshPainting
LogPluginManager: Mounting plugin TcpMessaging
LogPluginManager: Mounting plugin UdpMessaging
LogPluginManager: Mounting plugin ActorSequence
LogPluginManager: Mounting plugin MatineeToLevelSequence
LogPluginManager: Mounting plugin OnlineSubsystemNull
LogPluginManager: Mounting plugin OnlineSubsystem
LogPluginManager: Mounting plugin OnlineSubsystemUtils
LogPluginManager: Mounting plugin LauncherChunkInstaller
LogPluginManager: Mounting plugin ActorLayerUtilities
LogPluginManager: Mounting plugin AndroidPermission
LogPluginManager: Mounting plugin AppleImageUtils
LogPluginManager: Mounting plugin ArchVisCharacter
LogPluginManager: Mounting plugin AssetTags
LogPluginManager: Mounting plugin AudioCapture
LogPluginManager: Mounting plugin CableComponent
LogPluginManager: Mounting plugin ChunkDownloader
LogPluginManager: Mounting plugin CustomMeshComponent
LogPluginManager: Mounting plugin ExampleDeviceProfileSelector
LogPluginManager: Mounting plugin GooglePAD
LogPluginManager: Mounting plugin LocationServicesBPLibrary
LogPluginManager: Mounting plugin MobilePatchingUtils
LogPluginManager: Mounting plugin OculusVR
LogPluginManager: Mounting plugin OpenXREyeTracker
LogPluginManager: Mounting plugin OpenXR
LogPluginManager: Mounting plugin OpenXRHandTracking
LogPluginManager: Mounting plugin LiveLink
LogPluginManager: Mounting plugin Takes
LogPluginManager: Mounting plugin PhysXVehicles
LogPluginManager: Mounting plugin RuntimePhysXCooking
LogPluginManager: Mounting plugin SoundFields
LogPluginManager: Mounting plugin SteamVR
LogPluginManager: Mounting plugin Synthesis
LogPluginManager: Mounting plugin AudioSynesthesia
LogPluginManager: Mounting plugin WebMMoviePlayer
LogPluginManager: Mounting plugin WebMMedia
LogPluginManager: Mounting plugin WindowsMoviePlayer
PixWinPlugin: PIX capture plugin failed to initialize! Check that the process is launched from PIX.
LogLuminAPIImpl: Warning: MLSDK not found.  This likely means the MLSDK environment variable is not set.
LogInit: Using libcurl 7.55.1-DEV
LogInit:  - built for x86_64-pc-win32
LogInit:  - supports SSL with OpenSSL/1.1.1
LogInit:  - supports HTTP deflate (compression) using libz 1.2.8
LogInit:  - other features:
LogInit:      CURL_VERSION_SSL
LogInit:      CURL_VERSION_LIBZ
LogInit:      CURL_VERSION_IPV6
LogInit:      CURL_VERSION_ASYNCHDNS
LogInit:      CURL_VERSION_LARGEFILE
LogInit:      CURL_VERSION_IDN
LogInit:  CurlRequestOptions (configurable via config and command line):
LogInit:  - bVerifyPeer = true  - Libcurl will verify peer certificate
LogInit:  - bUseHttpProxy = false  - Libcurl will NOT use HTTP proxy
LogInit:  - bDontReuseConnections = false  - Libcurl will reuse connections
LogInit:  - MaxHostConnections = 16  - Libcurl will limit the number of connections to a host
LogInit:  - LocalHostAddr = Default
LogInit:  - BufferSize = 65536
LogOnline: OSS: Creating online subsystem instance for: NULL
LogInit: WinSock: version 1.1 (2.2), MaxSocks=32767, MaxUdp=65467
LogOnline: OSS: TryLoadSubsystemAndSetDefault: Loaded subsystem for module [NULL]
LogOculusPluginWrapper: OculusPlugin initialized successfully
LogHMD: Failed initializing OVRPlugin 1.59.0
LogInit: Build: ++UE4+Release-4.27-CL-0
LogInit: Engine Version: 4.27.0-0+++UE4+Release-4.27
LogInit: Compatible Engine Version: 4.27.0-0+++UE4+Release-4.27
LogInit: Net CL: 0
LogInit: OS: Windows 10 (Release 2009) (), CPU: AMD Ryzen 7 3700X 8-Core Processor             , GPU: NVIDIA GeForce GTX 1660 Ti
LogInit: Compiled (64-bit): Oct  7 2021 16:42:29
LogInit: Compiled with Visual C++: 19.29.30136.00
LogInit: Build Configuration: Development
LogInit: Branch Name: ++UE4+Release-4.27
LogInit: Command Line: 
LogInit: Base Directory: D:/z_record/unreal/usagiMultiBuild/WindowsNoEditor/usagiMultiBuild/Binaries/Win64/
LogInit: Allocator: binned2
LogInit: Installed Engine Build: 0
LogDevObjectVersion: Number of dev versions registered: 29
LogDevObjectVersion:   Dev-Blueprints (B0D832E4-1F89-4F0D-ACCF-7EB736FD4AA2): 10
LogDevObjectVersion:   Dev-Build (E1C64328-A22C-4D53-A36C-8E866417BD8C): 0
LogDevObjectVersion:   Dev-Core (375EC13C-06E4-48FB-B500-84F0262A717E): 4
LogDevObjectVersion:   Dev-Editor (E4B068ED-F494-42E9-A231-DA0B2E46BB41): 40
LogDevObjectVersion:   Dev-Framework (CFFC743F-43B0-4480-9391-14DF171D2073): 37
LogDevObjectVersion:   Dev-Mobile (B02B49B5-BB20-44E9-A304-32B752E40360): 3
LogDevObjectVersion:   Dev-Networking (A4E4105C-59A1-49B5-A7C5-40C4547EDFEE): 0
LogDevObjectVersion:   Dev-Online (39C831C9-5AE6-47DC-9A44-9C173E1C8E7C): 0
LogDevObjectVersion:   Dev-Physics (78F01B33-EBEA-4F98-B9B4-84EACCB95AA2): 14
LogDevObjectVersion:   Dev-Platform (6631380F-2D4D-43E0-8009-CF276956A95A): 0
LogDevObjectVersion:   Dev-Rendering (12F88B9F-8875-4AFC-A67C-D90C383ABD29): 45
LogDevObjectVersion:   Dev-Sequencer (7B5AE74C-D270-4C10-A958-57980B212A5A): 13
LogDevObjectVersion:   Dev-VR (D7296918-1DD6-4BDD-9DE2-64A83CC13884): 3
LogDevObjectVersion:   Dev-LoadTimes (C2A15278-BFE7-4AFE-6C17-90FF531DF755): 1
LogDevObjectVersion:   Private-Geometry (6EACA3D4-40EC-4CC1-B786-8BED09428FC5): 3
LogDevObjectVersion:   Dev-AnimPhys (29E575DD-E0A3-4627-9D10-D276232CDCEA): 17
LogDevObjectVersion:   Dev-Anim (AF43A65D-7FD3-4947-9873-3E8ED9C1BB05): 15
LogDevObjectVersion:   Dev-ReflectionCapture (6B266CEC-1EC7-4B8F-A30B-E4D90942FC07): 1
LogDevObjectVersion:   Dev-Automation (0DF73D61-A23F-47EA-B727-89E90C41499A): 1
LogDevObjectVersion:   FortniteMain (601D1886-AC64-4F84-AA16-D3DE0DEAC7D6): 47
LogDevObjectVersion:   FortniteRelease (E7086368-6B23-4C58-8439-1B7016265E91): 1
LogDevObjectVersion:   Dev-Enterprise (9DFFBCD6-494F-0158-E221-12823C92A888): 10
LogDevObjectVersion:   Dev-Niagara (F2AED0AC-9AFE-416F-8664-AA7FFA26D6FC): 1
LogDevObjectVersion:   Dev-Destruction (174F1F0B-B4C6-45A5-B13F-2EE8D0FB917D): 10
LogDevObjectVersion:   Dev-Physics-Ext (35F94A83-E258-406C-A318-09F59610247C): 41
LogDevObjectVersion:   Dev-PhysicsMaterial-Chaos (B68FC16E-8B1B-42E2-B453-215C058844FE): 1
LogDevObjectVersion:   Dev-CineCamera (B2E18506-4273-CFC2-A54E-F4BB758BBA07): 1
LogDevObjectVersion:   Dev-VirtualProduction (64F58936-FD1B-42BA-BA96-7289D5D0FA4E): 1
LogDevObjectVersion:   Dev-MediaFramework (6F0ED827-A609-4895-9C91-998D90180EA4): 2
LogInit: Presizing for max 2097152 objects, including 1 objects not considered by GC, pre-allocating 0 bytes for permanent pool.
LogConfig: Applying CVar settings from Section [/Script/Engine.StreamingSettings] File [../../../usagiMultiBuild/Saved/Config/WindowsNoEditor/Engine.ini]
LogConfig: Setting CVar [[s.MinBulkDataSizeForAsyncLoading:131072]]
LogConfig: Setting CVar [[s.AsyncLoadingThreadEnabled:0]]
LogConfig: Setting CVar [[s.EventDrivenLoaderEnabled:1]]
LogConfig: Setting CVar [[s.WarnIfTimeLimitExceeded:0]]
LogConfig: Setting CVar [[s.TimeLimitExceededMultiplier:1.5]]
LogConfig: Setting CVar [[s.TimeLimitExceededMinTime:0.005]]
LogConfig: Setting CVar [[s.UseBackgroundLevelStreaming:1]]
LogConfig: Setting CVar [[s.PriorityAsyncLoadingExtraTime:15.0]]
LogConfig: Setting CVar [[s.LevelStreamingActorsUpdateTimeLimit:5.0]]
LogConfig: Setting CVar [[s.PriorityLevelStreamingActorsUpdateExtraTime:5.0]]
LogConfig: Setting CVar [[s.LevelStreamingComponentsRegistrationGranularity:10]]
LogConfig: Setting CVar [[s.UnregisterComponentsTimeLimit:1.0]]
LogConfig: Setting CVar [[s.LevelStreamingComponentsUnregistrationGranularity:5]]
LogConfig: Setting CVar [[s.FlushStreamingOnExit:1]]
LogStreaming: Display: Async Loading initialized: Event Driven Loader: true, Async Loading Thread: false, Async Post Load: true
LogInit: Object subsystem initialized
LogConfig: Setting CVar [[con.DebugEarlyDefault:1]]
LogConfig: Setting CVar [[r.setres:1280x720]]
LogConfig: Setting CVar [[fx.NiagaraAllowRuntimeScalabilityChanges:1]]
[2021.10.10-07.37.35:916][  0]LogConfig: Setting CVar [[con.DebugEarlyDefault:1]]
[2021.10.10-07.37.35:916][  0]LogConfig: Setting CVar [[r.setres:1280x720]]
[2021.10.10-07.37.35:916][  0]LogConfig: Setting CVar [[fx.NiagaraAllowRuntimeScalabilityChanges:1]]
[2021.10.10-07.37.35:916][  0]LogConfig: Applying CVar settings from Section [/Script/Engine.RendererSettings] File [../../../usagiMultiBuild/Saved/Config/WindowsNoEditor/Engine.ini]
[2021.10.10-07.37.35:916][  0]LogConfig: Setting CVar [[r.GPUCrashDebugging:0]]
[2021.10.10-07.37.35:916][  0]LogConfig: Applying CVar settings from Section [/Script/Engine.RendererOverrideSettings] File [../../../usagiMultiBuild/Saved/Config/WindowsNoEditor/Engine.ini]
[2021.10.10-07.37.35:916][  0]LogConfig: Applying CVar settings from Section [/Script/Engine.StreamingSettings] File [../../../usagiMultiBuild/Saved/Config/WindowsNoEditor/Engine.ini]
[2021.10.10-07.37.35:916][  0]LogConfig: Setting CVar [[s.MinBulkDataSizeForAsyncLoading:131072]]
[2021.10.10-07.37.35:916][  0]LogConfig: Setting CVar [[s.AsyncLoadingThreadEnabled:0]]
[2021.10.10-07.37.35:916][  0]LogConfig: Setting CVar [[s.EventDrivenLoaderEnabled:1]]
[2021.10.10-07.37.35:916][  0]LogConfig: Setting CVar [[s.WarnIfTimeLimitExceeded:0]]
[2021.10.10-07.37.35:916][  0]LogConfig: Setting CVar [[s.TimeLimitExceededMultiplier:1.5]]
[2021.10.10-07.37.35:916][  0]LogConfig: Setting CVar [[s.TimeLimitExceededMinTime:0.005]]
[2021.10.10-07.37.35:916][  0]LogConfig: Setting CVar [[s.UseBackgroundLevelStreaming:1]]
[2021.10.10-07.37.35:916][  0]LogConfig: Setting CVar [[s.PriorityAsyncLoadingExtraTime:15.0]]
[2021.10.10-07.37.35:916][  0]LogConfig: Setting CVar [[s.LevelStreamingActorsUpdateTimeLimit:5.0]]
[2021.10.10-07.37.35:916][  0]LogConfig: Setting CVar [[s.PriorityLevelStreamingActorsUpdateExtraTime:5.0]]
[2021.10.10-07.37.35:916][  0]LogConfig: Setting CVar [[s.LevelStreamingComponentsRegistrationGranularity:10]]
[2021.10.10-07.37.35:916][  0]LogConfig: Setting CVar [[s.UnregisterComponentsTimeLimit:1.0]]
[2021.10.10-07.37.35:916][  0]LogConfig: Setting CVar [[s.LevelStreamingComponentsUnregistrationGranularity:5]]
[2021.10.10-07.37.35:916][  0]LogConfig: Setting CVar [[s.FlushStreamingOnExit:1]]
[2021.10.10-07.37.35:916][  0]LogConfig: Applying CVar settings from Section [/Script/Engine.GarbageCollectionSettings] File [../../../usagiMultiBuild/Saved/Config/WindowsNoEditor/Engine.ini]
[2021.10.10-07.37.35:916][  0]LogConfig: Setting CVar [[gc.MaxObjectsNotConsideredByGC:1]]
[2021.10.10-07.37.35:916][  0]LogConfig: Setting CVar [[gc.SizeOfPermanentObjectPool:0]]
[2021.10.10-07.37.35:916][  0]LogConfig: Setting CVar [[gc.FlushStreamingOnGC:0]]
[2021.10.10-07.37.35:916][  0]LogConfig: Setting CVar [[gc.NumRetriesBeforeForcingGC:10]]
[2021.10.10-07.37.35:916][  0]LogConfig: Setting CVar [[gc.AllowParallelGC:1]]
[2021.10.10-07.37.35:916][  0]LogConfig: Setting CVar [[gc.TimeBetweenPurgingPendingKillObjects:61.1]]
[2021.10.10-07.37.35:916][  0]LogConfig: Setting CVar [[gc.MaxObjectsInEditor:25165824]]
[2021.10.10-07.37.35:916][  0]LogConfig: Setting CVar [[gc.IncrementalBeginDestroyEnabled:1]]
[2021.10.10-07.37.35:916][  0]LogConfig: Setting CVar [[gc.CreateGCClusters:1]]
[2021.10.10-07.37.35:916][  0]LogConfig: Setting CVar [[gc.MinGCClusterSize:5]]
[2021.10.10-07.37.35:916][  0]LogConfig: Setting CVar [[gc.ActorClusteringEnabled:0]]
[2021.10.10-07.37.35:916][  0]LogConfig: Setting CVar [[gc.BlueprintClusteringEnabled:0]]
[2021.10.10-07.37.35:916][  0]LogConfig: Setting CVar [[gc.UseDisregardForGCOnDedicatedServers:0]]
[2021.10.10-07.37.35:916][  0]LogConfig: Setting CVar [[gc.MultithreadedDestructionEnabled:1]]
[2021.10.10-07.37.35:916][  0]LogConfig: Applying CVar settings from Section [/Script/Engine.NetworkSettings] File [../../../usagiMultiBuild/Saved/Config/WindowsNoEditor/Engine.ini]
[2021.10.10-07.37.35:929][  0]LogConfig: Applying CVar settings from Section [ViewDistanceQuality@3] File [../../../usagiMultiBuild/Saved/Config/WindowsNoEditor/Scalability.ini]
[2021.10.10-07.37.35:929][  0]LogConfig: Setting CVar [[r.SkeletalMeshLODBias:0]]
[2021.10.10-07.37.35:929][  0]LogConfig: Setting CVar [[r.ViewDistanceScale:1.0]]
[2021.10.10-07.37.35:929][  0]LogConfig: Applying CVar settings from Section [AntiAliasingQuality@3] File [../../../usagiMultiBuild/Saved/Config/WindowsNoEditor/Scalability.ini]
[2021.10.10-07.37.35:929][  0]LogConfig: Setting CVar [[r.PostProcessAAQuality:4]]
[2021.10.10-07.37.35:929][  0]LogConfig: Applying CVar settings from Section [ShadowQuality@3] File [../../../usagiMultiBuild/Saved/Config/WindowsNoEditor/Scalability.ini]
[2021.10.10-07.37.35:929][  0]LogConfig: Setting CVar [[r.LightFunctionQuality:1]]
[2021.10.10-07.37.35:929][  0]LogConfig: Setting CVar [[r.ShadowQuality:5]]
[2021.10.10-07.37.35:929][  0]LogConfig: Setting CVar [[r.Shadow.CSM.MaxCascades:10]]
[2021.10.10-07.37.35:929][  0]LogConfig: Setting CVar [[r.Shadow.MaxResolution:2048]]
[2021.10.10-07.37.35:929][  0]LogConfig: Setting CVar [[r.Shadow.MaxCSMResolution:2048]]
[2021.10.10-07.37.35:929][  0]LogConfig: Setting CVar [[r.Shadow.RadiusThreshold:0.01]]
[2021.10.10-07.37.35:929][  0]LogConfig: Setting CVar [[r.Shadow.DistanceScale:1.0]]
[2021.10.10-07.37.35:929][  0]LogConfig: Setting CVar [[r.Shadow.CSM.TransitionScale:1.0]]
[2021.10.10-07.37.35:929][  0]LogConfig: Setting CVar [[r.Shadow.PreShadowResolutionFactor:1.0]]
[2021.10.10-07.37.35:929][  0]LogConfig: Setting CVar [[r.DistanceFieldShadowing:1]]
[2021.10.10-07.37.35:929][  0]LogConfig: Setting CVar [[r.DistanceFieldAO:1]]
[2021.10.10-07.37.35:929][  0]LogConfig: Setting CVar [[r.AOQuality:2]]
[2021.10.10-07.37.35:930][  0]LogConfig: Setting CVar [[r.VolumetricFog:1]]
[2021.10.10-07.37.35:930][  0]LogConfig: Setting CVar [[r.VolumetricFog.GridPixelSize:8]]
[2021.10.10-07.37.35:930][  0]LogConfig: Setting CVar [[r.VolumetricFog.GridSizeZ:128]]
[2021.10.10-07.37.35:930][  0]LogConfig: Setting CVar [[r.VolumetricFog.HistoryMissSupersampleCount:4]]
[2021.10.10-07.37.35:930][  0]LogConfig: Setting CVar [[r.LightMaxDrawDistanceScale:1]]
[2021.10.10-07.37.35:930][  0]LogConfig: Setting CVar [[r.CapsuleShadows:1]]
[2021.10.10-07.37.35:930][  0]LogConfig: Applying CVar settings from Section [PostProcessQuality@3] File [../../../usagiMultiBuild/Saved/Config/WindowsNoEditor/Scalability.ini]
[2021.10.10-07.37.35:930][  0]LogConfig: Setting CVar [[r.MotionBlurQuality:4]]
[2021.10.10-07.37.35:930][  0]LogConfig: Setting CVar [[r.AmbientOcclusionMipLevelFactor:0.4]]
[2021.10.10-07.37.35:930][  0]LogConfig: Setting CVar [[r.AmbientOcclusionMaxQuality:100]]
[2021.10.10-07.37.35:930][  0]LogConfig: Setting CVar [[r.AmbientOcclusionLevels:-1]]
[2021.10.10-07.37.35:930][  0]LogConfig: Setting CVar [[r.AmbientOcclusionRadiusScale:1.0]]
[2021.10.10-07.37.35:930][  0]LogConfig: Setting CVar [[r.DepthOfFieldQuality:2]]
[2021.10.10-07.37.35:930][  0]LogConfig: Setting CVar [[r.RenderTargetPoolMin:400]]
[2021.10.10-07.37.35:930][  0]LogConfig: Setting CVar [[r.LensFlareQuality:2]]
[2021.10.10-07.37.35:930][  0]LogConfig: Setting CVar [[r.SceneColorFringeQuality:1]]
[2021.10.10-07.37.35:930][  0]LogConfig: Setting CVar [[r.EyeAdaptationQuality:2]]
[2021.10.10-07.37.35:930][  0]LogConfig: Setting CVar [[r.BloomQuality:5]]
[2021.10.10-07.37.35:930][  0]LogConfig: Setting CVar [[r.FastBlurThreshold:100]]
[2021.10.10-07.37.35:930][  0]LogConfig: Setting CVar [[r.Upscale.Quality:3]]
[2021.10.10-07.37.35:930][  0]LogConfig: Setting CVar [[r.Tonemapper.GrainQuantization:1]]
[2021.10.10-07.37.35:930][  0]LogConfig: Setting CVar [[r.LightShaftQuality:1]]
[2021.10.10-07.37.35:930][  0]LogConfig: Setting CVar [[r.Filter.SizeScale:1]]
[2021.10.10-07.37.35:930][  0]LogConfig: Setting CVar [[r.Tonemapper.Quality:5]]
[2021.10.10-07.37.35:930][  0]LogConfig: Setting CVar [[r.DOF.Gather.AccumulatorQuality:1        ; higher gathering accumulator quality]]
[2021.10.10-07.37.35:930][  0]LogConfig: Setting CVar [[r.DOF.Gather.PostfilterMethod:1          ; Median3x3 postfilering method]]
[2021.10.10-07.37.35:930][  0]LogConfig: Setting CVar [[r.DOF.Gather.EnableBokehSettings:0       ; no bokeh simulation when gathering]]
[2021.10.10-07.37.35:930][  0]LogConfig: Setting CVar [[r.DOF.Gather.RingCount:4                 ; medium number of samples when gathering]]
[2021.10.10-07.37.35:930][  0]LogConfig: Setting CVar [[r.DOF.Scatter.ForegroundCompositing:1    ; additive foreground scattering]]
[2021.10.10-07.37.35:930][  0]LogConfig: Setting CVar [[r.DOF.Scatter.BackgroundCompositing:2    ; additive background scattering]]
[2021.10.10-07.37.35:930][  0]LogConfig: Setting CVar [[r.DOF.Scatter.EnableBokehSettings:1      ; bokeh simulation when scattering]]
[2021.10.10-07.37.35:930][  0]LogConfig: Setting CVar [[r.DOF.Scatter.MaxSpriteRatio:0.1         ; only a maximum of 10% of scattered bokeh]]
[2021.10.10-07.37.35:930][  0]LogConfig: Setting CVar [[r.DOF.Recombine.Quality:1                ; cheap slight out of focus]]
[2021.10.10-07.37.35:930][  0]LogConfig: Setting CVar [[r.DOF.Recombine.EnableBokehSettings:0    ; no bokeh simulation on slight out of focus]]
[2021.10.10-07.37.35:930][  0]LogConfig: Setting CVar [[r.DOF.TemporalAAQuality:1                ; more stable temporal accumulation]]
[2021.10.10-07.37.35:930][  0]LogConfig: Setting CVar [[r.DOF.Kernel.MaxForegroundRadius:0.025]]
[2021.10.10-07.37.35:930][  0]LogConfig: Setting CVar [[r.DOF.Kernel.MaxBackgroundRadius:0.025]]
[2021.10.10-07.37.35:930][  0]LogConfig: Applying CVar settings from Section [TextureQuality@3] File [../../../usagiMultiBuild/Saved/Config/WindowsNoEditor/Scalability.ini]
[2021.10.10-07.37.35:930][  0]LogConfig: Setting CVar [[r.Streaming.MipBias:0]]
[2021.10.10-07.37.35:930][  0]LogConfig: Setting CVar [[r.Streaming.AmortizeCPUToGPUCopy:0]]
[2021.10.10-07.37.35:930][  0]LogConfig: Setting CVar [[r.Streaming.MaxNumTexturesToStreamPerFrame:0]]
[2021.10.10-07.37.35:930][  0]LogConfig: Setting CVar [[r.Streaming.Boost:1]]
[2021.10.10-07.37.35:930][  0]LogConfig: Setting CVar [[r.MaxAnisotropy:8]]
[2021.10.10-07.37.35:930][  0]LogConfig: Setting CVar [[r.VT.MaxAnisotropy:8]]
[2021.10.10-07.37.35:930][  0]LogConfig: Setting CVar [[r.Streaming.LimitPoolSizeToVRAM:0]]
[2021.10.10-07.37.35:930][  0]LogConfig: Setting CVar [[r.Streaming.PoolSize:1000]]
[2021.10.10-07.37.35:930][  0]LogConfig: Setting CVar [[r.Streaming.MaxEffectiveScreenSize:0]]
[2021.10.10-07.37.35:930][  0]LogConfig: Applying CVar settings from Section [EffectsQuality@3] File [../../../usagiMultiBuild/Saved/Config/WindowsNoEditor/Scalability.ini]
[2021.10.10-07.37.35:930][  0]LogConfig: Setting CVar [[r.TranslucencyLightingVolumeDim:64]]
[2021.10.10-07.37.35:930][  0]LogConfig: Setting CVar [[r.RefractionQuality:2]]
[2021.10.10-07.37.35:930][  0]LogConfig: Setting CVar [[r.SSR.Quality:3]]
[2021.10.10-07.37.35:930][  0]LogConfig: Setting CVar [[r.SSR.HalfResSceneColor:0]]
[2021.10.10-07.37.35:930][  0]LogConfig: Setting CVar [[r.SceneColorFormat:4]]
[2021.10.10-07.37.35:930][  0]LogConfig: Setting CVar [[r.DetailMode:2]]
[2021.10.10-07.37.35:930][  0]LogConfig: Setting CVar [[r.TranslucencyVolumeBlur:1]]
[2021.10.10-07.37.35:930][  0]LogConfig: Setting CVar [[r.MaterialQualityLevel:1 ; High quality]]
[2021.10.10-07.37.35:930][  0]LogConfig: Setting CVar [[r.AnisotropicMaterials:1]]
[2021.10.10-07.37.35:930][  0]LogConfig: Setting CVar [[r.SSS.Scale:1]]
[2021.10.10-07.37.35:930][  0]LogConfig: Setting CVar [[r.SSS.SampleSet:2]]
[2021.10.10-07.37.35:930][  0]LogConfig: Setting CVar [[r.SSS.Quality:1]]
[2021.10.10-07.37.35:930][  0]LogConfig: Setting CVar [[r.SSS.HalfRes:0]]
[2021.10.10-07.37.35:930][  0]LogConfig: Setting CVar [[r.SSGI.Quality:3]]
[2021.10.10-07.37.35:930][  0]LogConfig: Setting CVar [[r.EmitterSpawnRateScale:1.0]]
[2021.10.10-07.37.35:930][  0]LogConfig: Setting CVar [[r.ParticleLightQuality:2]]
[2021.10.10-07.37.35:930][  0]LogConfig: Setting CVar [[r.SkyAtmosphere.AerialPerspectiveLUT.FastApplyOnOpaque:1 ; Always have FastSkyLUT 1 in this case to avoid wrong sky]]
[2021.10.10-07.37.35:930][  0]LogConfig: Setting CVar [[r.SkyAtmosphere.AerialPerspectiveLUT.SampleCountMaxPerSlice:4]]
[2021.10.10-07.37.35:930][  0]LogConfig: Setting CVar [[r.SkyAtmosphere.AerialPerspectiveLUT.DepthResolution:16.0]]
[2021.10.10-07.37.35:930][  0]LogConfig: Setting CVar [[r.SkyAtmosphere.FastSkyLUT:1]]
[2021.10.10-07.37.35:930][  0]LogConfig: Setting CVar [[r.SkyAtmosphere.FastSkyLUT.SampleCountMin:4.0]]
[2021.10.10-07.37.35:930][  0]LogConfig: Setting CVar [[r.SkyAtmosphere.FastSkyLUT.SampleCountMax:128.0]]
[2021.10.10-07.37.35:930][  0]LogConfig: Setting CVar [[r.SkyAtmosphere.SampleCountMin:4.0]]
[2021.10.10-07.37.35:930][  0]LogConfig: Setting CVar [[r.SkyAtmosphere.SampleCountMax:128.0]]
[2021.10.10-07.37.35:930][  0]LogConfig: Setting CVar [[r.SkyAtmosphere.TransmittanceLUT.UseSmallFormat:0]]
[2021.10.10-07.37.35:930][  0]LogConfig: Setting CVar [[r.SkyAtmosphere.TransmittanceLUT.SampleCount:10.0]]
[2021.10.10-07.37.35:930][  0]LogConfig: Setting CVar [[r.SkyAtmosphere.MultiScatteringLUT.SampleCount:15.0]]
[2021.10.10-07.37.35:930][  0]LogConfig: Setting CVar [[r.SkyLight.RealTimeReflectionCapture:1]]
[2021.10.10-07.37.35:930][  0]LogConfig: Setting CVar [[fx.Niagara.QualityLevel:3]]
[2021.10.10-07.37.35:930][  0]LogConfig: Applying CVar settings from Section [FoliageQuality@3] File [../../../usagiMultiBuild/Saved/Config/WindowsNoEditor/Scalability.ini]
[2021.10.10-07.37.35:930][  0]LogConfig: Setting CVar [[foliage.DensityScale:1.0]]
[2021.10.10-07.37.35:930][  0]LogConfig: Setting CVar [[grass.DensityScale:1.0]]
[2021.10.10-07.37.35:930][  0]LogConfig: Applying CVar settings from Section [ShadingQuality@3] File [../../../usagiMultiBuild/Saved/Config/WindowsNoEditor/Scalability.ini]
[2021.10.10-07.37.35:930][  0]LogConfig: Setting CVar [[r.HairStrands.SkyLighting.IntegrationType:2]]
[2021.10.10-07.37.35:930][  0]LogConfig: Setting CVar [[r.HairStrands.SkyAO.SampleCount:4]]
[2021.10.10-07.37.35:930][  0]LogConfig: Setting CVar [[r.HairStrands.Visibility.MSAA.SamplePerPixel:4]]
[2021.10.10-07.37.35:930][  0]LogInit: Selected Device Profile: [WindowsNoEditor]
[2021.10.10-07.37.35:930][  0]LogInit: Applying CVar settings loaded from the selected device profile: [WindowsNoEditor]
[2021.10.10-07.37.35:930][  0]LogHAL: Display: Platform has ~ 32 GB [34294329344 / 34359738368 / 32], which maps to Largest [LargestMinGB=32, LargerMinGB=12, DefaultMinGB=8, SmallerMinGB=6, SmallestMinGB=0)
[2021.10.10-07.37.35:930][  0]LogInit: Going up to parent DeviceProfile [Windows]
[2021.10.10-07.37.35:930][  0]LogInit: Going up to parent DeviceProfile []
[2021.10.10-07.37.35:931][  0]LogConfig: Applying CVar settings from Section [ViewDistanceQuality@3] File [../../../usagiMultiBuild/Saved/Config/WindowsNoEditor/Scalability.ini]
[2021.10.10-07.37.35:931][  0]LogConfig: Setting CVar [[r.SkeletalMeshLODBias:0]]
[2021.10.10-07.37.35:931][  0]LogConfig: Setting CVar [[r.ViewDistanceScale:1.0]]
[2021.10.10-07.37.35:931][  0]LogConfig: Applying CVar settings from Section [AntiAliasingQuality@3] File [../../../usagiMultiBuild/Saved/Config/WindowsNoEditor/Scalability.ini]
[2021.10.10-07.37.35:931][  0]LogConfig: Setting CVar [[r.PostProcessAAQuality:4]]
[2021.10.10-07.37.35:931][  0]LogConfig: Applying CVar settings from Section [ShadowQuality@3] File [../../../usagiMultiBuild/Saved/Config/WindowsNoEditor/Scalability.ini]
[2021.10.10-07.37.35:931][  0]LogConfig: Setting CVar [[r.LightFunctionQuality:1]]
[2021.10.10-07.37.35:931][  0]LogConfig: Setting CVar [[r.ShadowQuality:5]]
[2021.10.10-07.37.35:931][  0]LogConfig: Setting CVar [[r.Shadow.CSM.MaxCascades:10]]
[2021.10.10-07.37.35:931][  0]LogConfig: Setting CVar [[r.Shadow.MaxResolution:2048]]
[2021.10.10-07.37.35:931][  0]LogConfig: Setting CVar [[r.Shadow.MaxCSMResolution:2048]]
[2021.10.10-07.37.35:931][  0]LogConfig: Setting CVar [[r.Shadow.RadiusThreshold:0.01]]
[2021.10.10-07.37.35:931][  0]LogConfig: Setting CVar [[r.Shadow.DistanceScale:1.0]]
[2021.10.10-07.37.35:931][  0]LogConfig: Setting CVar [[r.Shadow.CSM.TransitionScale:1.0]]
[2021.10.10-07.37.35:931][  0]LogConfig: Setting CVar [[r.Shadow.PreShadowResolutionFactor:1.0]]
[2021.10.10-07.37.35:931][  0]LogConfig: Setting CVar [[r.DistanceFieldShadowing:1]]
[2021.10.10-07.37.35:931][  0]LogConfig: Setting CVar [[r.DistanceFieldAO:1]]
[2021.10.10-07.37.35:931][  0]LogConfig: Setting CVar [[r.AOQuality:2]]
[2021.10.10-07.37.35:931][  0]LogConfig: Setting CVar [[r.VolumetricFog:1]]
[2021.10.10-07.37.35:931][  0]LogConfig: Setting CVar [[r.VolumetricFog.GridPixelSize:8]]
[2021.10.10-07.37.35:931][  0]LogConfig: Setting CVar [[r.VolumetricFog.GridSizeZ:128]]
[2021.10.10-07.37.35:931][  0]LogConfig: Setting CVar [[r.VolumetricFog.HistoryMissSupersampleCount:4]]
[2021.10.10-07.37.35:931][  0]LogConfig: Setting CVar [[r.LightMaxDrawDistanceScale:1]]
[2021.10.10-07.37.35:931][  0]LogConfig: Setting CVar [[r.CapsuleShadows:1]]
[2021.10.10-07.37.35:931][  0]LogConfig: Applying CVar settings from Section [PostProcessQuality@3] File [../../../usagiMultiBuild/Saved/Config/WindowsNoEditor/Scalability.ini]
[2021.10.10-07.37.35:931][  0]LogConfig: Setting CVar [[r.MotionBlurQuality:4]]
[2021.10.10-07.37.35:931][  0]LogConfig: Setting CVar [[r.AmbientOcclusionMipLevelFactor:0.4]]
[2021.10.10-07.37.35:931][  0]LogConfig: Setting CVar [[r.AmbientOcclusionMaxQuality:100]]
[2021.10.10-07.37.35:931][  0]LogConfig: Setting CVar [[r.AmbientOcclusionLevels:-1]]
[2021.10.10-07.37.35:931][  0]LogConfig: Setting CVar [[r.AmbientOcclusionRadiusScale:1.0]]
[2021.10.10-07.37.35:931][  0]LogConfig: Setting CVar [[r.DepthOfFieldQuality:2]]
[2021.10.10-07.37.35:931][  0]LogConfig: Setting CVar [[r.RenderTargetPoolMin:400]]
[2021.10.10-07.37.35:931][  0]LogConfig: Setting CVar [[r.LensFlareQuality:2]]
[2021.10.10-07.37.35:931][  0]LogConfig: Setting CVar [[r.SceneColorFringeQuality:1]]
[2021.10.10-07.37.35:931][  0]LogConfig: Setting CVar [[r.EyeAdaptationQuality:2]]
[2021.10.10-07.37.35:931][  0]LogConfig: Setting CVar [[r.BloomQuality:5]]
[2021.10.10-07.37.35:931][  0]LogConfig: Setting CVar [[r.FastBlurThreshold:100]]
[2021.10.10-07.37.35:931][  0]LogConfig: Setting CVar [[r.Upscale.Quality:3]]
[2021.10.10-07.37.35:931][  0]LogConfig: Setting CVar [[r.Tonemapper.GrainQuantization:1]]
[2021.10.10-07.37.35:931][  0]LogConfig: Setting CVar [[r.LightShaftQuality:1]]
[2021.10.10-07.37.35:931][  0]LogConfig: Setting CVar [[r.Filter.SizeScale:1]]
[2021.10.10-07.37.35:931][  0]LogConfig: Setting CVar [[r.Tonemapper.Quality:5]]
[2021.10.10-07.37.35:931][  0]LogConfig: Setting CVar [[r.DOF.Gather.AccumulatorQuality:1        ; higher gathering accumulator quality]]
[2021.10.10-07.37.35:931][  0]LogConfig: Setting CVar [[r.DOF.Gather.PostfilterMethod:1          ; Median3x3 postfilering method]]
[2021.10.10-07.37.35:931][  0]LogConfig: Setting CVar [[r.DOF.Gather.EnableBokehSettings:0       ; no bokeh simulation when gathering]]
[2021.10.10-07.37.35:931][  0]LogConfig: Setting CVar [[r.DOF.Gather.RingCount:4                 ; medium number of samples when gathering]]
[2021.10.10-07.37.35:931][  0]LogConfig: Setting CVar [[r.DOF.Scatter.ForegroundCompositing:1    ; additive foreground scattering]]
[2021.10.10-07.37.35:931][  0]LogConfig: Setting CVar [[r.DOF.Scatter.BackgroundCompositing:2    ; additive background scattering]]
[2021.10.10-07.37.35:931][  0]LogConfig: Setting CVar [[r.DOF.Scatter.EnableBokehSettings:1      ; bokeh simulation when scattering]]
[2021.10.10-07.37.35:931][  0]LogConfig: Setting CVar [[r.DOF.Scatter.MaxSpriteRatio:0.1         ; only a maximum of 10% of scattered bokeh]]
[2021.10.10-07.37.35:931][  0]LogConfig: Setting CVar [[r.DOF.Recombine.Quality:1                ; cheap slight out of focus]]
[2021.10.10-07.37.35:931][  0]LogConfig: Setting CVar [[r.DOF.Recombine.EnableBokehSettings:0    ; no bokeh simulation on slight out of focus]]
[2021.10.10-07.37.35:931][  0]LogConfig: Setting CVar [[r.DOF.TemporalAAQuality:1                ; more stable temporal accumulation]]
[2021.10.10-07.37.35:931][  0]LogConfig: Setting CVar [[r.DOF.Kernel.MaxForegroundRadius:0.025]]
[2021.10.10-07.37.35:931][  0]LogConfig: Setting CVar [[r.DOF.Kernel.MaxBackgroundRadius:0.025]]
[2021.10.10-07.37.35:931][  0]LogConfig: Applying CVar settings from Section [TextureQuality@3] File [../../../usagiMultiBuild/Saved/Config/WindowsNoEditor/Scalability.ini]
[2021.10.10-07.37.35:931][  0]LogConfig: Setting CVar [[r.Streaming.MipBias:0]]
[2021.10.10-07.37.35:931][  0]LogConfig: Setting CVar [[r.Streaming.AmortizeCPUToGPUCopy:0]]
[2021.10.10-07.37.35:931][  0]LogConfig: Setting CVar [[r.Streaming.MaxNumTexturesToStreamPerFrame:0]]
[2021.10.10-07.37.35:931][  0]LogConfig: Setting CVar [[r.Streaming.Boost:1]]
[2021.10.10-07.37.35:931][  0]LogConfig: Setting CVar [[r.MaxAnisotropy:8]]
[2021.10.10-07.37.35:931][  0]LogConfig: Setting CVar [[r.VT.MaxAnisotropy:8]]
[2021.10.10-07.37.35:931][  0]LogConfig: Setting CVar [[r.Streaming.LimitPoolSizeToVRAM:0]]
[2021.10.10-07.37.35:931][  0]LogConfig: Setting CVar [[r.Streaming.PoolSize:1000]]
[2021.10.10-07.37.35:931][  0]LogConfig: Setting CVar [[r.Streaming.MaxEffectiveScreenSize:0]]
[2021.10.10-07.37.35:931][  0]LogConfig: Applying CVar settings from Section [EffectsQuality@3] File [../../../usagiMultiBuild/Saved/Config/WindowsNoEditor/Scalability.ini]
[2021.10.10-07.37.35:931][  0]LogConfig: Setting CVar [[r.TranslucencyLightingVolumeDim:64]]
[2021.10.10-07.37.35:931][  0]LogConfig: Setting CVar [[r.RefractionQuality:2]]
[2021.10.10-07.37.35:931][  0]LogConfig: Setting CVar [[r.SSR.Quality:3]]
[2021.10.10-07.37.35:931][  0]LogConfig: Setting CVar [[r.SSR.HalfResSceneColor:0]]
[2021.10.10-07.37.35:931][  0]LogConfig: Setting CVar [[r.SceneColorFormat:4]]
[2021.10.10-07.37.35:931][  0]LogConfig: Setting CVar [[r.DetailMode:2]]
[2021.10.10-07.37.35:931][  0]LogConfig: Setting CVar [[r.TranslucencyVolumeBlur:1]]
[2021.10.10-07.37.35:931][  0]LogConfig: Setting CVar [[r.MaterialQualityLevel:1 ; High quality]]
[2021.10.10-07.37.35:931][  0]LogConfig: Setting CVar [[r.AnisotropicMaterials:1]]
[2021.10.10-07.37.35:931][  0]LogConfig: Setting CVar [[r.SSS.Scale:1]]
[2021.10.10-07.37.35:931][  0]LogConfig: Setting CVar [[r.SSS.SampleSet:2]]
[2021.10.10-07.37.35:931][  0]LogConfig: Setting CVar [[r.SSS.Quality:1]]
[2021.10.10-07.37.35:931][  0]LogConfig: Setting CVar [[r.SSS.HalfRes:0]]
[2021.10.10-07.37.35:931][  0]LogConfig: Setting CVar [[r.SSGI.Quality:3]]
[2021.10.10-07.37.35:931][  0]LogConfig: Setting CVar [[r.EmitterSpawnRateScale:1.0]]
[2021.10.10-07.37.35:931][  0]LogConfig: Setting CVar [[r.ParticleLightQuality:2]]
[2021.10.10-07.37.35:931][  0]LogConfig: Setting CVar [[r.SkyAtmosphere.AerialPerspectiveLUT.FastApplyOnOpaque:1 ; Always have FastSkyLUT 1 in this case to avoid wrong sky]]
[2021.10.10-07.37.35:931][  0]LogConfig: Setting CVar [[r.SkyAtmosphere.AerialPerspectiveLUT.SampleCountMaxPerSlice:4]]
[2021.10.10-07.37.35:931][  0]LogConfig: Setting CVar [[r.SkyAtmosphere.AerialPerspectiveLUT.DepthResolution:16.0]]
[2021.10.10-07.37.35:931][  0]LogConfig: Setting CVar [[r.SkyAtmosphere.FastSkyLUT:1]]
[2021.10.10-07.37.35:931][  0]LogConfig: Setting CVar [[r.SkyAtmosphere.FastSkyLUT.SampleCountMin:4.0]]
[2021.10.10-07.37.35:931][  0]LogConfig: Setting CVar [[r.SkyAtmosphere.FastSkyLUT.SampleCountMax:128.0]]
[2021.10.10-07.37.35:931][  0]LogConfig: Setting CVar [[r.SkyAtmosphere.SampleCountMin:4.0]]
[2021.10.10-07.37.35:931][  0]LogConfig: Setting CVar [[r.SkyAtmosphere.SampleCountMax:128.0]]
[2021.10.10-07.37.35:931][  0]LogConfig: Setting CVar [[r.SkyAtmosphere.TransmittanceLUT.UseSmallFormat:0]]
[2021.10.10-07.37.35:931][  0]LogConfig: Setting CVar [[r.SkyAtmosphere.TransmittanceLUT.SampleCount:10.0]]
[2021.10.10-07.37.35:931][  0]LogConfig: Setting CVar [[r.SkyAtmosphere.MultiScatteringLUT.SampleCount:15.0]]
[2021.10.10-07.37.35:931][  0]LogConfig: Setting CVar [[r.SkyLight.RealTimeReflectionCapture:1]]
[2021.10.10-07.37.35:931][  0]LogConfig: Setting CVar [[fx.Niagara.QualityLevel:3]]
[2021.10.10-07.37.35:931][  0]LogConfig: Applying CVar settings from Section [FoliageQuality@3] File [../../../usagiMultiBuild/Saved/Config/WindowsNoEditor/Scalability.ini]
[2021.10.10-07.37.35:931][  0]LogConfig: Setting CVar [[foliage.DensityScale:1.0]]
[2021.10.10-07.37.35:931][  0]LogConfig: Setting CVar [[grass.DensityScale:1.0]]
[2021.10.10-07.37.35:931][  0]LogConfig: Applying CVar settings from Section [ShadingQuality@3] File [../../../usagiMultiBuild/Saved/Config/WindowsNoEditor/Scalability.ini]
[2021.10.10-07.37.35:931][  0]LogConfig: Setting CVar [[r.HairStrands.SkyLighting.IntegrationType:2]]
[2021.10.10-07.37.35:931][  0]LogConfig: Setting CVar [[r.HairStrands.SkyAO.SampleCount:4]]
[2021.10.10-07.37.35:931][  0]LogConfig: Setting CVar [[r.HairStrands.Visibility.MSAA.SamplePerPixel:4]]
[2021.10.10-07.37.35:931][  0]LogConfig: Applying CVar settings from Section [Startup] File [../../../Engine/Config/ConsoleVariables.ini]
[2021.10.10-07.37.35:932][  0]LogConfig: Setting CVar [[net.UseAdaptiveNetUpdateFrequency:0]]
[2021.10.10-07.37.35:932][  0]LogConfig: Setting CVar [[p.chaos.AllowCreatePhysxBodies:1]]
[2021.10.10-07.37.35:932][  0]LogConfig: Setting CVar [[fx.SkipVectorVMBackendOptimizations:1]]
[2021.10.10-07.37.35:932][  0]LogConfig: Applying CVar settings from Section [ConsoleVariables] File [../../../usagiMultiBuild/Saved/Config/WindowsNoEditor/Engine.ini]
[2021.10.10-07.37.35:932][  0]LogInit: Computer: DESKTOP-NSNTCUA
[2021.10.10-07.37.35:932][  0]LogInit: User: MAO
[2021.10.10-07.37.35:932][  0]LogInit: CPU Page size=4096, Cores=8
[2021.10.10-07.37.35:932][  0]LogInit: High frequency timer resolution =10.000000 MHz
[2021.10.10-07.37.35:932][  0]LogMemory: Memory total: Physical=31.9GB (32GB approx)
[2021.10.10-07.37.35:932][  0]LogMemory: Platform Memory Stats for WindowsNoEditor
[2021.10.10-07.37.35:932][  0]LogMemory: Process Physical Memory: 81.60 MB used, 81.60 MB peak
[2021.10.10-07.37.35:932][  0]LogMemory: Process Virtual Memory: 81.93 MB used, 81.93 MB peak
[2021.10.10-07.37.35:932][  0]LogMemory: Physical Memory: 9779.71 MB used,  22925.91 MB free, 32705.62 MB total
[2021.10.10-07.37.35:932][  0]LogMemory: Virtual Memory: 134190264.00 MB used,  27461.16 MB free, 134217728.00 MB total
[2021.10.10-07.37.35:934][  0]LogWindows: WindowsPlatformFeatures enabled
[2021.10.10-07.37.36:142][  0]LogInit: Physics initialised using underlying interface: PhysX
[2021.10.10-07.37.36:143][  0]LogInit: Using OS detected language (ja-JP).
[2021.10.10-07.37.36:143][  0]LogInit: Using OS detected locale (ja-JP).
[2021.10.10-07.37.36:143][  0]LogTextLocalizationManager: No localization for 'ja-JP' exists, so 'en' will be used for the language.
[2021.10.10-07.37.36:143][  0]LogTextLocalizationManager: No localization for 'ja-JP' exists, so 'en' will be used for the locale.
[2021.10.10-07.37.36:167][  0]LogWindowsTextInputMethodSystem: Display: IME system deactivated.
[2021.10.10-07.37.36:188][  0]LogSlate: New Slate User Created.  User Index 0, Is Virtual User: 0
[2021.10.10-07.37.36:188][  0]LogSlate: Slate User Registered.  User Index 0, Is Virtual User: 0
[2021.10.10-07.37.36:245][  0]LogD3D11RHI: Loaded GFSDK_Aftermath_Lib.x64.dll
[2021.10.10-07.37.36:249][  0]LogHMD: Failed to initialize OpenVR with code 110
[2021.10.10-07.37.36:249][  0]LogD3D11RHI: D3D11 min allowed feature level: 11_0
[2021.10.10-07.37.36:249][  0]LogD3D11RHI: D3D11 max allowed feature level: 11_0
[2021.10.10-07.37.36:249][  0]LogD3D11RHI: D3D11 adapters:
[2021.10.10-07.37.36:359][  0]LogD3D11RHI:    0. 'NVIDIA GeForce GTX 1660 Ti' (Feature Level 11_0)
[2021.10.10-07.37.36:359][  0]LogD3D11RHI:       5991/0/16352 MB DedicatedVideo/DedicatedSystem/SharedSystem, Outputs:2, VendorId:0x10de
[2021.10.10-07.37.36:361][  0]LogD3D11RHI:    1. 'Microsoft Basic Render Driver' (Feature Level 11_0)
[2021.10.10-07.37.36:361][  0]LogD3D11RHI:       0/0/16352 MB DedicatedVideo/DedicatedSystem/SharedSystem, Outputs:0, VendorId:0x1414
[2021.10.10-07.37.36:361][  0]LogD3D11RHI: Chosen D3D11 Adapter: 0
[2021.10.10-07.37.36:372][  0]LogD3D11RHI: Creating new Direct3DDevice
[2021.10.10-07.37.36:372][  0]LogD3D11RHI:     GPU DeviceId: 0x2182 (for the marketing name, search the web for "GPU Device Id")
[2021.10.10-07.37.36:372][  0]LogWindows: EnumDisplayDevices:
[2021.10.10-07.37.36:372][  0]LogWindows:    0. 'NVIDIA GeForce GTX 1660 Ti' (P:1 D:1)
[2021.10.10-07.37.36:372][  0]LogWindows:    1. 'NVIDIA GeForce GTX 1660 Ti' (P:0 D:1)
[2021.10.10-07.37.36:373][  0]LogWindows:    2. 'NVIDIA GeForce GTX 1660 Ti' (P:0 D:0)
[2021.10.10-07.37.36:373][  0]LogWindows:    3. 'NVIDIA GeForce GTX 1660 Ti' (P:0 D:0)
[2021.10.10-07.37.36:373][  0]LogWindows: DebugString: FoundDriverCount:4 
[2021.10.10-07.37.36:373][  0]LogD3D11RHI:     Adapter Name: NVIDIA GeForce GTX 1660 Ti
[2021.10.10-07.37.36:373][  0]LogD3D11RHI:   Driver Version: 471.68 (internal:30.0.14.7168, unified:471.68)
[2021.10.10-07.37.36:373][  0]LogD3D11RHI:      Driver Date: 8-5-2021
[2021.10.10-07.37.36:373][  0]LogRHI: Texture pool is 4193 MB (70% of 5991 MB)
[2021.10.10-07.37.36:451][  0]LogD3D11RHI: RHI has support for 64 bit atomics
[2021.10.10-07.37.36:451][  0]LogD3D11RHI: Async texture creation enabled
[2021.10.10-07.37.36:451][  0]LogD3D11RHI: Array index from any shader is supported
[2021.10.10-07.37.36:488][  0]LogD3D11RHI: GPU Timing Frequency: 1000.000000 (Debug: 2 2)
[2021.10.10-07.37.36:539][  0]LogRHI: GeForceNow SDK initialized: 1
[2021.10.10-07.37.36:539][  0]LogRendererCore: Ray tracing is disabled. Reason: r.RayTracing=0.
[2021.10.10-07.37.36:586][  0]LogShaderLibrary: Display: Using ../../../usagiMultiBuild/Content/ShaderArchive-Global-PCD3D_SM5.ushaderbytecode for material shader code. Total 1951 unique shaders.
[2021.10.10-07.37.36:586][  0]LogShaderLibrary: Display: Cooked Context: Using Shared Shader Library Global
[2021.10.10-07.37.36:586][  0]LogShaderLibrary: Display: Logical shader library 'Global' has been created, components 1
[2021.10.10-07.37.36:586][  0]LogTemp: Warning: Clearing the OS Cache
[2021.10.10-07.37.36:586][  0]LogODSC: ODSC Thread active.
[2021.10.10-07.37.36:589][  0]LogPakFile: New pak file ../../../usagiMultiBuild/Content/Paks/usagiMultiBuild-WindowsNoEditor.pak added to pak precacher.
[2021.10.10-07.37.36:606][  0]LogSlate: Using FreeType 2.10.0
[2021.10.10-07.37.36:606][  0]LogSlate: SlateFontServices - WITH_FREETYPE: 1, WITH_HARFBUZZ: 1
[2021.10.10-07.37.36:685][  0]LogShaderLibrary: Display: Using ../../../usagiMultiBuild/Content/ShaderArchive-usagiMultiBuild-PCD3D_SM5.ushaderbytecode for material shader code. Total 3430 unique shaders.
[2021.10.10-07.37.36:685][  0]LogShaderLibrary: Display: Cooked Context: Using Shared Shader Library usagiMultiBuild
[2021.10.10-07.37.36:685][  0]LogShaderLibrary: Display: Logical shader library 'usagiMultiBuild' has been created, components 1
[2021.10.10-07.37.36:685][  0]LogRHI: Display: Opened pipeline cache after state change and enqueued 0 of 0 tasks for precompile.
[2021.10.10-07.37.36:685][  0]LogShaderLibrary: Display: Using ../../../usagiMultiBuild/Content/ShaderArchive-usagiMultiBuild-PCD3D_SM5.ushaderbytecode for material shader code. Total 3430 unique shaders.
[2021.10.10-07.37.36:685][  0]LogShaderLibrary: Display: Cooked Context: Using Shared Shader Library usagiMultiBuild
[2021.10.10-07.37.36:686][  0]LogRHI: Display: Opened pipeline cache after state change and enqueued 0 of 0 tasks for precompile.
[2021.10.10-07.37.36:686][  0]LogRHI: Display: Failed to open default shader pipeline cache for usagiMultiBuild using shader platform 0.
[2021.10.10-07.37.36:686][  0]LogRHI: Display: Failed to open default shader pipeline cache for usagiMultiBuild using shader platform 0.
[2021.10.10-07.37.36:686][  0]LogInit: Using OS detected language (ja-JP).
[2021.10.10-07.37.36:686][  0]LogInit: Using OS detected locale (ja-JP).
[2021.10.10-07.37.36:686][  0]LogTextLocalizationManager: No localization for 'ja-JP' exists, so 'en' will be used for the language.
[2021.10.10-07.37.36:686][  0]LogTextLocalizationManager: No localization for 'ja-JP' exists, so 'en' will be used for the locale.
[2021.10.10-07.37.36:687][  0]LogAssetRegistry: FAssetRegistry took 0.0007 seconds to start up
[2021.10.10-07.37.36:745][  0]LogTextLocalizationManager: Compacting localization data took   0.76ms
[2021.10.10-07.37.36:745][  0]LogStreaming: Display: FlushAsyncLoading: 1 QueuedPackages, 0 AsyncPackages
[2021.10.10-07.37.36:746][  0]LogPackageLocalizationCache: Processed 28 localized package path(s) for 1 prioritized culture(s) in 0.000123 seconds
[2021.10.10-07.37.36:755][  0]LogSerialization: Display: AllowBulkDataInIoStore: 'true'
[2021.10.10-07.37.36:755][  0]LogInit: Selected Device Profile: [WindowsNoEditor]
[2021.10.10-07.37.36:755][  0]LogInit: Active device profile: [000001C4B4C5D600][000001C4AFE19250 49] WindowsNoEditor
[2021.10.10-07.37.36:755][  0]LogInit: Profiles: [000001C4B4C5D480][000001C4AFE14930 49] Windows, [000001C4B4C5D600][000001C4AFE19250 49] WindowsNoEditor, 
[2021.10.10-07.37.36:849][  0]LogNetVersion: usagiMultiBuild 1.0.0, NetCL: 0, EngineNetVer: 17, GameNetVer: 0 (Checksum: 2140702117)
[2021.10.10-07.37.36:968][  0]LogAudioCaptureCore: Display: No Audio Capture implementations found. Audio input will be silent.
[2021.10.10-07.37.36:968][  0]LogAudioCaptureCore: Display: No Audio Capture implementations found. Audio input will be silent.
[2021.10.10-07.37.36:969][  0]LogHMD: PokeAHoleMaterial loaded successfully
[2021.10.10-07.37.37:102][  0]LogMoviePlayer: Initializing movie player
[2021.10.10-07.37.37:103][  0]LogNiagaraDebuggerClient: Niagara Debugger Client Initialized | Session: EFB744B34AA1926C04B56CA978E931D8 | Instance: DA27676E4E19AA27D70400BF5221517B (DESKTOP-NSNTCUA-44072).
[2021.10.10-07.37.37:209][  0]LogAndroidPermission: UAndroidPermissionCallbackProxy::GetInstance
[2021.10.10-07.37.37:210][  0]LogOcInput: OculusInput pre-init called
[2021.10.10-07.37.37:214][  0]LogUObjectArray: 16050 objects as part of root set at end of initial load.
[2021.10.10-07.37.37:214][  0]LogUObjectArray: 2 objects are not in the root set, but can never be destroyed because they are in the DisregardForGC set.
[2021.10.10-07.37.37:214][  0]LogUObjectAllocator: 3308520 out of 0 bytes used by permanent object pool.
[2021.10.10-07.37.37:214][  0]LogUObjectArray: CloseDisregardForGC: 16050/16050 objects in disregard for GC pool
[2021.10.10-07.37.37:215][  0]LogEngine: Initializing Engine...
[2021.10.10-07.37.37:280][  0]LogHMD: Failed to enumerate extensions. Please check that you have a valid OpenXR runtime installed.
[2021.10.10-07.37.37:281][  0]LogHMD: Failed to initialize OpenVR with code 110
[2021.10.10-07.37.37:281][  0]LogStats: UGameplayTagsManager::InitializeManager -  0.000 s
[2021.10.10-07.37.37:430][  0]LogInit: Initializing FReadOnlyCVARCache
[2021.10.10-07.37.37:430][  0]LogAudio: Display: Initializing Audio Device Manager...
[2021.10.10-07.37.37:430][  0]LogAudio: Display: Loading Default Audio Settings Objects...
[2021.10.10-07.37.37:431][  0]LogAudio: Display: No default SoundConcurrencyObject specified (or failed to load).
[2021.10.10-07.37.37:431][  0]LogAudio: Display: Audio Device Manager Initialized
[2021.10.10-07.37.37:431][  0]LogAudio: Display: Creating Audio Device:                 Id: 1, Scope: Shared, Realtime: True
[2021.10.10-07.37.37:431][  0]LogAudioMixer: Display: Audio Mixer Platform Settings:
[2021.10.10-07.37.37:431][  0]LogAudioMixer: Display: 	Sample Rate:						  48000
[2021.10.10-07.37.37:431][  0]LogAudioMixer: Display: 	Callback Buffer Frame Size Requested: 1024
[2021.10.10-07.37.37:431][  0]LogAudioMixer: Display: 	Callback Buffer Frame Size To Use:	  1024
[2021.10.10-07.37.37:431][  0]LogAudioMixer: Display: 	Number of buffers to queue:			  2
[2021.10.10-07.37.37:431][  0]LogAudioMixer: Display: 	Max Channels (voices):				  32
[2021.10.10-07.37.37:431][  0]LogAudioMixer: Display: 	Number of Async Source Workers:		  0
[2021.10.10-07.37.37:431][  0]LogAudio: Display: AudioDevice MaxSources: 32
[2021.10.10-07.37.37:431][  0]LogAudio: Display: Audio Spatialization Plugin: None (built-in).
[2021.10.10-07.37.37:431][  0]LogAudio: Display: Audio Reverb Plugin: None (built-in).
[2021.10.10-07.37.37:431][  0]LogAudio: Display: Audio Occlusion Plugin: None (built-in).
[2021.10.10-07.37.37:431][  0]LogAudioMixer: Display: Initializing audio mixer.
[2021.10.10-07.37.37:582][  0]LogAudioDebug: Display: Lib vorbis DLL was dynamically loaded.
[2021.10.10-07.37.37:589][  0]LogAudioMixer: Display: 0: FrontLeft
[2021.10.10-07.37.37:589][  0]LogAudioMixer: Display: 1: FrontRight
[2021.10.10-07.37.37:608][  0]LogAudioMixer: Display: Using Audio Device スピーカー (Realtek(R) Audio)
[2021.10.10-07.37.37:608][  0]LogAudioMixer: Display: Initializing Sound Submixes...
[2021.10.10-07.37.37:609][  0]LogAudioMixer: Display: Creating Master Submix 'MasterSubmixDefault'
[2021.10.10-07.37.37:609][  0]LogAudioMixer: Display: Creating Master Submix 'MasterReverbSubmixDefault'
[2021.10.10-07.37.37:610][  0]LogAudioMixer: Display: Creating Master Submix 'MasterEQSubmixDefault'
[2021.10.10-07.37.37:610][  0]LogAudioMixer: FMixerPlatformXAudio2::StartAudioStream() called
[2021.10.10-07.37.37:610][  0]LogAudioMixer: Display: Output buffers initialized: Frames=1024, Channels=2, Samples=2048
[2021.10.10-07.37.37:610][  0]LogAudioMixer: Display: Starting AudioMixerPlatformInterface::RunInternal()
[2021.10.10-07.37.37:610][  0]LogAudioMixer: Display: FMixerPlatformXAudio2::SubmitBuffer() called for the first time
[2021.10.10-07.37.37:610][  0]LogInit: FAudioDevice initialized.
[2021.10.10-07.37.37:611][  0]LogNetVersion: Set ProjectVersion to 1.0.0.0. Version Checksum will be recalculated on next use.
[2021.10.10-07.37.37:611][  0]LogInit: Texture streaming: Enabled
[2021.10.10-07.37.37:705][  0]LogAudio: Display: Audio Device (ID: 1) registered with world 'Untitled'.
[2021.10.10-07.37.37:706][  0]LogSlate: Updating window title bar state: overlay mode, drag disabled, window buttons hidden, title bar hidden
[2021.10.10-07.37.37:706][  0]LogInit: Display: Game Engine Initialized.
[2021.10.10-07.37.37:706][  0]LogInit: Display: Starting Game.
[2021.10.10-07.37.37:706][  0]LogNet: Browse: /Game/ThirdPersonCPP/Maps/EntryMap?Name=Player
[2021.10.10-07.37.37:706][  0]LogLoad: LoadMap: /Game/ThirdPersonCPP/Maps/EntryMap?Name=Player
[2021.10.10-07.37.37:706][  0]LogWorld: BeginTearingDown for /Temp/Untitled_0
[2021.10.10-07.37.37:718][  0]LogWorld: UWorld::CleanupWorld for Untitled, bSessionEnded=true, bCleanupResources=true
[2021.10.10-07.37.37:719][  0]LogSlate: InvalidateAllWidgets triggered.  All widgets were invalidated
[2021.10.10-07.37.37:720][  0]LogAudio: Display: Audio Device unregistered from world 'None'.
[2021.10.10-07.37.37:722][  0]LogUObjectHash: Compacting FUObjectHashTables data took   0.65ms
[2021.10.10-07.37.37:725][  0]LogAudio: Display: Audio Device (ID: 1) registered with world 'EntryMap'.
[2021.10.10-07.37.37:726][  0]LogAIModule: Creating AISystem for world EntryMap
[2021.10.10-07.37.37:727][  0]LogLoad: Game class is 'GameModeBase'
[2021.10.10-07.37.37:727][  0]LogWorld: Bringing World /Game/ThirdPersonCPP/Maps/EntryMap.EntryMap up for play (max tick rate 0) at 2021.10.10-16.37.37
[2021.10.10-07.37.37:727][  0]LogWorld: Bringing up level for play took: 0.000171
[2021.10.10-07.37.37:727][  0]LogGameMode: FindPlayerStart: PATHS NOT DEFINED or NO PLAYERSTART with positive rating
[2021.10.10-07.37.37:757][  0]LogLoad: Took 0.050949 seconds to LoadMap(/Game/ThirdPersonCPP/Maps/EntryMap)
[2021.10.10-07.37.37:814][  0]LogRenderer: Reallocating scene render targets to support 1600x900 Format 10 NumSamples 1 (Frame:1).
[2021.10.10-07.37.37:814][  0]LogSlate: Took 0.020129 seconds to synchronously load lazily loaded font '../../../Engine/Content/Slate/Fonts/Roboto-Regular.ttf' (155K)
[2021.10.10-07.37.37:841][  0]LogRHI: Display: ShaderPipelineCache: Paused Batching. 1
[2021.10.10-07.37.37:841][  0]LogPakFile: AllPaks IndexSizes: DirectoryHashSize=254816, PathHashSize=16, EntriesSize=40960, TotalSize=295792
[2021.10.10-07.37.37:841][  0]LogRHI: Display: ShaderPipelineCache: Resumed Batching. 0
[2021.10.10-07.37.37:841][  0]LogRHI: Display: ShaderPipelineCache: Batching Resumed.
[2021.10.10-07.37.37:841][  0]LogInit: Display: Engine is initialized. Leaving FEngineLoop::Init()
[2021.10.10-07.37.37:841][  0]LogLoad: (Engine Initialization) Total time: 2.41 seconds
[2021.10.10-07.37.37:865][  0]LogContentStreaming: Texture pool size now 1000 MB
[2021.10.10-07.37.50:224][114]LogNet: Browse: 127.0.0.1/Game/ThirdPersonCPP/Maps/EntryMap
[2021.10.10-07.37.50:225][114]LogInit: WinSock: Socket queue. Rx: 32768 (config 32768) Tx: 32768 (config 32768)
[2021.10.10-07.37.50:225][114]LogNet: Created socket for bind address: 0.0.0.0 on port 0
[2021.10.10-07.37.50:225][114]PacketHandlerLog: Loaded PacketHandler component: Engine.EngineHandlerComponentFactory (StatelessConnectHandlerComponent)
[2021.10.10-07.37.50:225][114]LogNet: Game client on port 7777, rate 100000
[2021.10.10-07.37.51:249][624]LogHandshake: SendChallengeResponse. Timestamp: 26.777548, Cookie: 232021121166176242068145106234059094041102211051020058113041
[2021.10.10-07.37.51:281][638]LogNetVersion: usagiMultiBuild 1.0.0.0, NetCL: 0, EngineNetVer: 17, GameNetVer: 0 (Checksum: 376974328)
[2021.10.10-07.37.51:281][638]LogNet: UPendingNetGame::SendInitialJoin: Sending hello. [UNetConnection] RemoteAddr: 127.0.0.1:7777, Name: IpConnection_2147482529, Driver: PendingNetDriver IpNetDriver_2147482530, IsServer: NO, PC: NULL, Owner: NULL, UniqueId: INVALID
[2021.10.10-07.37.51:314][653]LogNet: Welcomed by server (Level: /Game/ThirdPersonCPP/Maps/testMap, Game: /Script/usagiMultiBuild.usagiMultiBuildGameMode)
[2021.10.10-07.37.51:314][653]LogLoad: LoadMap: 127.0.0.1/Game/ThirdPersonCPP/Maps/testMap?game=/Script/usagiMultiBuild.usagiMultiBuildGameMode
[2021.10.10-07.37.51:314][653]LogWorld: BeginTearingDown for /Game/ThirdPersonCPP/Maps/EntryMap
[2021.10.10-07.37.51:314][653]LogWorld: UWorld::CleanupWorld for EntryMap, bSessionEnded=true, bCleanupResources=true
[2021.10.10-07.37.51:314][653]LogSlate: InvalidateAllWidgets triggered.  All widgets were invalidated
[2021.10.10-07.37.51:350][653]LogAudio: Display: Waited 35.465500 ms for audio thread.
[2021.10.10-07.37.51:351][653]LogAudio: Display: Audio Device unregistered from world 'None'.
[2021.10.10-07.37.51:352][653]LogUObjectHash: Compacting FUObjectHashTables data took   0.53ms
[2021.10.10-07.37.51:354][653]LogStreaming: Display: FlushAsyncLoading: 1 QueuedPackages, 0 AsyncPackages
[2021.10.10-07.37.52:747][653]LogAudio: Display: Audio Device (ID: 1) registered with world 'testMap'.
[2021.10.10-07.37.52:750][653]LogWorld: Bringing World /Game/ThirdPersonCPP/Maps/testMap.testMap up for play (max tick rate 0) at 2021.10.10-16.37.52
[2021.10.10-07.37.52:750][653]LogWorld: Bringing up level for play took: 0.001904
[2021.10.10-07.37.52:751][653]LogLoad: Took 1.436975 seconds to LoadMap(/Game/ThirdPersonCPP/Maps/testMap)
[2021.10.10-07.37.53:128][655]LogBlueprintUserMessages: [BP_VrmUtilComponent] !! Warning  No VrmAssetList   BP_VrmModelActor_2
[2021.10.10-07.37.53:130][655]LogOnlineSession: Warning: OSS: No game present to join for session (GameSession)
[2021.10.10-07.37.53:205][655]LogRenderer: Reallocating scene render targets to support 1600x1024 Format 10 NumSamples 1 (Frame:5).
[2021.10.10-07.37.53:205][655]LogSlate: Took 0.013614 seconds to synchronously load lazily loaded font '../../../Engine/Content/EngineFonts/Faces/RobotoBold.ufont' (160K)
[2021.10.10-07.38.04:727][742]LogWindowsTextInputMethodSystem: Display: IME system activated using TSF (Microsoft IME).
[2021.10.10-07.38.14:332][742]LogNet: UNetDriver::TickDispatch: Very long time between ticks. DeltaTime: 0.01, Realtime: 9.66. IpNetDriver_2147482530
[2021.10.10-07.38.14:333][742]LogVRM4ULoader: AsyncLoad frame=0000(0.00),  SequenceNo=00 Begin
[2021.10.10-07.38.14:334][743]LogNet: UNetDriver::TickDispatch: Very long time between ticks. DeltaTime: 9.66, Realtime: 0.00. IpNetDriver_2147482530
[2021.10.10-07.38.14:340][744]LogVRM4ULoader: AsyncLoad frame=0002(0.01),  SequenceNo=01 
[2021.10.10-07.38.14:349][745]LogVRM4ULoader: AsyncLoad frame=0003(0.02),  SequenceNo=02 
[2021.10.10-07.38.14:508][749]LogVRM4ULoader: AsyncLoad frame=0007(0.17),  SequenceNo=03  TextureCount=00
[2021.10.10-07.38.14:579][753]LogVRM4ULoader: AsyncLoad frame=0011(0.24),  SequenceNo=03  TextureCount=01
[2021.10.10-07.38.14:675][757]LogVRM4ULoader: AsyncLoad frame=0015(0.34),  SequenceNo=03  TextureCount=02
[2021.10.10-07.38.14:706][761]LogVRM4ULoader: AsyncLoad frame=0019(0.37),  SequenceNo=03  TextureCount=03
[2021.10.10-07.38.14:743][765]LogVRM4ULoader: AsyncLoad frame=0023(0.41),  SequenceNo=03  TextureCount=04
[2021.10.10-07.38.14:780][769]LogVRM4ULoader: AsyncLoad frame=0027(0.45),  SequenceNo=03  TextureCount=05
[2021.10.10-07.38.14:818][773]LogVRM4ULoader: AsyncLoad frame=0031(0.48),  SequenceNo=03  TextureCount=06
[2021.10.10-07.38.14:847][777]LogVRM4ULoader: AsyncLoad frame=0035(0.51),  SequenceNo=03  TextureCount=07
[2021.10.10-07.38.14:851][778]LogVRM4ULoader: AsyncLoad frame=0036(0.52),  SequenceNo=03 
[2021.10.10-07.38.14:860][779]LogVRM4ULoader: AsyncLoad frame=0037(0.53),  SequenceNo=04 
[2021.10.10-07.38.14:895][779]LogVRM4ULoader: VRM:(0.033 secs) ReadFileFromMemory
[2021.10.10-07.38.14:895][779]LogVRM4ULoader: VRM:(0.00 secs) Begin convert
[2021.10.10-07.38.14:895][779]LogVRM4ULoader: VRM:(0.00 secs) NormalizeBoneName
[2021.10.10-07.38.14:896][779]LogMaterial: Error: Tried to access an uncooked shader map ID in a cooked application
[2021.10.10-07.38.14:896][779]LogMaterial: Warning: Invalid shader map ID caching shaders for 'M_VrmMToonBaseOpaque', will use default material.
[2021.10.10-07.38.14:896][779]LogMaterial: Can't compile M_VrmMToonBaseOpaque with cooked content, will use default material instead
[2021.10.10-07.38.14:896][779]LogMaterial: Warning: [AssetLog] /Engine/Transient.MaterialInstanceConstant_2147482447: Failed to compile Material Instance with Base M_VrmMToonBaseOpaque for platform PCD3D_SM5, Default Material will be used in game.
[2021.10.10-07.38.14:896][779]LogVRM4ULoader: VRM:(0.00 secs) ConvertTextureAndMaterial
[2021.10.10-07.38.14:899][779]LogVRM4ULoader: VRM:(0.00 secs) ConvertVrmMeta
[2021.10.10-07.38.14:918][779]LogVRM4ULoader: VRM:(0.02 secs) ConvertModel
[2021.10.10-07.38.14:918][779]LogVRM4ULoader: VRM:(0.00 secs) ConvertRig
[2021.10.10-07.38.14:918][779]LogVRM4ULoader: VRM:(0.00 secs) ConvertPose
[2021.10.10-07.38.14:921][779]LogVRM4ULoader: VRM:(0.00 secs) ConvertMorphTarget
[2021.10.10-07.38.14:921][779]LogVRM4ULoader: VRM:(0.00 secs) ConvertHumanoid
[2021.10.10-07.38.14:921][779]LogVRM4ULoader: VRM:(0.00 secs) BeginSave
[2021.10.10-07.38.14:921][779]LogVRM4ULoader: VRM:(0.00 secs) Save
[2021.10.10-07.38.14:927][780]LogVRM4ULoader: AsyncLoad frame=0038(0.59),  SequenceNo=05 End
[2021.10.10-07.38.14:933][780]LogBlueprintUserMessages: [BP_VrmUtilComponent] !! Warning  No VrmAssetList   MToonActor_C_2147482440
[2021.10.10-07.38.14:933][780]LogScript: Warning: Attempted to access missing property 'none'. If this is a packaged/cooked build, are you attempting to use an editor-only property?
	MToonAttachActor_C /Game/ThirdPersonCPP/Maps/testMap.testMap:PersistentLevel.ChildActor_GEN_VARIABLE_MToonAttachActor_C_CAT_2147482439
	Function /VRM4U/Util/Actor/MToonAttachActor.MToonAttachActor_C:initAll:329F
[2021.10.10-07.38.14:933][780]LogScript: Warning: Script call stack:
	Function /VRM4U/Util/Actor/MToonActor.MToonActor_C:UserConstructionScript
	Function /VRM4U/Util/Actor/MToonAttachActor.MToonAttachActor_C:initAll

[2021.10.10-07.38.15:131][802]LogBlueprintUserMessages: [BP_VrmUtilComponent] !! Warning  No VrmAssetList   MToonActor_C_2147482398
[2021.10.10-07.38.15:131][802]LogScript: Warning: Attempted to access missing property 'none'. If this is a packaged/cooked build, are you attempting to use an editor-only property?
	MToonAttachActor_C /Game/ThirdPersonCPP/Maps/testMap.testMap:PersistentLevel.ChildActor_GEN_VARIABLE_MToonAttachActor_C_CAT_2147482397
	Function /VRM4U/Util/Actor/MToonAttachActor.MToonAttachActor_C:initAll:329F
[2021.10.10-07.38.15:131][802]LogScript: Warning: Script call stack:
	Function /VRM4U/Util/Actor/MToonActor.MToonActor_C:UserConstructionScript
	Function /VRM4U/Util/Actor/MToonAttachActor.MToonAttachActor_C:initAll

[2021.10.10-07.38.15:132][802]LogScript: Warning: Accessed None trying to read property K2Node_DynamicCast_AsVRMSample_Pawn
	testMap_C /Game/ThirdPersonCPP/Maps/testMap.testMap:PersistentLevel.testMap_C_2
	Function /Game/ThirdPersonCPP/Maps/testMap.testMap_C:ExecuteUbergraph_testMap:037D
[2021.10.10-07.38.15:132][802]LogScript: Warning: Script call stack:
	Function /Game/ThirdPersonCPP/Maps/testMap.testMap_C:CustomEvent_0
	Function /Game/ThirdPersonCPP/Maps/testMap.testMap_C:ExecuteUbergraph_testMap

[2021.10.10-07.38.15:132][802]LogScript: Warning: Accessed None trying to read property K2Node_DynamicCast_AsVRMSample_Pawn
	testMap_C /Game/ThirdPersonCPP/Maps/testMap.testMap:PersistentLevel.testMap_C_2
	Function /Game/ThirdPersonCPP/Maps/testMap.testMap_C:ExecuteUbergraph_testMap:0497
[2021.10.10-07.38.15:132][802]LogScript: Warning: Script call stack:
	Function /Game/ThirdPersonCPP/Maps/testMap.testMap_C:CustomEvent_0
	Function /Game/ThirdPersonCPP/Maps/testMap.testMap_C:ExecuteUbergraph_testMap

[2021.10.10-07.38.15:132][802]LogScript: Warning: Accessed None trying to read property K2Node_DynamicCast_AsVRMSample_Pawn
	testMap_C /Game/ThirdPersonCPP/Maps/testMap.testMap:PersistentLevel.testMap_C_2
	Function /Game/ThirdPersonCPP/Maps/testMap.testMap_C:ExecuteUbergraph_testMap:053A
[2021.10.10-07.38.15:132][802]LogScript: Warning: Script call stack:
	Function /Game/ThirdPersonCPP/Maps/testMap.testMap_C:CustomEvent_0
	Function /Game/ThirdPersonCPP/Maps/testMap.testMap_C:ExecuteUbergraph_testMap

[2021.10.10-07.38.21:613][529]LogVRM4ULoader: AsyncLoad frame=0000(0.00),  SequenceNo=00 Begin
[2021.10.10-07.38.21:616][530]LogVRM4ULoader: AsyncLoad frame=0001(0.00),  SequenceNo=01 
[2021.10.10-07.38.21:619][531]LogVRM4ULoader: AsyncLoad frame=0002(0.01),  SequenceNo=02 
[2021.10.10-07.38.21:692][535]LogVRM4ULoader: AsyncLoad frame=0006(0.08),  SequenceNo=03  TextureCount=00
[2021.10.10-07.38.21:799][539]LogVRM4ULoader: AsyncLoad frame=0010(0.19),  SequenceNo=03  TextureCount=01
[2021.10.10-07.38.21:808][540]LogVRM4ULoader: AsyncLoad frame=0011(0.19),  SequenceNo=03 
[2021.10.10-07.38.21:813][541]LogVRM4ULoader: AsyncLoad frame=0012(0.20),  SequenceNo=04 
[2021.10.10-07.38.21:829][541]LogVRM4ULoader: VRM:(0.009 secs) ReadFileFromMemory
[2021.10.10-07.38.21:829][541]LogVRM4ULoader: VRM:(0.00 secs) Begin convert
[2021.10.10-07.38.21:829][541]LogVRM4ULoader: VRM:(0.00 secs) NormalizeBoneName
[2021.10.10-07.38.21:829][541]LogVRM4ULoader: VRM:(0.00 secs) ConvertTextureAndMaterial
[2021.10.10-07.38.21:830][541]LogVRM4ULoader: VRM:(0.00 secs) ConvertVrmMeta
[2021.10.10-07.38.21:838][541]LogVRM4ULoader: VRM:(0.01 secs) ConvertModel
[2021.10.10-07.38.21:838][541]LogVRM4ULoader: VRM:(0.00 secs) ConvertRig
[2021.10.10-07.38.21:838][541]LogVRM4ULoader: VRM:(0.00 secs) ConvertPose
[2021.10.10-07.38.21:838][541]LogVRM4ULoader: VRM:(0.00 secs) ConvertMorphTarget
[2021.10.10-07.38.21:838][541]LogVRM4ULoader: VRM:(0.00 secs) ConvertHumanoid
[2021.10.10-07.38.21:838][541]LogVRM4ULoader: VRM:(0.00 secs) BeginSave
[2021.10.10-07.38.21:838][541]LogVRM4ULoader: VRM:(0.00 secs) Save
[2021.10.10-07.38.21:842][542]LogVRM4ULoader: AsyncLoad frame=0013(0.23),  SequenceNo=05 End
[2021.10.10-07.38.21:846][542]LogBlueprintUserMessages: [BP_VrmUtilComponent] !! Warning  No VrmAssetList   MToonActor_C_2147482342
[2021.10.10-07.38.21:846][542]LogScript: Warning: Attempted to access missing property 'none'. If this is a packaged/cooked build, are you attempting to use an editor-only property?
	MToonAttachActor_C /Game/ThirdPersonCPP/Maps/testMap.testMap:PersistentLevel.ChildActor_GEN_VARIABLE_MToonAttachActor_C_CAT_2147482341
	Function /VRM4U/Util/Actor/MToonAttachActor.MToonAttachActor_C:initAll:329F
[2021.10.10-07.38.21:846][542]LogScript: Warning: Script call stack:
	Function /VRM4U/Util/Actor/MToonActor.MToonActor_C:UserConstructionScript
	Function /VRM4U/Util/Actor/MToonAttachActor.MToonAttachActor_C:initAll

[2021.10.10-07.38.22:052][575]LogBlueprintUserMessages: [BP_VrmUtilComponent] !! Warning  No VrmAssetList   MToonActor_C_2147482326
[2021.10.10-07.38.22:052][575]LogScript: Warning: Attempted to access missing property 'none'. If this is a packaged/cooked build, are you attempting to use an editor-only property?
	MToonAttachActor_C /Game/ThirdPersonCPP/Maps/testMap.testMap:PersistentLevel.ChildActor_GEN_VARIABLE_MToonAttachActor_C_CAT_2147482325
	Function /VRM4U/Util/Actor/MToonAttachActor.MToonAttachActor_C:initAll:329F
[2021.10.10-07.38.22:052][575]LogScript: Warning: Script call stack:
	Function /VRM4U/Util/Actor/MToonActor.MToonActor_C:UserConstructionScript
	Function /VRM4U/Util/Actor/MToonAttachActor.MToonAttachActor_C:initAll

[2021.10.10-07.38.22:052][575]LogScript: Warning: Accessed None trying to read property K2Node_DynamicCast_AsVRMSample_Pawn
	testMap_C /Game/ThirdPersonCPP/Maps/testMap.testMap:PersistentLevel.testMap_C_2
	Function /Game/ThirdPersonCPP/Maps/testMap.testMap_C:ExecuteUbergraph_testMap:037D
[2021.10.10-07.38.22:052][575]LogScript: Warning: Script call stack:
	Function /Game/ThirdPersonCPP/Maps/testMap.testMap_C:CustomEvent_0
	Function /Game/ThirdPersonCPP/Maps/testMap.testMap_C:ExecuteUbergraph_testMap

[2021.10.10-07.38.22:052][575]LogScript: Warning: Accessed None trying to read property K2Node_DynamicCast_AsVRMSample_Pawn
	testMap_C /Game/ThirdPersonCPP/Maps/testMap.testMap:PersistentLevel.testMap_C_2
	Function /Game/ThirdPersonCPP/Maps/testMap.testMap_C:ExecuteUbergraph_testMap:0497
[2021.10.10-07.38.22:052][575]LogScript: Warning: Script call stack:
	Function /Game/ThirdPersonCPP/Maps/testMap.testMap_C:CustomEvent_0
	Function /Game/ThirdPersonCPP/Maps/testMap.testMap_C:ExecuteUbergraph_testMap

[2021.10.10-07.38.22:052][575]LogScript: Warning: Accessed None trying to read property K2Node_DynamicCast_AsVRMSample_Pawn
	testMap_C /Game/ThirdPersonCPP/Maps/testMap.testMap:PersistentLevel.testMap_C_2
	Function /Game/ThirdPersonCPP/Maps/testMap.testMap_C:ExecuteUbergraph_testMap:053A
[2021.10.10-07.38.22:052][575]LogScript: Warning: Script call stack:
	Function /Game/ThirdPersonCPP/Maps/testMap.testMap_C:CustomEvent_0
	Function /Game/ThirdPersonCPP/Maps/testMap.testMap_C:ExecuteUbergraph_testMap

[2021.10.10-07.38.36:157][ 89]LogSlate: Request Window 'usagiMultiBuild (64-bit Development PCD3D_SM5) ' being destroyed
[2021.10.10-07.38.36:165][ 89]LogSlate: Window 'usagiMultiBuild (64-bit Development PCD3D_SM5) ' being destroyed
[2021.10.10-07.38.36:165][ 89]LogWindowsTextInputMethodSystem: Display: IME system activated using TSF (Microsoft IME).
[2021.10.10-07.38.36:175][ 89]LogSlate: Updating window title bar state: overlay mode, drag disabled, window buttons hidden, title bar hidden
[2021.10.10-07.38.36:175][ 89]LogEngine: All Windows Closed
[2021.10.10-07.38.36:175][ 89]LogWindows: FPlatformMisc::RequestExit(0)
[2021.10.10-07.38.36:175][ 89]LogWindows: FPlatformMisc::RequestExitWithStatus(0, 0)
[2021.10.10-07.38.36:175][ 89]LogCore: Engine exit requested (reason: Win RequestExit)
[2021.10.10-07.38.36:176][ 90]LogCore: Engine exit requested (reason: EngineExit() was called; note: exit was already requested)
[2021.10.10-07.38.36:176][ 90]LogInit: Display: PreExit Game.
[2021.10.10-07.38.36:177][ 90]LogWorld: BeginTearingDown for /Game/ThirdPersonCPP/Maps/testMap
[2021.10.10-07.38.36:177][ 90]LogNet: World NetDriver shutdown IpNetDriver_2147482530 [GameNetDriver]
[2021.10.10-07.38.36:177][ 90]LogNet: DestroyNamedNetDriver IpNetDriver_2147482530 [GameNetDriver]
[2021.10.10-07.38.36:177][ 90]LogNet: UNetConnection::Close: [UNetConnection] RemoteAddr: 127.0.0.1:7777, Name: IpConnection_2147482529, Driver: GameNetDriver IpNetDriver_2147482530, IsServer: NO, PC: PlayerController_2147482494, Owner: PlayerController_2147482494, UniqueId: NULL:DESKTOP-NSNTCUA-7FB359EB4C49FC012DB35AAA22B0CE67, Channels: 9, Time: 2021.10.10-07.38.36
[2021.10.10-07.38.36:177][ 90]LogNet: UChannel::Close: Sending CloseBunch. ChIndex == 0. Name: [UChannel] ChIndex: 0, Closing: 0 [UNetConnection] RemoteAddr: 127.0.0.1:7777, Name: IpConnection_2147482529, Driver: GameNetDriver IpNetDriver_2147482530, IsServer: NO, PC: PlayerController_2147482494, Owner: PlayerController_2147482494, UniqueId: NULL:DESKTOP-NSNTCUA-7FB359EB4C49FC012DB35AAA22B0CE67
[2021.10.10-07.38.36:178][ 90]LogExit: GameNetDriver IpNetDriver_2147482530 shut down
[2021.10.10-07.38.36:178][ 90]LogWorld: UWorld::CleanupWorld for testMap, bSessionEnded=true, bCleanupResources=true
[2021.10.10-07.38.36:179][ 90]LogSlate: InvalidateAllWidgets triggered.  All widgets were invalidated
[2021.10.10-07.38.36:312][ 90]LogAudio: Display: Beginning Audio Device Manager Shutdown (Module: AudioMixerXAudio2)...
[2021.10.10-07.38.36:312][ 90]LogAudio: Display: Destroying 1 Remaining Audio Device(s)...
[2021.10.10-07.38.36:312][ 90]LogAudio: Display: Audio Device unregistered from world 'testMap'.
[2021.10.10-07.38.36:313][ 90]LogAudioMixer: FMixerPlatformXAudio2::StopAudioStream() called
[2021.10.10-07.38.36:313][ 90]LogAudioMixer: FMixerPlatformXAudio2::StopAudioStream() called
[2021.10.10-07.38.36:317][ 90]LogAudio: Display: Audio Device Manager Shutdown
[2021.10.10-07.38.36:325][ 90]LogExit: Preparing to exit.
[2021.10.10-07.38.36:325][ 90]LogMoviePlayer: Shutting down movie player
[2021.10.10-07.38.36:327][ 90]LogSlate: Updating window title bar state: overlay mode, drag disabled, window buttons hidden, title bar hidden
[2021.10.10-07.38.36:331][ 90]LogDemo: Cleaned up 0 splitscreen connections with owner deletion
[2021.10.10-07.38.36:332][ 90]LogExit: Game engine shut down
[2021.10.10-07.38.36:365][ 90]LogExit: Object subsystem successfully closed.
[2021.10.10-07.38.36:468][ 90]LogModuleManager: Shutting down and abandoning module AutomationController (366)
[2021.10.10-07.38.36:468][ 90]LogModuleManager: Shutting down and abandoning module AutomationWorker (364)
[2021.10.10-07.38.36:468][ 90]LogModuleManager: Shutting down and abandoning module Voice (362)
[2021.10.10-07.38.36:468][ 90]LogModuleManager: Shutting down and abandoning module AIModule (360)
[2021.10.10-07.38.36:468][ 90]LogModuleManager: Shutting down and abandoning module GameplayDebugger (359)
[2021.10.10-07.38.36:468][ 90]LogModuleManager: Shutting down and abandoning module NavigationSystem (357)
[2021.10.10-07.38.36:468][ 90]LogModuleManager: Shutting down and abandoning module WebMMediaFactory (354)
[2021.10.10-07.38.36:468][ 90]LogModuleManager: Shutting down and abandoning module WebMMedia (352)
[2021.10.10-07.38.36:468][ 90]LogModuleManager: Shutting down and abandoning module OpenXRInput (350)
[2021.10.10-07.38.36:468][ 90]LogModuleManager: Shutting down and abandoning module OculusMR (348)
[2021.10.10-07.38.36:468][ 90]LogModuleManager: Shutting down and abandoning module WmfMediaFactory (346)
[2021.10.10-07.38.36:468][ 90]LogModuleManager: Shutting down and abandoning module OpenExrWrapper (344)
[2021.10.10-07.38.36:468][ 90]LogModuleManager: Shutting down and abandoning module ImgMediaFactory (342)
[2021.10.10-07.38.36:468][ 90]LogModuleManager: Shutting down and abandoning module AvfMediaFactory (340)
[2021.10.10-07.38.36:468][ 90]LogModuleManager: Shutting down and abandoning module CharacterAI (338)
[2021.10.10-07.38.36:468][ 90]LogModuleManager: Shutting down and abandoning module PlanarCut (336)
[2021.10.10-07.38.36:468][ 90]LogModuleManager: Shutting down and abandoning module SessionServices (334)
[2021.10.10-07.38.36:468][ 90]LogModuleManager: Shutting down and abandoning module LiveCoding (332)
[2021.10.10-07.38.36:468][ 90]LogModuleManager: Shutting down and abandoning module LevelSequence (330)
[2021.10.10-07.38.36:468][ 90]LogModuleManager: Shutting down and abandoning module MovieSceneTracks (328)
[2021.10.10-07.38.36:468][ 90]LogModuleManager: Shutting down and abandoning module MovieScene (326)
[2021.10.10-07.38.36:468][ 90]LogModuleManager: Shutting down and abandoning module StreamingPauseRendering (324)
[2021.10.10-07.38.36:468][ 90]LogModuleManager: Shutting down and abandoning module AudioMixerXAudio2 (322)
[2021.10.10-07.38.36:468][ 90]LogModuleManager: Shutting down and abandoning module AudioMixerCore (321)
[2021.10.10-07.38.36:468][ 90]LogModuleManager: Shutting down and abandoning module ImageWriteQueue (318)
[2021.10.10-07.38.36:469][ 90]LogModuleManager: Shutting down and abandoning module ProfilerService (316)
[2021.10.10-07.38.36:533][ 90]LogModuleManager: Shutting down and abandoning module TaskGraph (314)
[2021.10.10-07.38.36:533][ 90]LogModuleManager: Shutting down and abandoning module Synthesis (312)
[2021.10.10-07.38.36:533][ 90]LogModuleManager: Shutting down and abandoning module TakeMovieScene (310)
[2021.10.10-07.38.36:533][ 90]LogModuleManager: Shutting down and abandoning module LiveLinkMovieScene (308)
[2021.10.10-07.38.36:533][ 90]LogModuleManager: Shutting down and abandoning module LiveLinkComponents (306)
[2021.10.10-07.38.36:533][ 90]LogModuleManager: Shutting down and abandoning module LiveLink (304)
[2021.10.10-07.38.37:237][ 90]LogModuleManager: Shutting down and abandoning module OculusInput (302)
[2021.10.10-07.38.37:237][ 90]LogModuleManager: Shutting down and abandoning module MobilePatchingUtils (300)
[2021.10.10-07.38.37:237][ 90]LogModuleManager: Shutting down and abandoning module GooglePAD (298)
[2021.10.10-07.38.37:237][ 90]LogModuleManager: Shutting down and abandoning module CustomMeshComponent (296)
[2021.10.10-07.38.37:237][ 90]LogModuleManager: Shutting down and abandoning module CableComponent (294)
[2021.10.10-07.38.37:237][ 90]LogModuleManager: Shutting down and abandoning module AudioCapture (292)
[2021.10.10-07.38.37:237][ 90]LogModuleManager: Shutting down and abandoning module AudioCaptureRtAudio (291)
[2021.10.10-07.38.37:237][ 90]LogModuleManager: Shutting down and abandoning module AssetTags (288)
[2021.10.10-07.38.37:237][ 90]LogModuleManager: Shutting down and abandoning module ArchVisCharacter (286)
[2021.10.10-07.38.37:237][ 90]LogModuleManager: Shutting down and abandoning module AppleImageUtils (284)
[2021.10.10-07.38.37:237][ 90]LogModuleManager: Shutting down and abandoning module AndroidPermission (282)
[2021.10.10-07.38.37:237][ 90]LogModuleManager: Shutting down and abandoning module ActorLayerUtilities (280)
[2021.10.10-07.38.37:237][ 90]LogModuleManager: Shutting down and abandoning module MediaCompositing (278)
[2021.10.10-07.38.37:237][ 90]LogModuleManager: Shutting down and abandoning module ImgMedia (276)
[2021.10.10-07.38.37:237][ 90]LogModuleManager: Shutting down and abandoning module MagicLeapLightEstimation (274)
[2021.10.10-07.38.37:237][ 90]LogModuleManager: Shutting down and abandoning module MagicLeapHelperVulkan (272)
[2021.10.10-07.38.37:237][ 90]LogModuleManager: Shutting down and abandoning module MagicLeapHelperOpenGL (270)
[2021.10.10-07.38.37:237][ 90]LogModuleManager: Shutting down and abandoning module MagicLeapAudio (268)
[2021.10.10-07.38.37:237][ 90]LogModuleManager: Shutting down and abandoning module MagicLeapSharedWorld (266)
[2021.10.10-07.38.37:237][ 90]LogModuleManager: Shutting down and abandoning module OpenImageDenoise (264)
[2021.10.10-07.38.37:237][ 90]LogModuleManager: Shutting down and abandoning module MotoSynth (262)
[2021.10.10-07.38.37:237][ 90]LogModuleManager: Shutting down and abandoning module ChaosNiagara (260)
[2021.10.10-07.38.37:237][ 90]LogModuleManager: Shutting down and abandoning module GeometryCollectionTracks (258)
[2021.10.10-07.38.37:237][ 90]LogModuleManager: Shutting down and abandoning module EditableMesh (256)
[2021.10.10-07.38.37:237][ 90]LogModuleManager: Shutting down and abandoning module MeshConversion (254)
[2021.10.10-07.38.37:237][ 90]LogModuleManager: Shutting down and abandoning module DynamicMesh (252)
[2021.10.10-07.38.37:237][ 90]LogModuleManager: Shutting down and abandoning module GeometryAlgorithms (250)
[2021.10.10-07.38.37:237][ 90]LogModuleManager: Shutting down and abandoning module GeometricObjects (248)
[2021.10.10-07.38.37:237][ 90]LogModuleManager: Shutting down and abandoning module BackChannel (246)
[2021.10.10-07.38.37:237][ 90]LogModuleManager: Shutting down and abandoning module AutomationUtils (244)
[2021.10.10-07.38.37:237][ 90]LogModuleManager: Shutting down and abandoning module GeometryCacheTracks (242)
[2021.10.10-07.38.37:237][ 90]LogModuleManager: Shutting down and abandoning module GeometryCache (240)
[2021.10.10-07.38.37:237][ 90]LogModuleManager: Shutting down and abandoning module UObjectPlugin (238)
[2021.10.10-07.38.37:237][ 90]LogModuleManager: Shutting down and abandoning module OodleNetworkHandlerComponent (236)
[2021.10.10-07.38.37:237][ 90]LogModuleManager: Shutting down and abandoning module TemplateSequence (234)
[2021.10.10-07.38.37:237][ 90]LogModuleManager: Shutting down and abandoning module GameplayCameras (232)
[2021.10.10-07.38.37:237][ 90]LogModuleManager: Shutting down and abandoning module VRM4ULoader (230)
[2021.10.10-07.38.37:237][ 90]LogModuleManager: Shutting down and abandoning module VRM4U (228)
[2021.10.10-07.38.37:237][ 90]LogModuleManager: Shutting down and abandoning module ProceduralMeshComponent (226)
[2021.10.10-07.38.37:237][ 90]LogModuleManager: Shutting down and abandoning module XRVisualization (224)
[2021.10.10-07.38.37:237][ 90]LogModuleManager: Shutting down and abandoning module usagiMultiBuild (222)
[2021.10.10-07.38.37:237][ 90]LogModuleManager: Shutting down and abandoning module AudioSynesthesia (220)
[2021.10.10-07.38.37:237][ 90]LogModuleManager: Shutting down and abandoning module AudioSynesthesiaCore (218)
[2021.10.10-07.38.37:237][ 90]LogModuleManager: Shutting down and abandoning module SoundFields (216)
[2021.10.10-07.38.37:237][ 90]LogModuleManager: Shutting down and abandoning module RuntimePhysXCooking (214)
[2021.10.10-07.38.37:237][ 90]LogModuleManager: Shutting down and abandoning module LocationServicesBPLibrary (210)
[2021.10.10-07.38.37:237][ 90]LogModuleManager: Shutting down and abandoning module ActorSequence (208)
[2021.10.10-07.38.37:237][ 90]LogModuleManager: Shutting down and abandoning module UdpMessaging (206)
[2021.10.10-07.38.37:237][ 90]LogModuleManager: Shutting down and abandoning module TcpMessaging (204)
[2021.10.10-07.38.37:237][ 90]LogModuleManager: Shutting down and abandoning module ImgMediaEngine (202)
[2021.10.10-07.38.37:237][ 90]LogModuleManager: Shutting down and abandoning module MagicLeapHandMeshing (200)
[2021.10.10-07.38.37:237][ 90]LogModuleManager: Shutting down and abandoning module MagicLeapSecureStorage (198)
[2021.10.10-07.38.37:237][ 90]LogModuleManager: Shutting down and abandoning module MagicLeapPrivileges (196)
[2021.10.10-07.38.37:237][ 90]LogModuleManager: Shutting down and abandoning module MagicLeapPlanes (194)
[2021.10.10-07.38.37:237][ 90]LogModuleManager: Shutting down and abandoning module MagicLeapImageTracker (192)
[2021.10.10-07.38.37:237][ 90]LogModuleManager: Shutting down and abandoning module MagicLeapIdentity (190)
[2021.10.10-07.38.37:237][ 90]LogModuleManager: Shutting down and abandoning module MagicLeapHandTracking (188)
[2021.10.10-07.38.37:237][ 90]LogModuleManager: Shutting down and abandoning module MagicLeapEyeTracker (186)
[2021.10.10-07.38.37:238][ 90]LogModuleManager: Shutting down and abandoning module MagicLeapController (184)
[2021.10.10-07.38.37:238][ 90]LogModuleManager: Shutting down and abandoning module MagicLeapARPinImpl (182)
[2021.10.10-07.38.37:238][ 90]LogModuleManager: Shutting down and abandoning module MagicLeapAR (180)
[2021.10.10-07.38.37:238][ 90]LogModuleManager: Shutting down and abandoning module MagicLeapARPin (178)
[2021.10.10-07.38.37:238][ 90]LogModuleManager: Shutting down and abandoning module NiagaraAnimNotifies (176)
[2021.10.10-07.38.37:238][ 90]LogModuleManager: Shutting down and abandoning module Niagara (174)
[2021.10.10-07.38.37:238][ 90]LogModuleManager: Shutting down and abandoning module SignalProcessing (173)
[2021.10.10-07.38.37:238][ 90]LogModuleManager: Shutting down and abandoning module NiagaraCore (170)
[2021.10.10-07.38.37:238][ 90]LogModuleManager: Shutting down and abandoning module FacialAnimation (168)
[2021.10.10-07.38.37:238][ 90]LogModuleManager: Shutting down and abandoning module SignificanceManager (166)
[2021.10.10-07.38.37:238][ 90]LogModuleManager: Shutting down and abandoning module AnimationSharing (164)
[2021.10.10-07.38.37:238][ 90]LogModuleManager: Shutting down and abandoning module LightPropagationVolumeRuntime (162)
[2021.10.10-07.38.37:238][ 90]LogModuleManager: Shutting down and abandoning module Paper2D (160)
[2021.10.10-07.38.37:238][ 90]LogModuleManager: Shutting down and abandoning module WindowsMoviePlayer (158)
[2021.10.10-07.38.37:238][ 90]LogModuleManager: Shutting down and abandoning module WebMMoviePlayer (156)
[2021.10.10-07.38.37:238][ 90]LogModuleManager: Shutting down and abandoning module NetworkReplayStreaming (154)
[2021.10.10-07.38.37:238][ 90]LogModuleManager: Shutting down and abandoning module PacketHandler (152)
[2021.10.10-07.38.37:238][ 90]LogModuleManager: Shutting down and abandoning module ClothingSystemRuntimeNv (150)
[2021.10.10-07.38.37:252][ 90]LogModuleManager: Shutting down and abandoning module MediaAssets (148)
[2021.10.10-07.38.37:252][ 90]LogModuleManager: Shutting down and abandoning module Overlay (146)
[2021.10.10-07.38.37:252][ 90]LogModuleManager: Shutting down and abandoning module FunctionalTesting (144)
[2021.10.10-07.38.37:252][ 90]LogModuleManager: Shutting down and abandoning module MessageLog (142)
[2021.10.10-07.38.37:252][ 90]LogModuleManager: Shutting down and abandoning module UMG (140)
[2021.10.10-07.38.37:252][ 90]LogModuleManager: Shutting down and abandoning module SlateReflector (138)
[2021.10.10-07.38.37:252][ 90]LogModuleManager: Shutting down and abandoning module Slate (136)
[2021.10.10-07.38.37:252][ 90]LogModuleManager: Shutting down and abandoning module SlateCore (134)
[2021.10.10-07.38.37:253][ 90]LogModuleManager: Shutting down and abandoning module MRMesh (132)
[2021.10.10-07.38.37:253][ 90]LogModuleManager: Shutting down and abandoning module Messaging (130)
[2021.10.10-07.38.37:253][ 90]LogModuleManager: Shutting down and abandoning module HeadMountedDisplay (128)
[2021.10.10-07.38.37:253][ 90]LogModuleManager: Shutting down and abandoning module XAudio2 (126)
[2021.10.10-07.38.37:253][ 90]LogModuleManager: Shutting down and abandoning module Networking (124)
[2021.10.10-07.38.37:253][ 90]LogModuleManager: Shutting down and abandoning module Core (122)
[2021.10.10-07.38.37:253][ 90]LogModuleManager: Shutting down and abandoning module FieldSystemEngine (120)
[2021.10.10-07.38.37:253][ 90]LogModuleManager: Shutting down and abandoning module ImageWrapper (116)
[2021.10.10-07.38.37:253][ 90]LogModuleManager: Shutting down and abandoning module D3D11RHI (114)
[2021.10.10-07.38.37:253][ 90]LogModuleManager: Shutting down and abandoning module InputCore (112)
[2021.10.10-07.38.37:253][ 90]LogModuleManager: Shutting down and abandoning module Settings (110)
[2021.10.10-07.38.37:253][ 90]LogModuleManager: Shutting down and abandoning module PhysXCooking (108)
[2021.10.10-07.38.37:253][ 90]LogModuleManager: Shutting down and abandoning module Chaos (106)
[2021.10.10-07.38.37:253][ 90]LogModuleManager: Shutting down and abandoning module WindowsPlatformFeatures (104)
[2021.10.10-07.38.37:253][ 90]LogModuleManager: Shutting down and abandoning module GameplayMediaEncoder (103)
[2021.10.10-07.38.37:253][ 90]LogModuleManager: Shutting down and abandoning module AVEncoder (102)
[2021.10.10-07.38.37:253][ 90]LogModuleManager: Shutting down and abandoning module SteamVRInputDevice (98)
[2021.10.10-07.38.37:253][ 90]LogModuleManager: Shutting down and abandoning module SteamVRInput (96)
[2021.10.10-07.38.37:253][ 90]LogModuleManager: Shutting down and abandoning module SteamVR (94)
[2021.10.10-07.38.37:253][ 90]LogHMD: Freeing OpenVRDLLHandle.
[2021.10.10-07.38.37:253][ 90]LogModuleManager: Shutting down and abandoning module OpenXRHandTracking (92)
[2021.10.10-07.38.37:253][ 90]LogSlate: Slate User Destroyed.  User Index 0, Is Virtual User: 0
[2021.10.10-07.38.37:253][ 90]LogModuleManager: Shutting down and abandoning module OpenXRAR (90)
[2021.10.10-07.38.37:253][ 90]LogModuleManager: Shutting down and abandoning module AugmentedReality (89)
[2021.10.10-07.38.37:253][ 90]LogModuleManager: Shutting down and abandoning module OpenXRHMD (86)
[2021.10.10-07.38.37:254][ 90]LogModuleManager: Shutting down and abandoning module OpenXREyeTracker (84)
[2021.10.10-07.38.37:254][ 90]LogModuleManager: Shutting down and abandoning module OculusHMD (82)
[2021.10.10-07.38.37:254][ 90]LogModuleManager: Shutting down and abandoning module ExampleDeviceProfileSelector (80)
[2021.10.10-07.38.37:254][ 90]LogModuleManager: Shutting down and abandoning module ChunkDownloader (78)
[2021.10.10-07.38.37:254][ 90]LogModuleManager: Shutting down and abandoning module LauncherChunkInstaller (76)
[2021.10.10-07.38.37:254][ 90]LogModuleManager: Shutting down and abandoning module OnlineSubsystem (72)
[2021.10.10-07.38.37:254][ 90]LogModuleManager: Shutting down and abandoning module HTTP (67)
[2021.10.10-07.38.37:254][ 90]LogHttp: Display: cleaning up 0 outstanding Http requests.
[2021.10.10-07.38.37:261][ 90]LogModuleManager: Shutting down and abandoning module SSL (66)
[2021.10.10-07.38.37:261][ 90]LogModuleManager: Shutting down and abandoning module WmfMedia (62)
[2021.10.10-07.38.37:262][ 90]LogModuleManager: Shutting down and abandoning module Media (61)
[2021.10.10-07.38.37:262][ 90]LogModuleManager: Shutting down and abandoning module MediaInfo (60)
[2021.10.10-07.38.37:262][ 90]LogModuleManager: Shutting down and abandoning module ExrReaderGpu (56)
[2021.10.10-07.38.37:262][ 90]LogModuleManager: Shutting down and abandoning module MLSDK (54)
[2021.10.10-07.38.37:263][ 90]LogModuleManager: Shutting down and abandoning module MagicLeap (52)
[2021.10.10-07.38.37:263][ 90]LogModuleManager: Shutting down and abandoning module NiagaraVertexFactories (50)
[2021.10.10-07.38.37:263][ 90]LogModuleManager: Shutting down and abandoning module NiagaraShader (48)
[2021.10.10-07.38.37:263][ 90]LogModuleManager: Shutting down and abandoning module ChaosCloth (46)
[2021.10.10-07.38.37:263][ 90]LogModuleManager: Shutting down and abandoning module VariantManagerContent (44)
[2021.10.10-07.38.37:263][ 90]LogModuleManager: Shutting down and abandoning module DatasmithContent (42)
[2021.10.10-07.38.37:263][ 90]LogModuleManager: Shutting down and abandoning module PixWinPlugin (40)
[2021.10.10-07.38.37:263][ 90]LogModuleManager: Shutting down and abandoning module AISupportModule (38)
[2021.10.10-07.38.37:263][ 90]LogModuleManager: Shutting down and abandoning module PlatformCryptoOpenSSL (36)
[2021.10.10-07.38.37:263][ 90]LogModuleManager: Shutting down and abandoning module PlatformCryptoTypes (34)
[2021.10.10-07.38.37:263][ 90]LogModuleManager: Shutting down and abandoning module PlatformCrypto (32)
[2021.10.10-07.38.37:263][ 90]LogModuleManager: Shutting down and abandoning module PythonScriptPluginPreload (30)
[2021.10.10-07.38.37:263][ 90]LogModuleManager: Shutting down and abandoning module OodleDataCompressionFormat (28)
[2021.10.10-07.38.37:263][ 90]LogModuleManager: Shutting down and abandoning module RenderCore (26)
[2021.10.10-07.38.37:263][ 90]LogModuleManager: Shutting down and abandoning module Landscape (24)
[2021.10.10-07.38.37:263][ 90]LogModuleManager: Shutting down and abandoning module SlateRHIRenderer (22)
[2021.10.10-07.38.37:263][ 90]LogModuleManager: Shutting down and abandoning module AnimGraphRuntime (20)
[2021.10.10-07.38.37:263][ 90]LogModuleManager: Shutting down and abandoning module Renderer (18)
[2021.10.10-07.38.37:263][ 90]LogModuleManager: Shutting down and abandoning module Engine (16)
[2021.10.10-07.38.37:263][ 90]LogModuleManager: Shutting down and abandoning module CoreUObject (14)
[2021.10.10-07.38.37:263][ 90]LogModuleManager: Shutting down and abandoning module NetworkFile (12)
[2021.10.10-07.38.37:263][ 90]LogModuleManager: Shutting down and abandoning module CookedIterativeFile (10)
[2021.10.10-07.38.37:263][ 90]LogModuleManager: Shutting down and abandoning module StreamingFile (8)
[2021.10.10-07.38.37:263][ 90]LogModuleManager: Shutting down and abandoning module SandboxFile (6)
[2021.10.10-07.38.37:263][ 90]LogModuleManager: Shutting down and abandoning module PakFile (4)
[2021.10.10-07.38.37:264][ 90]LogModuleManager: Shutting down and abandoning module RSA (3)
[2021.10.10-07.38.37:264][ 90]LogContentStreaming: Display: There are 1 unreleased StreamingManagers
[2021.10.10-07.38.37:265][ 90]LogD3D11RHI: Shutdown
[2021.10.10-07.38.37:265][ 90]LogD3D11RHI: CleanupD3DDevice
[2021.10.10-07.38.37:271][ 90]LogExit: Exiting.
[2021.10.10-07.38.37:283][ 90]Log file closed, 10/10/21 16:38:37
